[ 2018-12-01T09:05:49+08:00 ] ::1 /ruopusuye/
INFO: [ app_init ] --START--
INFO: Run Behavior\BuildLiteBehavior [ RunTime:0.000031s ]
INFO: [ app_init ] --END-- [ RunTime:0.002572s ]
INFO: [ app_begin ] --START--
INFO: Run Behavior\ReadHtmlCacheBehavior [ RunTime:0.001426s ]
INFO: [ app_begin ] --END-- [ RunTime:0.001489s ]
INFO: [ view_parse ] --START--
INFO: [ template_filter ] --START--
INFO: Run Behavior\ContentReplaceBehavior [ RunTime:0.000675s ]
INFO: [ template_filter ] --END-- [ RunTime:0.000832s ]
INFO: Run Behavior\ParseTemplateBehavior [ RunTime:0.127513s ]
INFO: [ view_parse ] --END-- [ RunTime:0.127637s ]
INFO: [ view_filter ] --START--
INFO: Run Behavior\WriteHtmlCacheBehavior [ RunTime:0.036427s ]
INFO: [ view_filter ] --END-- [ RunTime:0.036506s ]
INFO: [ app_end ] --START--
INFO: Run Behavior\ShowPageTraceBehavior [ RunTime:0.002913s ]
INFO: [ app_end ] --END-- [ RunTime:0.003010s ]

[ 2018-12-01T09:07:00+08:00 ] ::1 /ruopusuye/home
INFO: [ app_init ] --START--
INFO: Run Behavior\BuildLiteBehavior [ RunTime:0.000012s ]
INFO: [ app_init ] --END-- [ RunTime:0.000493s ]
INFO: [ app_begin ] --START--
INFO: Run Behavior\ReadHtmlCacheBehavior [ RunTime:0.000737s ]
INFO: [ app_begin ] --END-- [ RunTime:0.000780s ]
INFO: [ view_parse ] --START--
INFO: [ template_filter ] --START--
INFO: Run Behavior\ContentReplaceBehavior [ RunTime:0.000077s ]
INFO: [ template_filter ] --END-- [ RunTime:0.000120s ]
INFO: Run Behavior\ParseTemplateBehavior [ RunTime:0.008780s ]
INFO: [ view_parse ] --END-- [ RunTime:0.008858s ]
INFO: [ view_filter ] --START--
INFO: Run Behavior\WriteHtmlCacheBehavior [ RunTime:0.000883s ]
INFO: [ view_filter ] --END-- [ RunTime:0.000936s ]
INFO: [ app_end ] --START--
INFO: Run Behavior\ShowPageTraceBehavior [ RunTime:0.001267s ]
INFO: [ app_end ] --END-- [ RunTime:0.001330s ]

[ 2018-12-01T09:07:10+08:00 ] ::1 /ruopusuye/home/index/about
INFO: [ app_init ] --START--
INFO: Run Behavior\BuildLiteBehavior [ RunTime:0.000013s ]
INFO: [ app_init ] --END-- [ RunTime:0.000489s ]
INFO: [ app_begin ] --START--
INFO: Run Behavior\ReadHtmlCacheBehavior [ RunTime:0.000739s ]
INFO: [ app_begin ] --END-- [ RunTime:0.000834s ]
SQL: SHOW COLUMNS FROM `rp_content` [ RunTime:0.0286s ]
SQL: SHOW COLUMNS FROM `rp_file` [ RunTime:0.0264s ]
SQL: SHOW COLUMNS FROM `rp_partner` [ RunTime:0.0257s ]
SQL: SHOW COLUMNS FROM `rp_file` [ RunTime:0.0257s ]
SQL: SELECT * FROM `rp_file` WHERE ( state=1 )  [ RunTime:0.0266s ]
SQL: SELECT * FROM `rp_file` WHERE ( state=3 )  [ RunTime:0.0318s ]
SQL: SHOW COLUMNS FROM `rp_content` [ RunTime:0.0353s ]
SQL: SELECT * FROM `rp_content` WHERE ( id=1 ) LIMIT 1   [ RunTime:0.0291s ]
SQL: SELECT * FROM `rp_content` WHERE ( id=3 ) LIMIT 1   [ RunTime:0.0276s ]
SQL: SHOW COLUMNS FROM `rp_partner` [ RunTime:0.0271s ]
SQL: SELECT * FROM `rp_partner`  [ RunTime:0.0236s ]
INFO: [ view_parse ] --START--
INFO: [ template_filter ] --START--
INFO: Run Behavior\ContentReplaceBehavior [ RunTime:0.000199s ]
INFO: [ template_filter ] --END-- [ RunTime:0.000299s ]
NOTIC: [8] Use of undefined constant k - assumed 'k' D:\phpStudy\PHPTutorial\WWW\ruopusuye\Application\Runtime\Cache\Home\09ccd45952ce225a1a2986a81cc5705c.php 第 122 行.
NOTIC: [8] Use of undefined constant k - assumed 'k' D:\phpStudy\PHPTutorial\WWW\ruopusuye\Application\Runtime\Cache\Home\09ccd45952ce225a1a2986a81cc5705c.php 第 122 行.
NOTIC: [8] Use of undefined constant k - assumed 'k' D:\phpStudy\PHPTutorial\WWW\ruopusuye\Application\Runtime\Cache\Home\09ccd45952ce225a1a2986a81cc5705c.php 第 122 行.
NOTIC: [8] Use of undefined constant k - assumed 'k' D:\phpStudy\PHPTutorial\WWW\ruopusuye\Application\Runtime\Cache\Home\09ccd45952ce225a1a2986a81cc5705c.php 第 122 行.
INFO: Run Behavior\ParseTemplateBehavior [ RunTime:0.087610s ]
INFO: [ view_parse ] --END-- [ RunTime:0.087733s ]
INFO: [ view_filter ] --START--
INFO: Run Behavior\WriteHtmlCacheBehavior [ RunTime:0.001733s ]
INFO: [ view_filter ] --END-- [ RunTime:0.001822s ]
INFO: [ app_end ] --START--
INFO: Run Behavior\ShowPageTraceBehavior [ RunTime:0.003186s ]
INFO: [ app_end ] --END-- [ RunTime:0.003352s ]

[ 2018-12-01T09:09:28+08:00 ] ::1 /ruopusuye/home/index/about
INFO: [ app_init ] --START--
INFO: Run Behavior\BuildLiteBehavior [ RunTime:0.000014s ]
INFO: [ app_init ] --END-- [ RunTime:0.000549s ]
INFO: [ app_begin ] --START--
INFO: Run Behavior\ReadHtmlCacheBehavior [ RunTime:0.000746s ]
INFO: [ app_begin ] --END-- [ RunTime:0.000797s ]
SQL: SHOW COLUMNS FROM `rp_content` [ RunTime:0.0264s ]
SQL: SHOW COLUMNS FROM `rp_file` [ RunTime:0.0257s ]
SQL: SHOW COLUMNS FROM `rp_partner` [ RunTime:0.0237s ]
SQL: SHOW COLUMNS FROM `rp_file` [ RunTime:0.0248s ]
SQL: SELECT * FROM `rp_file` WHERE ( state=1 )  [ RunTime:0.0239s ]
SQL: SELECT * FROM `rp_file` WHERE ( state=3 )  [ RunTime:0.0225s ]
SQL: SHOW COLUMNS FROM `rp_content` [ RunTime:0.0241s ]
SQL: SELECT * FROM `rp_content` WHERE ( id=1 ) LIMIT 1   [ RunTime:0.0264s ]
SQL: SELECT * FROM `rp_content` WHERE ( id=3 ) LIMIT 1   [ RunTime:0.0237s ]
SQL: SHOW COLUMNS FROM `rp_partner` [ RunTime:0.0243s ]
SQL: SELECT * FROM `rp_partner`  [ RunTime:0.0219s ]
INFO: [ view_parse ] --START--
INFO: [ template_filter ] --START--
INFO: Run Behavior\ContentReplaceBehavior [ RunTime:0.000277s ]
INFO: [ template_filter ] --END-- [ RunTime:0.000421s ]
NOTIC: [8] Use of undefined constant k - assumed 'k' D:\phpStudy\PHPTutorial\WWW\ruopusuye\Application\Runtime\Cache\Home\09ccd45952ce225a1a2986a81cc5705c.php 第 122 行.
NOTIC: [8] Use of undefined constant k - assumed 'k' D:\phpStudy\PHPTutorial\WWW\ruopusuye\Application\Runtime\Cache\Home\09ccd45952ce225a1a2986a81cc5705c.php 第 122 行.
NOTIC: [8] Use of undefined constant k - assumed 'k' D:\phpStudy\PHPTutorial\WWW\ruopusuye\Application\Runtime\Cache\Home\09ccd45952ce225a1a2986a81cc5705c.php 第 122 行.
NOTIC: [8] Use of undefined constant k - assumed 'k' D:\phpStudy\PHPTutorial\WWW\ruopusuye\Application\Runtime\Cache\Home\09ccd45952ce225a1a2986a81cc5705c.php 第 122 行.
INFO: Run Behavior\ParseTemplateBehavior [ RunTime:0.027118s ]
INFO: [ view_parse ] --END-- [ RunTime:0.027246s ]
INFO: [ view_filter ] --START--
INFO: Run Behavior\WriteHtmlCacheBehavior [ RunTime:0.001986s ]
INFO: [ view_filter ] --END-- [ RunTime:0.002084s ]
INFO: [ app_end ] --START--
INFO: Run Behavior\ShowPageTraceBehavior [ RunTime:0.003107s ]
INFO: [ app_end ] --END-- [ RunTime:0.003283s ]

[ 2018-12-01T09:09:31+08:00 ] ::1 /ruopusuye/home/index/about
INFO: [ app_init ] --START--
INFO: Run Behavior\BuildLiteBehavior [ RunTime:0.000016s ]
INFO: [ app_init ] --END-- [ RunTime:0.000628s ]
INFO: [ app_begin ] --START--
INFO: Run Behavior\ReadHtmlCacheBehavior [ RunTime:0.000646s ]
INFO: [ app_begin ] --END-- [ RunTime:0.000723s ]
SQL: SHOW COLUMNS FROM `rp_content` [ RunTime:0.0293s ]
SQL: SHOW COLUMNS FROM `rp_file` [ RunTime:0.0301s ]
SQL: SHOW COLUMNS FROM `rp_partner` [ RunTime:0.0293s ]
SQL: SHOW COLUMNS FROM `rp_file` [ RunTime:0.0286s ]
SQL: SELECT * FROM `rp_file` WHERE ( state=1 )  [ RunTime:0.0289s ]
SQL: SELECT * FROM `rp_file` WHERE ( state=3 )  [ RunTime:0.0276s ]
SQL: SHOW COLUMNS FROM `rp_content` [ RunTime:0.0288s ]
SQL: SELECT * FROM `rp_content` WHERE ( id=1 ) LIMIT 1   [ RunTime:0.0300s ]
SQL: SELECT * FROM `rp_content` WHERE ( id=3 ) LIMIT 1   [ RunTime:0.0299s ]
SQL: SHOW COLUMNS FROM `rp_partner` [ RunTime:0.0371s ]
SQL: SELECT * FROM `rp_partner`  [ RunTime:0.0354s ]
INFO: [ view_parse ] --START--
INFO: [ template_filter ] --START--
INFO: Run Behavior\ContentReplaceBehavior [ RunTime:0.000199s ]
INFO: [ template_filter ] --END-- [ RunTime:0.000325s ]
NOTIC: [8] Use of undefined constant k - assumed 'k' D:\phpStudy\PHPTutorial\WWW\ruopusuye\Application\Runtime\Cache\Home\09ccd45952ce225a1a2986a81cc5705c.php 第 122 行.
NOTIC: [8] Use of undefined constant k - assumed 'k' D:\phpStudy\PHPTutorial\WWW\ruopusuye\Application\Runtime\Cache\Home\09ccd45952ce225a1a2986a81cc5705c.php 第 122 行.
NOTIC: [8] Use of undefined constant k - assumed 'k' D:\phpStudy\PHPTutorial\WWW\ruopusuye\Application\Runtime\Cache\Home\09ccd45952ce225a1a2986a81cc5705c.php 第 122 行.
NOTIC: [8] Use of undefined constant k - assumed 'k' D:\phpStudy\PHPTutorial\WWW\ruopusuye\Application\Runtime\Cache\Home\09ccd45952ce225a1a2986a81cc5705c.php 第 122 行.
INFO: Run Behavior\ParseTemplateBehavior [ RunTime:0.027553s ]
INFO: [ view_parse ] --END-- [ RunTime:0.027672s ]
INFO: [ view_filter ] --START--
INFO: Run Behavior\WriteHtmlCacheBehavior [ RunTime:0.001628s ]
INFO: [ view_filter ] --END-- [ RunTime:0.001715s ]
INFO: [ app_end ] --START--
INFO: Run Behavior\ShowPageTraceBehavior [ RunTime:0.001804s ]
INFO: [ app_end ] --END-- [ RunTime:0.001912s ]

[ 2018-12-01T09:10:15+08:00 ] ::1 /ruopusuye/home/index/about
INFO: [ app_init ] --START--
INFO: Run Behavior\BuildLiteBehavior [ RunTime:0.000011s ]
INFO: [ app_init ] --END-- [ RunTime:0.000500s ]
INFO: [ app_begin ] --START--
INFO: Run Behavior\ReadHtmlCacheBehavior [ RunTime:0.000828s ]
INFO: [ app_begin ] --END-- [ RunTime:0.000873s ]
SQL: SHOW COLUMNS FROM `rp_content` [ RunTime:0.0300s ]
SQL: SHOW COLUMNS FROM `rp_file` [ RunTime:0.0297s ]
SQL: SHOW COLUMNS FROM `rp_partner` [ RunTime:0.0324s ]
SQL: SHOW COLUMNS FROM `rp_file` [ RunTime:0.0325s ]
SQL: SELECT * FROM `rp_file` WHERE ( state=1 )  [ RunTime:0.0319s ]
SQL: SELECT * FROM `rp_file` WHERE ( state=3 )  [ RunTime:0.0294s ]
SQL: SHOW COLUMNS FROM `rp_content` [ RunTime:0.0297s ]
SQL: SELECT * FROM `rp_content` WHERE ( id=1 ) LIMIT 1   [ RunTime:0.0281s ]
SQL: SELECT * FROM `rp_content` WHERE ( id=3 ) LIMIT 1   [ RunTime:0.0274s ]
SQL: SHOW COLUMNS FROM `rp_partner` [ RunTime:0.0292s ]
SQL: SELECT * FROM `rp_partner`  [ RunTime:0.0365s ]
INFO: [ view_parse ] --START--
INFO: [ template_filter ] --START--
INFO: Run Behavior\ContentReplaceBehavior [ RunTime:0.000129s ]
INFO: [ template_filter ] --END-- [ RunTime:0.000198s ]
NOTIC: [8] Use of undefined constant k - assumed 'k' D:\phpStudy\PHPTutorial\WWW\ruopusuye\Application\Runtime\Cache\Home\09ccd45952ce225a1a2986a81cc5705c.php 第 122 行.
NOTIC: [8] Use of undefined constant k - assumed 'k' D:\phpStudy\PHPTutorial\WWW\ruopusuye\Application\Runtime\Cache\Home\09ccd45952ce225a1a2986a81cc5705c.php 第 122 行.
NOTIC: [8] Use of undefined constant k - assumed 'k' D:\phpStudy\PHPTutorial\WWW\ruopusuye\Application\Runtime\Cache\Home\09ccd45952ce225a1a2986a81cc5705c.php 第 122 行.
NOTIC: [8] Use of undefined constant k - assumed 'k' D:\phpStudy\PHPTutorial\WWW\ruopusuye\Application\Runtime\Cache\Home\09ccd45952ce225a1a2986a81cc5705c.php 第 122 行.
INFO: Run Behavior\ParseTemplateBehavior [ RunTime:0.024979s ]
INFO: [ view_parse ] --END-- [ RunTime:0.025083s ]
INFO: [ view_filter ] --START--
INFO: Run Behavior\WriteHtmlCacheBehavior [ RunTime:0.001613s ]
INFO: [ view_filter ] --END-- [ RunTime:0.001676s ]
INFO: [ app_end ] --START--
INFO: Run Behavior\ShowPageTraceBehavior [ RunTime:0.002256s ]
INFO: [ app_end ] --END-- [ RunTime:0.002361s ]

[ 2018-12-01T09:12:06+08:00 ] ::1 /ruopusuye/home/index/about
INFO: [ app_init ] --START--
INFO: Run Behavior\BuildLiteBehavior [ RunTime:0.000012s ]
INFO: [ app_init ] --END-- [ RunTime:0.000539s ]
INFO: [ app_begin ] --START--
INFO: Run Behavior\ReadHtmlCacheBehavior [ RunTime:0.001046s ]
INFO: [ app_begin ] --END-- [ RunTime:0.001123s ]
SQL: SHOW COLUMNS FROM `rp_content` [ RunTime:0.0257s ]
SQL: SHOW COLUMNS FROM `rp_file` [ RunTime:0.0261s ]
SQL: SHOW COLUMNS FROM `rp_partner` [ RunTime:0.0260s ]
SQL: SHOW COLUMNS FROM `rp_file` [ RunTime:0.0263s ]
SQL: SELECT * FROM `rp_file` WHERE ( state=1 )  [ RunTime:0.0308s ]
SQL: SELECT * FROM `rp_file` WHERE ( state=3 )  [ RunTime:0.0235s ]
SQL: SHOW COLUMNS FROM `rp_content` [ RunTime:0.0258s ]
SQL: SELECT * FROM `rp_content` WHERE ( id=1 ) LIMIT 1   [ RunTime:0.0247s ]
SQL: SELECT * FROM `rp_content` WHERE ( id=3 ) LIMIT 1   [ RunTime:0.0243s ]
SQL: SHOW COLUMNS FROM `rp_partner` [ RunTime:0.0256s ]
SQL: SELECT * FROM `rp_partner`  [ RunTime:0.0243s ]
INFO: [ view_parse ] --START--
INFO: [ template_filter ] --START--
INFO: Run Behavior\ContentReplaceBehavior [ RunTime:0.000326s ]
INFO: [ template_filter ] --END-- [ RunTime:0.000481s ]
NOTIC: [8] Use of undefined constant k - assumed 'k' D:\phpStudy\PHPTutorial\WWW\ruopusuye\Application\Runtime\Cache\Home\09ccd45952ce225a1a2986a81cc5705c.php 第 122 行.
NOTIC: [8] Use of undefined constant k - assumed 'k' D:\phpStudy\PHPTutorial\WWW\ruopusuye\Application\Runtime\Cache\Home\09ccd45952ce225a1a2986a81cc5705c.php 第 122 行.
NOTIC: [8] Use of undefined constant k - assumed 'k' D:\phpStudy\PHPTutorial\WWW\ruopusuye\Application\Runtime\Cache\Home\09ccd45952ce225a1a2986a81cc5705c.php 第 122 行.
NOTIC: [8] Use of undefined constant k - assumed 'k' D:\phpStudy\PHPTutorial\WWW\ruopusuye\Application\Runtime\Cache\Home\09ccd45952ce225a1a2986a81cc5705c.php 第 122 行.
INFO: Run Behavior\ParseTemplateBehavior [ RunTime:0.031556s ]
INFO: [ view_parse ] --END-- [ RunTime:0.031703s ]
INFO: [ view_filter ] --START--
INFO: Run Behavior\WriteHtmlCacheBehavior [ RunTime:0.001585s ]
INFO: [ view_filter ] --END-- [ RunTime:0.001670s ]
INFO: [ app_end ] --START--
INFO: Run Behavior\ShowPageTraceBehavior [ RunTime:0.006451s ]
INFO: [ app_end ] --END-- [ RunTime:0.006647s ]

[ 2018-12-01T09:12:09+08:00 ] ::1 /ruopusuye/home/index/about
INFO: [ app_init ] --START--
INFO: Run Behavior\BuildLiteBehavior [ RunTime:0.000013s ]
INFO: [ app_init ] --END-- [ RunTime:0.000575s ]
INFO: [ app_begin ] --START--
INFO: Run Behavior\ReadHtmlCacheBehavior [ RunTime:0.000938s ]
INFO: [ app_begin ] --END-- [ RunTime:0.001012s ]
SQL: SHOW COLUMNS FROM `rp_content` [ RunTime:0.0283s ]
SQL: SHOW COLUMNS FROM `rp_file` [ RunTime:0.0281s ]
SQL: SHOW COLUMNS FROM `rp_partner` [ RunTime:0.0290s ]
SQL: SHOW COLUMNS FROM `rp_file` [ RunTime:0.0279s ]
SQL: SELECT * FROM `rp_file` WHERE ( state=1 )  [ RunTime:0.0297s ]
SQL: SELECT * FROM `rp_file` WHERE ( state=3 )  [ RunTime:0.0279s ]
SQL: SHOW COLUMNS FROM `rp_content` [ RunTime:0.0288s ]
SQL: SELECT * FROM `rp_content` WHERE ( id=1 ) LIMIT 1   [ RunTime:0.0274s ]
SQL: SELECT * FROM `rp_content` WHERE ( id=3 ) LIMIT 1   [ RunTime:0.0345s ]
SQL: SHOW COLUMNS FROM `rp_partner` [ RunTime:0.0316s ]
SQL: SELECT * FROM `rp_partner`  [ RunTime:0.0272s ]
INFO: [ view_parse ] --START--
INFO: [ template_filter ] --START--
INFO: Run Behavior\ContentReplaceBehavior [ RunTime:0.000070s ]
INFO: [ template_filter ] --END-- [ RunTime:0.000108s ]
NOTIC: [8] Use of undefined constant k - assumed 'k' D:\phpStudy\PHPTutorial\WWW\ruopusuye\Application\Runtime\Cache\Home\09ccd45952ce225a1a2986a81cc5705c.php 第 122 行.
NOTIC: [8] Use of undefined constant k - assumed 'k' D:\phpStudy\PHPTutorial\WWW\ruopusuye\Application\Runtime\Cache\Home\09ccd45952ce225a1a2986a81cc5705c.php 第 122 行.
NOTIC: [8] Use of undefined constant k - assumed 'k' D:\phpStudy\PHPTutorial\WWW\ruopusuye\Application\Runtime\Cache\Home\09ccd45952ce225a1a2986a81cc5705c.php 第 122 行.
NOTIC: [8] Use of undefined constant k - assumed 'k' D:\phpStudy\PHPTutorial\WWW\ruopusuye\Application\Runtime\Cache\Home\09ccd45952ce225a1a2986a81cc5705c.php 第 122 行.
INFO: Run Behavior\ParseTemplateBehavior [ RunTime:0.008858s ]
INFO: [ view_parse ] --END-- [ RunTime:0.008897s ]
INFO: [ view_filter ] --START--
INFO: Run Behavior\WriteHtmlCacheBehavior [ RunTime:0.000556s ]
INFO: [ view_filter ] --END-- [ RunTime:0.000585s ]
INFO: [ app_end ] --START--
INFO: Run Behavior\ShowPageTraceBehavior [ RunTime:0.001107s ]
INFO: [ app_end ] --END-- [ RunTime:0.001169s ]

[ 2018-12-01T09:12:16+08:00 ] ::1 /ruopusuye/home/index/about
INFO: [ app_init ] --START--
INFO: Run Behavior\BuildLiteBehavior [ RunTime:0.000014s ]
INFO: [ app_init ] --END-- [ RunTime:0.000649s ]
INFO: [ app_begin ] --START--
INFO: Run Behavior\ReadHtmlCacheBehavior [ RunTime:0.000840s ]
INFO: [ app_begin ] --END-- [ RunTime:0.000886s ]
SQL: SHOW COLUMNS FROM `rp_content` [ RunTime:0.0272s ]
SQL: SHOW COLUMNS FROM `rp_file` [ RunTime:0.0408s ]
SQL: SHOW COLUMNS FROM `rp_partner` [ RunTime:0.0276s ]
SQL: SHOW COLUMNS FROM `rp_file` [ RunTime:0.0313s ]
SQL: SELECT * FROM `rp_file` WHERE ( state=1 )  [ RunTime:0.0344s ]
SQL: SELECT * FROM `rp_file` WHERE ( state=3 )  [ RunTime:0.0297s ]
SQL: SHOW COLUMNS FROM `rp_content` [ RunTime:0.0276s ]
SQL: SELECT * FROM `rp_content` WHERE ( id=1 ) LIMIT 1   [ RunTime:0.0264s ]
SQL: SELECT * FROM `rp_content` WHERE ( id=3 ) LIMIT 1   [ RunTime:0.0258s ]
SQL: SHOW COLUMNS FROM `rp_partner` [ RunTime:0.0273s ]
SQL: SELECT * FROM `rp_partner`  [ RunTime:0.0258s ]
INFO: [ view_parse ] --START--
INFO: [ template_filter ] --START--
INFO: Run Behavior\ContentReplaceBehavior [ RunTime:0.000090s ]
INFO: [ template_filter ] --END-- [ RunTime:0.000159s ]
NOTIC: [8] Use of undefined constant k - assumed 'k' D:\phpStudy\PHPTutorial\WWW\ruopusuye\Application\Runtime\Cache\Home\09ccd45952ce225a1a2986a81cc5705c.php 第 122 行.
NOTIC: [8] Use of undefined constant k - assumed 'k' D:\phpStudy\PHPTutorial\WWW\ruopusuye\Application\Runtime\Cache\Home\09ccd45952ce225a1a2986a81cc5705c.php 第 122 行.
NOTIC: [8] Use of undefined constant k - assumed 'k' D:\phpStudy\PHPTutorial\WWW\ruopusuye\Application\Runtime\Cache\Home\09ccd45952ce225a1a2986a81cc5705c.php 第 122 行.
NOTIC: [8] Use of undefined constant k - assumed 'k' D:\phpStudy\PHPTutorial\WWW\ruopusuye\Application\Runtime\Cache\Home\09ccd45952ce225a1a2986a81cc5705c.php 第 122 行.
INFO: Run Behavior\ParseTemplateBehavior [ RunTime:0.011861s ]
INFO: [ view_parse ] --END-- [ RunTime:0.011946s ]
INFO: [ view_filter ] --START--
INFO: Run Behavior\WriteHtmlCacheBehavior [ RunTime:0.000663s ]
INFO: [ view_filter ] --END-- [ RunTime:0.000705s ]
INFO: [ app_end ] --START--
INFO: Run Behavior\ShowPageTraceBehavior [ RunTime:0.001450s ]
INFO: [ app_end ] --END-- [ RunTime:0.001524s ]

[ 2018-12-01T09:12:25+08:00 ] ::1 /ruopusuye/home/index/about
INFO: [ app_init ] --START--
INFO: Run Behavior\BuildLiteBehavior [ RunTime:0.000015s ]
INFO: [ app_init ] --END-- [ RunTime:0.000553s ]
INFO: [ app_begin ] --START--
INFO: Run Behavior\ReadHtmlCacheBehavior [ RunTime:0.000836s ]
INFO: [ app_begin ] --END-- [ RunTime:0.000880s ]
SQL: SHOW COLUMNS FROM `rp_content` [ RunTime:0.0457s ]
SQL: SHOW COLUMNS FROM `rp_file` [ RunTime:0.0320s ]
SQL: SHOW COLUMNS FROM `rp_partner` [ RunTime:0.0306s ]
SQL: SHOW COLUMNS FROM `rp_file` [ RunTime:0.0307s ]
SQL: SELECT * FROM `rp_file` WHERE ( state=1 )  [ RunTime:0.0305s ]
SQL: SELECT * FROM `rp_file` WHERE ( state=3 )  [ RunTime:0.0300s ]
SQL: SHOW COLUMNS FROM `rp_content` [ RunTime:0.0317s ]
SQL: SELECT * FROM `rp_content` WHERE ( id=1 ) LIMIT 1   [ RunTime:0.0288s ]
SQL: SELECT * FROM `rp_content` WHERE ( id=3 ) LIMIT 1   [ RunTime:0.0288s ]
SQL: SHOW COLUMNS FROM `rp_partner` [ RunTime:0.0301s ]
SQL: SELECT * FROM `rp_partner`  [ RunTime:0.0275s ]
INFO: [ view_parse ] --START--
INFO: [ template_filter ] --START--
INFO: Run Behavior\ContentReplaceBehavior [ RunTime:0.000199s ]
INFO: [ template_filter ] --END-- [ RunTime:0.000315s ]
NOTIC: [8] Use of undefined constant k - assumed 'k' D:\phpStudy\PHPTutorial\WWW\ruopusuye\Application\Runtime\Cache\Home\09ccd45952ce225a1a2986a81cc5705c.php 第 122 行.
NOTIC: [8] Use of undefined constant k - assumed 'k' D:\phpStudy\PHPTutorial\WWW\ruopusuye\Application\Runtime\Cache\Home\09ccd45952ce225a1a2986a81cc5705c.php 第 122 行.
NOTIC: [8] Use of undefined constant k - assumed 'k' D:\phpStudy\PHPTutorial\WWW\ruopusuye\Application\Runtime\Cache\Home\09ccd45952ce225a1a2986a81cc5705c.php 第 122 行.
NOTIC: [8] Use of undefined constant k - assumed 'k' D:\phpStudy\PHPTutorial\WWW\ruopusuye\Application\Runtime\Cache\Home\09ccd45952ce225a1a2986a81cc5705c.php 第 122 行.
INFO: Run Behavior\ParseTemplateBehavior [ RunTime:0.030594s ]
INFO: [ view_parse ] --END-- [ RunTime:0.030761s ]
INFO: [ view_filter ] --START--
INFO: Run Behavior\WriteHtmlCacheBehavior [ RunTime:0.002495s ]
INFO: [ view_filter ] --END-- [ RunTime:0.002581s ]
INFO: [ app_end ] --START--
INFO: Run Behavior\ShowPageTraceBehavior [ RunTime:0.001781s ]
INFO: [ app_end ] --END-- [ RunTime:0.001868s ]

[ 2018-12-01T09:13:48+08:00 ] ::1 /ruopusuye/home/index/about
INFO: [ app_init ] --START--
INFO: Run Behavior\BuildLiteBehavior [ RunTime:0.000013s ]
INFO: [ app_init ] --END-- [ RunTime:0.000554s ]
INFO: [ app_begin ] --START--
INFO: Run Behavior\ReadHtmlCacheBehavior [ RunTime:0.000838s ]
INFO: [ app_begin ] --END-- [ RunTime:0.000901s ]
SQL: SHOW COLUMNS FROM `rp_content` [ RunTime:0.0254s ]
SQL: SHOW COLUMNS FROM `rp_file` [ RunTime:0.0263s ]
SQL: SHOW COLUMNS FROM `rp_partner` [ RunTime:0.0251s ]
SQL: SHOW COLUMNS FROM `rp_file` [ RunTime:0.0260s ]
SQL: SELECT * FROM `rp_file` WHERE ( state=1 )  [ RunTime:0.0241s ]
SQL: SELECT * FROM `rp_file` WHERE ( state=3 )  [ RunTime:0.0262s ]
SQL: SHOW COLUMNS FROM `rp_content` [ RunTime:0.0251s ]
SQL: SELECT * FROM `rp_content` WHERE ( id=1 ) LIMIT 1   [ RunTime:0.0235s ]
SQL: SELECT * FROM `rp_content` WHERE ( id=3 ) LIMIT 1   [ RunTime:0.0259s ]
SQL: SHOW COLUMNS FROM `rp_partner` [ RunTime:0.0247s ]
SQL: SELECT * FROM `rp_partner`  [ RunTime:0.0243s ]
INFO: [ view_parse ] --START--
INFO: [ template_filter ] --START--
INFO: Run Behavior\ContentReplaceBehavior [ RunTime:0.000187s ]
INFO: [ template_filter ] --END-- [ RunTime:0.000283s ]
NOTIC: [8] Use of undefined constant k - assumed 'k' D:\phpStudy\PHPTutorial\WWW\ruopusuye\Application\Runtime\Cache\Home\09ccd45952ce225a1a2986a81cc5705c.php 第 122 行.
NOTIC: [8] Use of undefined constant k - assumed 'k' D:\phpStudy\PHPTutorial\WWW\ruopusuye\Application\Runtime\Cache\Home\09ccd45952ce225a1a2986a81cc5705c.php 第 122 行.
NOTIC: [8] Use of undefined constant k - assumed 'k' D:\phpStudy\PHPTutorial\WWW\ruopusuye\Application\Runtime\Cache\Home\09ccd45952ce225a1a2986a81cc5705c.php 第 122 行.
NOTIC: [8] Use of undefined constant k - assumed 'k' D:\phpStudy\PHPTutorial\WWW\ruopusuye\Application\Runtime\Cache\Home\09ccd45952ce225a1a2986a81cc5705c.php 第 122 行.
INFO: Run Behavior\ParseTemplateBehavior [ RunTime:0.025217s ]
INFO: [ view_parse ] --END-- [ RunTime:0.025366s ]
INFO: [ view_filter ] --START--
INFO: Run Behavior\WriteHtmlCacheBehavior [ RunTime:0.001950s ]
INFO: [ view_filter ] --END-- [ RunTime:0.002030s ]
INFO: [ app_end ] --START--
INFO: Run Behavior\ShowPageTraceBehavior [ RunTime:0.002147s ]
INFO: [ app_end ] --END-- [ RunTime:0.002277s ]

[ 2018-12-01T09:14:07+08:00 ] ::1 /ruopusuye/home/index/about
INFO: [ app_init ] --START--
INFO: Run Behavior\BuildLiteBehavior [ RunTime:0.000019s ]
INFO: [ app_init ] --END-- [ RunTime:0.000721s ]
INFO: [ app_begin ] --START--
INFO: Run Behavior\ReadHtmlCacheBehavior [ RunTime:0.000748s ]
INFO: [ app_begin ] --END-- [ RunTime:0.000795s ]
SQL: SHOW COLUMNS FROM `rp_content` [ RunTime:0.0275s ]
SQL: SHOW COLUMNS FROM `rp_file` [ RunTime:0.0235s ]
SQL: SHOW COLUMNS FROM `rp_partner` [ RunTime:0.0239s ]
SQL: SHOW COLUMNS FROM `rp_file` [ RunTime:0.0676s ]
SQL: SELECT * FROM `rp_file` WHERE ( state=1 )  [ RunTime:0.0227s ]
SQL: SELECT * FROM `rp_file` WHERE ( state=3 )  [ RunTime:0.0226s ]
SQL: SHOW COLUMNS FROM `rp_content` [ RunTime:0.0237s ]
SQL: SELECT * FROM `rp_content` WHERE ( id=1 ) LIMIT 1   [ RunTime:0.0222s ]
SQL: SELECT * FROM `rp_content` WHERE ( id=3 ) LIMIT 1   [ RunTime:0.0214s ]
SQL: SHOW COLUMNS FROM `rp_partner` [ RunTime:0.0240s ]
SQL: SELECT * FROM `rp_partner`  [ RunTime:0.0216s ]
INFO: [ view_parse ] --START--
INFO: [ template_filter ] --START--
INFO: Run Behavior\ContentReplaceBehavior [ RunTime:0.000132s ]
INFO: [ template_filter ] --END-- [ RunTime:0.000196s ]
NOTIC: [8] Use of undefined constant k - assumed 'k' D:\phpStudy\PHPTutorial\WWW\ruopusuye\Application\Runtime\Cache\Home\09ccd45952ce225a1a2986a81cc5705c.php 第 122 行.
NOTIC: [8] Use of undefined constant k - assumed 'k' D:\phpStudy\PHPTutorial\WWW\ruopusuye\Application\Runtime\Cache\Home\09ccd45952ce225a1a2986a81cc5705c.php 第 122 行.
NOTIC: [8] Use of undefined constant k - assumed 'k' D:\phpStudy\PHPTutorial\WWW\ruopusuye\Application\Runtime\Cache\Home\09ccd45952ce225a1a2986a81cc5705c.php 第 122 行.
NOTIC: [8] Use of undefined constant k - assumed 'k' D:\phpStudy\PHPTutorial\WWW\ruopusuye\Application\Runtime\Cache\Home\09ccd45952ce225a1a2986a81cc5705c.php 第 122 行.
INFO: Run Behavior\ParseTemplateBehavior [ RunTime:0.026171s ]
INFO: [ view_parse ] --END-- [ RunTime:0.026297s ]
INFO: [ view_filter ] --START--
INFO: Run Behavior\WriteHtmlCacheBehavior [ RunTime:0.001101s ]
INFO: [ view_filter ] --END-- [ RunTime:0.001179s ]
INFO: [ app_end ] --START--
INFO: Run Behavior\ShowPageTraceBehavior [ RunTime:0.001727s ]
INFO: [ app_end ] --END-- [ RunTime:0.001840s ]

[ 2018-12-01T09:14:18+08:00 ] ::1 /ruopusuye/home/index/about
INFO: [ app_init ] --START--
INFO: Run Behavior\BuildLiteBehavior [ RunTime:0.000011s ]
INFO: [ app_init ] --END-- [ RunTime:0.000487s ]
INFO: [ app_begin ] --START--
INFO: Run Behavior\ReadHtmlCacheBehavior [ RunTime:0.002343s ]
INFO: [ app_begin ] --END-- [ RunTime:0.002460s ]
SQL: SHOW COLUMNS FROM `rp_content` [ RunTime:0.0305s ]
SQL: SHOW COLUMNS FROM `rp_file` [ RunTime:0.0311s ]
SQL: SHOW COLUMNS FROM `rp_partner` [ RunTime:0.0340s ]
SQL: SHOW COLUMNS FROM `rp_file` [ RunTime:0.0318s ]
SQL: SELECT * FROM `rp_file` WHERE ( state=1 )  [ RunTime:0.0284s ]
SQL: SELECT * FROM `rp_file` WHERE ( state=3 )  [ RunTime:0.0304s ]
SQL: SHOW COLUMNS FROM `rp_content` [ RunTime:0.0339s ]
SQL: SELECT * FROM `rp_content` WHERE ( id=1 ) LIMIT 1   [ RunTime:0.0292s ]
SQL: SELECT * FROM `rp_content` WHERE ( id=3 ) LIMIT 1   [ RunTime:0.0303s ]
SQL: SHOW COLUMNS FROM `rp_partner` [ RunTime:0.0305s ]
SQL: SELECT * FROM `rp_partner`  [ RunTime:0.0285s ]
INFO: [ view_parse ] --START--
INFO: [ template_filter ] --START--
INFO: Run Behavior\ContentReplaceBehavior [ RunTime:0.000173s ]
INFO: [ template_filter ] --END-- [ RunTime:0.000258s ]
NOTIC: [8] Use of undefined constant k - assumed 'k' D:\phpStudy\PHPTutorial\WWW\ruopusuye\Application\Runtime\Cache\Home\09ccd45952ce225a1a2986a81cc5705c.php 第 122 行.
NOTIC: [8] Use of undefined constant k - assumed 'k' D:\phpStudy\PHPTutorial\WWW\ruopusuye\Application\Runtime\Cache\Home\09ccd45952ce225a1a2986a81cc5705c.php 第 122 行.
NOTIC: [8] Use of undefined constant k - assumed 'k' D:\phpStudy\PHPTutorial\WWW\ruopusuye\Application\Runtime\Cache\Home\09ccd45952ce225a1a2986a81cc5705c.php 第 122 行.
NOTIC: [8] Use of undefined constant k - assumed 'k' D:\phpStudy\PHPTutorial\WWW\ruopusuye\Application\Runtime\Cache\Home\09ccd45952ce225a1a2986a81cc5705c.php 第 122 行.
INFO: Run Behavior\ParseTemplateBehavior [ RunTime:0.021565s ]
INFO: [ view_parse ] --END-- [ RunTime:0.021680s ]
INFO: [ view_filter ] --START--
INFO: Run Behavior\WriteHtmlCacheBehavior [ RunTime:0.001488s ]
INFO: [ view_filter ] --END-- [ RunTime:0.001588s ]
INFO: [ app_end ] --START--
INFO: Run Behavior\ShowPageTraceBehavior [ RunTime:0.002479s ]
INFO: [ app_end ] --END-- [ RunTime:0.002627s ]

[ 2018-12-01T09:14:26+08:00 ] ::1 /ruopusuye/home/index/about
INFO: [ app_init ] --START--
INFO: Run Behavior\BuildLiteBehavior [ RunTime:0.000012s ]
INFO: [ app_init ] --END-- [ RunTime:0.000532s ]
INFO: [ app_begin ] --START--
INFO: Run Behavior\ReadHtmlCacheBehavior [ RunTime:0.000669s ]
INFO: [ app_begin ] --END-- [ RunTime:0.000714s ]
SQL: SHOW COLUMNS FROM `rp_content` [ RunTime:0.0289s ]
SQL: SHOW COLUMNS FROM `rp_file` [ RunTime:0.0286s ]
SQL: SHOW COLUMNS FROM `rp_partner` [ RunTime:0.0428s ]
SQL: SHOW COLUMNS FROM `rp_file` [ RunTime:0.0429s ]
SQL: SELECT * FROM `rp_file` WHERE ( state=1 )  [ RunTime:0.0236s ]
SQL: SELECT * FROM `rp_file` WHERE ( state=3 )  [ RunTime:0.0333s ]
SQL: SHOW COLUMNS FROM `rp_content` [ RunTime:0.0285s ]
SQL: SELECT * FROM `rp_content` WHERE ( id=1 ) LIMIT 1   [ RunTime:0.0254s ]
SQL: SELECT * FROM `rp_content` WHERE ( id=3 ) LIMIT 1   [ RunTime:0.0248s ]
SQL: SHOW COLUMNS FROM `rp_partner` [ RunTime:0.0253s ]
SQL: SELECT * FROM `rp_partner`  [ RunTime:0.0236s ]
INFO: [ view_parse ] --START--
INFO: [ template_filter ] --START--
INFO: Run Behavior\ContentReplaceBehavior [ RunTime:0.000167s ]
INFO: [ template_filter ] --END-- [ RunTime:0.000253s ]
NOTIC: [8] Use of undefined constant k - assumed 'k' D:\phpStudy\PHPTutorial\WWW\ruopusuye\Application\Runtime\Cache\Home\09ccd45952ce225a1a2986a81cc5705c.php 第 122 行.
NOTIC: [8] Use of undefined constant k - assumed 'k' D:\phpStudy\PHPTutorial\WWW\ruopusuye\Application\Runtime\Cache\Home\09ccd45952ce225a1a2986a81cc5705c.php 第 122 行.
NOTIC: [8] Use of undefined constant k - assumed 'k' D:\phpStudy\PHPTutorial\WWW\ruopusuye\Application\Runtime\Cache\Home\09ccd45952ce225a1a2986a81cc5705c.php 第 122 行.
NOTIC: [8] Use of undefined constant k - assumed 'k' D:\phpStudy\PHPTutorial\WWW\ruopusuye\Application\Runtime\Cache\Home\09ccd45952ce225a1a2986a81cc5705c.php 第 122 行.
INFO: Run Behavior\ParseTemplateBehavior [ RunTime:0.023697s ]
INFO: [ view_parse ] --END-- [ RunTime:0.023820s ]
INFO: [ view_filter ] --START--
INFO: Run Behavior\WriteHtmlCacheBehavior [ RunTime:0.002107s ]
INFO: [ view_filter ] --END-- [ RunTime:0.002207s ]
INFO: [ app_end ] --START--
INFO: Run Behavior\ShowPageTraceBehavior [ RunTime:0.002809s ]
INFO: [ app_end ] --END-- [ RunTime:0.002963s ]

[ 2018-12-01T09:16:10+08:00 ] ::1 /ruopusuye/home/index/about
INFO: [ app_init ] --START--
INFO: Run Behavior\BuildLiteBehavior [ RunTime:0.000021s ]
INFO: [ app_init ] --END-- [ RunTime:0.000693s ]
INFO: [ app_begin ] --START--
INFO: Run Behavior\ReadHtmlCacheBehavior [ RunTime:0.000760s ]
INFO: [ app_begin ] --END-- [ RunTime:0.000808s ]
SQL: SHOW COLUMNS FROM `rp_content` [ RunTime:0.0326s ]
SQL: SHOW COLUMNS FROM `rp_file` [ RunTime:0.0277s ]
SQL: SHOW COLUMNS FROM `rp_partner` [ RunTime:0.0276s ]
SQL: SHOW COLUMNS FROM `rp_file` [ RunTime:0.0274s ]
SQL: SELECT * FROM `rp_file` WHERE ( state=1 )  [ RunTime:0.0263s ]
SQL: SELECT * FROM `rp_file` WHERE ( state=3 )  [ RunTime:0.0316s ]
SQL: SHOW COLUMNS FROM `rp_content` [ RunTime:0.0418s ]
SQL: SELECT * FROM `rp_content` WHERE ( id=1 ) LIMIT 1   [ RunTime:0.0273s ]
SQL: SELECT * FROM `rp_content` WHERE ( id=3 ) LIMIT 1   [ RunTime:0.0260s ]
SQL: SHOW COLUMNS FROM `rp_partner` [ RunTime:0.0271s ]
SQL: SELECT * FROM `rp_partner`  [ RunTime:0.0255s ]
INFO: [ view_parse ] --START--
INFO: [ template_filter ] --START--
INFO: Run Behavior\ContentReplaceBehavior [ RunTime:0.000146s ]
INFO: [ template_filter ] --END-- [ RunTime:0.000216s ]
NOTIC: [8] Use of undefined constant k - assumed 'k' D:\phpStudy\PHPTutorial\WWW\ruopusuye\Application\Runtime\Cache\Home\09ccd45952ce225a1a2986a81cc5705c.php 第 122 行.
NOTIC: [8] Use of undefined constant k - assumed 'k' D:\phpStudy\PHPTutorial\WWW\ruopusuye\Application\Runtime\Cache\Home\09ccd45952ce225a1a2986a81cc5705c.php 第 122 行.
NOTIC: [8] Use of undefined constant k - assumed 'k' D:\phpStudy\PHPTutorial\WWW\ruopusuye\Application\Runtime\Cache\Home\09ccd45952ce225a1a2986a81cc5705c.php 第 122 行.
NOTIC: [8] Use of undefined constant k - assumed 'k' D:\phpStudy\PHPTutorial\WWW\ruopusuye\Application\Runtime\Cache\Home\09ccd45952ce225a1a2986a81cc5705c.php 第 122 行.
INFO: Run Behavior\ParseTemplateBehavior [ RunTime:0.018004s ]
INFO: [ view_parse ] --END-- [ RunTime:0.018103s ]
INFO: [ view_filter ] --START--
INFO: Run Behavior\WriteHtmlCacheBehavior [ RunTime:0.001702s ]
INFO: [ view_filter ] --END-- [ RunTime:0.001808s ]
INFO: [ app_end ] --START--
INFO: Run Behavior\ShowPageTraceBehavior [ RunTime:0.001762s ]
INFO: [ app_end ] --END-- [ RunTime:0.001867s ]

[ 2018-12-01T09:16:15+08:00 ] ::1 /ruopusuye/home/index/about
INFO: [ app_init ] --START--
INFO: Run Behavior\BuildLiteBehavior [ RunTime:0.000017s ]
INFO: [ app_init ] --END-- [ RunTime:0.000672s ]
INFO: [ app_begin ] --START--
INFO: Run Behavior\ReadHtmlCacheBehavior [ RunTime:0.000889s ]
INFO: [ app_begin ] --END-- [ RunTime:0.000983s ]
SQL: SHOW COLUMNS FROM `rp_content` [ RunTime:0.0246s ]
SQL: SHOW COLUMNS FROM `rp_file` [ RunTime:0.0247s ]
SQL: SHOW COLUMNS FROM `rp_partner` [ RunTime:0.0248s ]
SQL: SHOW COLUMNS FROM `rp_file` [ RunTime:0.0359s ]
SQL: SELECT * FROM `rp_file` WHERE ( state=1 )  [ RunTime:0.0248s ]
SQL: SELECT * FROM `rp_file` WHERE ( state=3 )  [ RunTime:0.0407s ]
SQL: SHOW COLUMNS FROM `rp_content` [ RunTime:0.0297s ]
SQL: SELECT * FROM `rp_content` WHERE ( id=1 ) LIMIT 1   [ RunTime:0.0247s ]
SQL: SELECT * FROM `rp_content` WHERE ( id=3 ) LIMIT 1   [ RunTime:0.0266s ]
SQL: SHOW COLUMNS FROM `rp_partner` [ RunTime:0.0260s ]
SQL: SELECT * FROM `rp_partner`  [ RunTime:0.0230s ]
INFO: [ view_parse ] --START--
INFO: [ template_filter ] --START--
INFO: Run Behavior\ContentReplaceBehavior [ RunTime:0.000274s ]
INFO: [ template_filter ] --END-- [ RunTime:0.000412s ]
NOTIC: [8] Use of undefined constant k - assumed 'k' D:\phpStudy\PHPTutorial\WWW\ruopusuye\Application\Runtime\Cache\Home\09ccd45952ce225a1a2986a81cc5705c.php 第 122 行.
NOTIC: [8] Use of undefined constant k - assumed 'k' D:\phpStudy\PHPTutorial\WWW\ruopusuye\Application\Runtime\Cache\Home\09ccd45952ce225a1a2986a81cc5705c.php 第 122 行.
NOTIC: [8] Use of undefined constant k - assumed 'k' D:\phpStudy\PHPTutorial\WWW\ruopusuye\Application\Runtime\Cache\Home\09ccd45952ce225a1a2986a81cc5705c.php 第 122 行.
NOTIC: [8] Use of undefined constant k - assumed 'k' D:\phpStudy\PHPTutorial\WWW\ruopusuye\Application\Runtime\Cache\Home\09ccd45952ce225a1a2986a81cc5705c.php 第 122 行.
INFO: Run Behavior\ParseTemplateBehavior [ RunTime:0.028131s ]
INFO: [ view_parse ] --END-- [ RunTime:0.028224s ]
INFO: [ view_filter ] --START--
INFO: Run Behavior\WriteHtmlCacheBehavior [ RunTime:0.000856s ]
INFO: [ view_filter ] --END-- [ RunTime:0.000902s ]
INFO: [ app_end ] --START--
INFO: Run Behavior\ShowPageTraceBehavior [ RunTime:0.001434s ]
INFO: [ app_end ] --END-- [ RunTime:0.001508s ]

[ 2018-12-01T09:18:06+08:00 ] ::1 /ruopusuye/home/index/about
INFO: [ app_init ] --START--
INFO: Run Behavior\BuildLiteBehavior [ RunTime:0.000013s ]
INFO: [ app_init ] --END-- [ RunTime:0.000488s ]
INFO: [ app_begin ] --START--
INFO: Run Behavior\ReadHtmlCacheBehavior [ RunTime:0.000754s ]
INFO: [ app_begin ] --END-- [ RunTime:0.000803s ]
SQL: SHOW COLUMNS FROM `rp_content` [ RunTime:0.0281s ]
SQL: SHOW COLUMNS FROM `rp_file` [ RunTime:0.0262s ]
SQL: SHOW COLUMNS FROM `rp_partner` [ RunTime:0.0257s ]
SQL: SHOW COLUMNS FROM `rp_file` [ RunTime:0.0243s ]
SQL: SELECT * FROM `rp_file` WHERE ( state=1 )  [ RunTime:0.0242s ]
SQL: SELECT * FROM `rp_file` WHERE ( state=3 )  [ RunTime:0.0224s ]
SQL: SHOW COLUMNS FROM `rp_content` [ RunTime:0.0236s ]
SQL: SELECT * FROM `rp_content` WHERE ( id=1 ) LIMIT 1   [ RunTime:0.0227s ]
SQL: SELECT * FROM `rp_content` WHERE ( id=3 ) LIMIT 1   [ RunTime:0.0228s ]
SQL: SHOW COLUMNS FROM `rp_partner` [ RunTime:0.0240s ]
SQL: SELECT * FROM `rp_partner`  [ RunTime:0.0218s ]
INFO: [ view_parse ] --START--
INFO: [ template_filter ] --START--
INFO: Run Behavior\ContentReplaceBehavior [ RunTime:0.000072s ]
INFO: [ template_filter ] --END-- [ RunTime:0.000111s ]
NOTIC: [8] Use of undefined constant k - assumed 'k' D:\phpStudy\PHPTutorial\WWW\ruopusuye\Application\Runtime\Cache\Home\09ccd45952ce225a1a2986a81cc5705c.php 第 122 行.
NOTIC: [8] Use of undefined constant k - assumed 'k' D:\phpStudy\PHPTutorial\WWW\ruopusuye\Application\Runtime\Cache\Home\09ccd45952ce225a1a2986a81cc5705c.php 第 122 行.
NOTIC: [8] Use of undefined constant k - assumed 'k' D:\phpStudy\PHPTutorial\WWW\ruopusuye\Application\Runtime\Cache\Home\09ccd45952ce225a1a2986a81cc5705c.php 第 122 行.
NOTIC: [8] Use of undefined constant k - assumed 'k' D:\phpStudy\PHPTutorial\WWW\ruopusuye\Application\Runtime\Cache\Home\09ccd45952ce225a1a2986a81cc5705c.php 第 122 行.
INFO: Run Behavior\ParseTemplateBehavior [ RunTime:0.014272s ]
INFO: [ view_parse ] --END-- [ RunTime:0.014334s ]
INFO: [ view_filter ] --START--
INFO: Run Behavior\WriteHtmlCacheBehavior [ RunTime:0.000545s ]
INFO: [ view_filter ] --END-- [ RunTime:0.000576s ]
INFO: [ app_end ] --START--
INFO: Run Behavior\ShowPageTraceBehavior [ RunTime:0.001037s ]
INFO: [ app_end ] --END-- [ RunTime:0.001098s ]

[ 2018-12-01T09:18:38+08:00 ] ::1 /ruopusuye/home/index/about
INFO: [ app_init ] --START--
INFO: Run Behavior\BuildLiteBehavior [ RunTime:0.000012s ]
INFO: [ app_init ] --END-- [ RunTime:0.000472s ]
INFO: [ app_begin ] --START--
INFO: Run Behavior\ReadHtmlCacheBehavior [ RunTime:0.000714s ]
INFO: [ app_begin ] --END-- [ RunTime:0.000756s ]
SQL: SHOW COLUMNS FROM `rp_content` [ RunTime:0.0230s ]
SQL: SHOW COLUMNS FROM `rp_file` [ RunTime:0.0227s ]
SQL: SHOW COLUMNS FROM `rp_partner` [ RunTime:0.0225s ]
SQL: SHOW COLUMNS FROM `rp_file` [ RunTime:0.0236s ]
SQL: SELECT * FROM `rp_file` WHERE ( state=1 )  [ RunTime:0.0213s ]
SQL: SELECT * FROM `rp_file` WHERE ( state=3 )  [ RunTime:0.0216s ]
SQL: SHOW COLUMNS FROM `rp_content` [ RunTime:0.0240s ]
SQL: SELECT * FROM `rp_content` WHERE ( id=1 ) LIMIT 1   [ RunTime:0.0219s ]
SQL: SELECT * FROM `rp_content` WHERE ( id=3 ) LIMIT 1   [ RunTime:0.0222s ]
SQL: SHOW COLUMNS FROM `rp_partner` [ RunTime:0.0242s ]
SQL: SELECT * FROM `rp_partner`  [ RunTime:0.0229s ]
INFO: [ view_parse ] --START--
INFO: [ template_filter ] --START--
INFO: Run Behavior\ContentReplaceBehavior [ RunTime:0.000116s ]
INFO: [ template_filter ] --END-- [ RunTime:0.000182s ]
INFO: Run Behavior\ParseTemplateBehavior [ RunTime:0.022877s ]
INFO: [ view_parse ] --END-- [ RunTime:0.022991s ]
INFO: [ view_filter ] --START--
INFO: Run Behavior\WriteHtmlCacheBehavior [ RunTime:0.000814s ]
INFO: [ view_filter ] --END-- [ RunTime:0.000860s ]
INFO: [ app_end ] --START--
INFO: Run Behavior\ShowPageTraceBehavior [ RunTime:0.001328s ]
INFO: [ app_end ] --END-- [ RunTime:0.001414s ]

[ 2018-12-01T09:18:54+08:00 ] ::1 /ruopusuye/home/index/about
INFO: [ app_init ] --START--
INFO: Run Behavior\BuildLiteBehavior [ RunTime:0.000012s ]
INFO: [ app_init ] --END-- [ RunTime:0.000383s ]
INFO: [ app_begin ] --START--
INFO: Run Behavior\ReadHtmlCacheBehavior [ RunTime:0.000566s ]
INFO: [ app_begin ] --END-- [ RunTime:0.000608s ]
SQL: SHOW COLUMNS FROM `rp_content` [ RunTime:0.0312s ]
SQL: SHOW COLUMNS FROM `rp_file` [ RunTime:0.0318s ]
SQL: SHOW COLUMNS FROM `rp_partner` [ RunTime:0.0330s ]
SQL: SHOW COLUMNS FROM `rp_file` [ RunTime:0.0322s ]
SQL: SELECT * FROM `rp_file` WHERE ( state=1 )  [ RunTime:0.0321s ]
SQL: SELECT * FROM `rp_file` WHERE ( state=3 )  [ RunTime:0.0306s ]
SQL: SHOW COLUMNS FROM `rp_content` [ RunTime:0.0332s ]
SQL: SELECT * FROM `rp_content` WHERE ( id=1 ) LIMIT 1   [ RunTime:0.0355s ]
SQL: SELECT * FROM `rp_content` WHERE ( id=3 ) LIMIT 1   [ RunTime:0.0307s ]
SQL: SHOW COLUMNS FROM `rp_partner` [ RunTime:0.0351s ]
SQL: SELECT * FROM `rp_partner`  [ RunTime:0.0297s ]
INFO: [ view_parse ] --START--
INFO: [ template_filter ] --START--
INFO: Run Behavior\ContentReplaceBehavior [ RunTime:0.000270s ]
INFO: [ template_filter ] --END-- [ RunTime:0.000384s ]
NOTIC: [8] Use of undefined constant k - assumed 'k' D:\phpStudy\PHPTutorial\WWW\ruopusuye\Application\Runtime\Cache\Home\09ccd45952ce225a1a2986a81cc5705c.php 第 122 行.
NOTIC: [8] Use of undefined constant k - assumed 'k' D:\phpStudy\PHPTutorial\WWW\ruopusuye\Application\Runtime\Cache\Home\09ccd45952ce225a1a2986a81cc5705c.php 第 122 行.
NOTIC: [8] Use of undefined constant k - assumed 'k' D:\phpStudy\PHPTutorial\WWW\ruopusuye\Application\Runtime\Cache\Home\09ccd45952ce225a1a2986a81cc5705c.php 第 122 行.
NOTIC: [8] Use of undefined constant k - assumed 'k' D:\phpStudy\PHPTutorial\WWW\ruopusuye\Application\Runtime\Cache\Home\09ccd45952ce225a1a2986a81cc5705c.php 第 122 行.
INFO: Run Behavior\ParseTemplateBehavior [ RunTime:0.029033s ]
INFO: [ view_parse ] --END-- [ RunTime:0.029175s ]
INFO: [ view_filter ] --START--
INFO: Run Behavior\WriteHtmlCacheBehavior [ RunTime:0.001388s ]
INFO: [ view_filter ] --END-- [ RunTime:0.001472s ]
INFO: [ app_end ] --START--
INFO: Run Behavior\ShowPageTraceBehavior [ RunTime:0.001928s ]
INFO: [ app_end ] --END-- [ RunTime:0.002018s ]

[ 2018-12-01T09:19:23+08:00 ] ::1 /ruopusuye/home/index/about
INFO: [ app_init ] --START--
INFO: Run Behavior\BuildLiteBehavior [ RunTime:0.000015s ]
INFO: [ app_init ] --END-- [ RunTime:0.000606s ]
INFO: [ app_begin ] --START--
INFO: Run Behavior\ReadHtmlCacheBehavior [ RunTime:0.001332s ]
INFO: [ app_begin ] --END-- [ RunTime:0.001388s ]
SQL: SHOW COLUMNS FROM `rp_content` [ RunTime:0.0319s ]
SQL: SHOW COLUMNS FROM `rp_file` [ RunTime:0.0260s ]
SQL: SHOW COLUMNS FROM `rp_partner` [ RunTime:0.0245s ]
SQL: SHOW COLUMNS FROM `rp_file` [ RunTime:0.0247s ]
SQL: SELECT * FROM `rp_file` WHERE ( state=1 )  [ RunTime:0.0225s ]
SQL: SELECT * FROM `rp_file` WHERE ( state=3 )  [ RunTime:0.0226s ]
SQL: SHOW COLUMNS FROM `rp_content` [ RunTime:0.0247s ]
SQL: SELECT * FROM `rp_content` WHERE ( id=1 ) LIMIT 1   [ RunTime:0.0230s ]
SQL: SELECT * FROM `rp_content` WHERE ( id=3 ) LIMIT 1   [ RunTime:0.0236s ]
SQL: SHOW COLUMNS FROM `rp_partner` [ RunTime:0.0250s ]
SQL: SELECT * FROM `rp_partner`  [ RunTime:0.0227s ]
INFO: [ view_parse ] --START--
INFO: [ template_filter ] --START--
INFO: Run Behavior\ContentReplaceBehavior [ RunTime:0.000203s ]
INFO: [ template_filter ] --END-- [ RunTime:0.000314s ]
INFO: Run Behavior\ParseTemplateBehavior [ RunTime:0.030459s ]
INFO: [ view_parse ] --END-- [ RunTime:0.030658s ]
INFO: [ view_filter ] --START--
INFO: Run Behavior\WriteHtmlCacheBehavior [ RunTime:0.003754s ]
INFO: [ view_filter ] --END-- [ RunTime:0.003887s ]
INFO: [ app_end ] --START--
INFO: Run Behavior\ShowPageTraceBehavior [ RunTime:0.006162s ]
INFO: [ app_end ] --END-- [ RunTime:0.006325s ]

[ 2018-12-01T09:20:07+08:00 ] ::1 /ruopusuye/home/index/about
INFO: [ app_init ] --START--
INFO: Run Behavior\BuildLiteBehavior [ RunTime:0.000020s ]
INFO: [ app_init ] --END-- [ RunTime:0.000555s ]
INFO: [ app_begin ] --START--
INFO: Run Behavior\ReadHtmlCacheBehavior [ RunTime:0.000644s ]
INFO: [ app_begin ] --END-- [ RunTime:0.000699s ]
SQL: SHOW COLUMNS FROM `rp_content` [ RunTime:0.0313s ]
SQL: SHOW COLUMNS FROM `rp_file` [ RunTime:0.0348s ]
SQL: SHOW COLUMNS FROM `rp_partner` [ RunTime:0.0312s ]
SQL: SHOW COLUMNS FROM `rp_file` [ RunTime:0.0314s ]
SQL: SELECT * FROM `rp_file` WHERE ( state=1 )  [ RunTime:0.0344s ]
SQL: SELECT * FROM `rp_file` WHERE ( state=3 )  [ RunTime:0.0296s ]
SQL: SHOW COLUMNS FROM `rp_content` [ RunTime:0.0351s ]
SQL: SELECT * FROM `rp_content` WHERE ( id=1 ) LIMIT 1   [ RunTime:0.0375s ]
SQL: SELECT * FROM `rp_content` WHERE ( id=3 ) LIMIT 1   [ RunTime:0.0300s ]
SQL: SHOW COLUMNS FROM `rp_partner` [ RunTime:0.0332s ]
SQL: SELECT * FROM `rp_partner`  [ RunTime:0.0300s ]
INFO: [ view_parse ] --START--
INFO: [ template_filter ] --START--
INFO: Run Behavior\ContentReplaceBehavior [ RunTime:0.000177s ]
INFO: [ template_filter ] --END-- [ RunTime:0.000267s ]
INFO: Run Behavior\ParseTemplateBehavior [ RunTime:0.023557s ]
INFO: [ view_parse ] --END-- [ RunTime:0.023703s ]
INFO: [ view_filter ] --START--
INFO: Run Behavior\WriteHtmlCacheBehavior [ RunTime:0.001581s ]
INFO: [ view_filter ] --END-- [ RunTime:0.001669s ]
INFO: [ app_end ] --START--
INFO: Run Behavior\ShowPageTraceBehavior [ RunTime:0.002555s ]
INFO: [ app_end ] --END-- [ RunTime:0.002689s ]

[ 2018-12-01T09:22:36+08:00 ] ::1 /ruopusuye/home/index/about
INFO: [ app_init ] --START--
INFO: Run Behavior\BuildLiteBehavior [ RunTime:0.000015s ]
INFO: [ app_init ] --END-- [ RunTime:0.000576s ]
INFO: [ app_begin ] --START--
INFO: Run Behavior\ReadHtmlCacheBehavior [ RunTime:0.001019s ]
INFO: [ app_begin ] --END-- [ RunTime:0.001073s ]
SQL: SHOW COLUMNS FROM `rp_content` [ RunTime:0.0302s ]
SQL: SHOW COLUMNS FROM `rp_file` [ RunTime:0.0312s ]
SQL: SHOW COLUMNS FROM `rp_partner` [ RunTime:0.0420s ]
SQL: SHOW COLUMNS FROM `rp_file` [ RunTime:0.0379s ]
SQL: SELECT * FROM `rp_file` WHERE ( state=1 )  [ RunTime:0.0301s ]
SQL: SELECT * FROM `rp_file` WHERE ( state=3 )  [ RunTime:0.0292s ]
SQL: SHOW COLUMNS FROM `rp_content` [ RunTime:0.0321s ]
SQL: SELECT * FROM `rp_content` WHERE ( id=1 ) LIMIT 1   [ RunTime:0.0316s ]
SQL: SELECT * FROM `rp_content` WHERE ( id=3 ) LIMIT 1   [ RunTime:0.0305s ]
SQL: SHOW COLUMNS FROM `rp_partner` [ RunTime:0.0308s ]
SQL: SELECT * FROM `rp_partner`  [ RunTime:0.0287s ]
INFO: [ view_parse ] --START--
INFO: [ template_filter ] --START--
INFO: Run Behavior\ContentReplaceBehavior [ RunTime:0.000096s ]
INFO: [ template_filter ] --END-- [ RunTime:0.000153s ]
NOTIC: [8] Undefined index: imgurl D:\phpStudy\PHPTutorial\WWW\ruopusuye\Application\Runtime\Cache\Home\09ccd45952ce225a1a2986a81cc5705c.php 第 136 行.
NOTIC: [8] Undefined index: cnname D:\phpStudy\PHPTutorial\WWW\ruopusuye\Application\Runtime\Cache\Home\09ccd45952ce225a1a2986a81cc5705c.php 第 137 行.
INFO: Run Behavior\ParseTemplateBehavior [ RunTime:0.026087s ]
INFO: [ view_parse ] --END-- [ RunTime:0.026222s ]
INFO: [ view_filter ] --START--
INFO: Run Behavior\WriteHtmlCacheBehavior [ RunTime:0.001639s ]
INFO: [ view_filter ] --END-- [ RunTime:0.001700s ]
INFO: [ app_end ] --START--
INFO: Run Behavior\ShowPageTraceBehavior [ RunTime:0.001885s ]
INFO: [ app_end ] --END-- [ RunTime:0.001972s ]

[ 2018-12-01T09:23:13+08:00 ] ::1 /ruopusuye/home/index/about
INFO: [ app_init ] --START--
INFO: Run Behavior\BuildLiteBehavior [ RunTime:0.000025s ]
INFO: [ app_init ] --END-- [ RunTime:0.000902s ]
INFO: [ app_begin ] --START--
INFO: Run Behavior\ReadHtmlCacheBehavior [ RunTime:0.000770s ]
INFO: [ app_begin ] --END-- [ RunTime:0.000821s ]
SQL: SHOW COLUMNS FROM `rp_content` [ RunTime:0.0252s ]
SQL: SHOW COLUMNS FROM `rp_file` [ RunTime:0.0260s ]
SQL: SHOW COLUMNS FROM `rp_partner` [ RunTime:0.0252s ]
SQL: SHOW COLUMNS FROM `rp_file` [ RunTime:0.0304s ]
SQL: SELECT * FROM `rp_file` WHERE ( state=1 )  [ RunTime:0.0237s ]
SQL: SELECT * FROM `rp_file` WHERE ( state=3 )  [ RunTime:0.0236s ]
SQL: SHOW COLUMNS FROM `rp_content` [ RunTime:0.0264s ]
SQL: SELECT * FROM `rp_content` WHERE ( id=1 ) LIMIT 1   [ RunTime:0.0264s ]
SQL: SELECT * FROM `rp_content` WHERE ( id=3 ) LIMIT 1   [ RunTime:0.0244s ]
SQL: SHOW COLUMNS FROM `rp_partner` [ RunTime:0.0254s ]
SQL: SELECT * FROM `rp_partner`  [ RunTime:0.0247s ]
INFO: [ view_parse ] --START--
INFO: [ template_filter ] --START--
INFO: Run Behavior\ContentReplaceBehavior [ RunTime:0.000069s ]
INFO: [ template_filter ] --END-- [ RunTime:0.000146s ]
NOTIC: [8] Undefined index: imgurl D:\phpStudy\PHPTutorial\WWW\ruopusuye\Application\Runtime\Cache\Home\09ccd45952ce225a1a2986a81cc5705c.php 第 136 行.
NOTIC: [8] Undefined index: cnname D:\phpStudy\PHPTutorial\WWW\ruopusuye\Application\Runtime\Cache\Home\09ccd45952ce225a1a2986a81cc5705c.php 第 137 行.
INFO: Run Behavior\ParseTemplateBehavior [ RunTime:0.011451s ]
INFO: [ view_parse ] --END-- [ RunTime:0.011516s ]
INFO: [ view_filter ] --START--
INFO: Run Behavior\WriteHtmlCacheBehavior [ RunTime:0.000736s ]
INFO: [ view_filter ] --END-- [ RunTime:0.000782s ]
INFO: [ app_end ] --START--
INFO: Run Behavior\ShowPageTraceBehavior [ RunTime:0.001205s ]
INFO: [ app_end ] --END-- [ RunTime:0.001273s ]

[ 2018-12-01T09:23:13+08:00 ] ::1 /ruopusuye/index.php
INFO: [ app_init ] --START--
INFO: Run Behavior\BuildLiteBehavior [ RunTime:0.000024s ]
INFO: [ app_init ] --END-- [ RunTime:0.000803s ]
INFO: [ app_begin ] --START--
INFO: Run Behavior\ReadHtmlCacheBehavior [ RunTime:0.001217s ]
INFO: [ app_begin ] --END-- [ RunTime:0.001344s ]
INFO: [ view_parse ] --START--
INFO: [ template_filter ] --START--
INFO: Run Behavior\ContentReplaceBehavior [ RunTime:0.000127s ]
INFO: [ template_filter ] --END-- [ RunTime:0.000199s ]
INFO: Run Behavior\ParseTemplateBehavior [ RunTime:0.012918s ]
INFO: [ view_parse ] --END-- [ RunTime:0.012997s ]
INFO: [ view_filter ] --START--
INFO: Run Behavior\WriteHtmlCacheBehavior [ RunTime:0.001041s ]
INFO: [ view_filter ] --END-- [ RunTime:0.001104s ]
INFO: [ app_end ] --START--
INFO: Run Behavior\ShowPageTraceBehavior [ RunTime:0.001355s ]
INFO: [ app_end ] --END-- [ RunTime:0.001434s ]

[ 2018-12-01T09:23:41+08:00 ] ::1 /ruopusuye/home/index/about
INFO: [ app_init ] --START--
INFO: Run Behavior\BuildLiteBehavior [ RunTime:0.000012s ]
INFO: [ app_init ] --END-- [ RunTime:0.000421s ]
INFO: [ app_begin ] --START--
INFO: Run Behavior\ReadHtmlCacheBehavior [ RunTime:0.000664s ]
INFO: [ app_begin ] --END-- [ RunTime:0.000707s ]
SQL: SHOW COLUMNS FROM `rp_content` [ RunTime:0.0244s ]
SQL: SHOW COLUMNS FROM `rp_file` [ RunTime:0.0253s ]
SQL: SHOW COLUMNS FROM `rp_partner` [ RunTime:0.0242s ]
SQL: SHOW COLUMNS FROM `rp_file` [ RunTime:0.0239s ]
SQL: SELECT * FROM `rp_file` WHERE ( state=1 )  [ RunTime:0.0228s ]
SQL: SELECT * FROM `rp_file` WHERE ( state=3 )  [ RunTime:0.0228s ]
SQL: SHOW COLUMNS FROM `rp_content` [ RunTime:0.0252s ]
SQL: SELECT * FROM `rp_content` WHERE ( id=1 ) LIMIT 1   [ RunTime:0.0229s ]
SQL: SELECT * FROM `rp_content` WHERE ( id=3 ) LIMIT 1   [ RunTime:0.0239s ]
SQL: SHOW COLUMNS FROM `rp_partner` [ RunTime:0.0245s ]
SQL: SELECT * FROM `rp_partner`  [ RunTime:0.0242s ]
INFO: [ view_parse ] --START--
INFO: [ template_filter ] --START--
INFO: Run Behavior\ContentReplaceBehavior [ RunTime:0.000184s ]
INFO: [ template_filter ] --END-- [ RunTime:0.000313s ]
INFO: Run Behavior\ParseTemplateBehavior [ RunTime:0.022872s ]
INFO: [ view_parse ] --END-- [ RunTime:0.023031s ]
INFO: [ view_filter ] --START--
INFO: Run Behavior\WriteHtmlCacheBehavior [ RunTime:0.001398s ]
INFO: [ view_filter ] --END-- [ RunTime:0.001473s ]
INFO: [ app_end ] --START--
INFO: Run Behavior\ShowPageTraceBehavior [ RunTime:0.002286s ]
INFO: [ app_end ] --END-- [ RunTime:0.002432s ]

[ 2018-12-01T09:24:39+08:00 ] ::1 /ruopusuye/home/index/about
INFO: [ app_init ] --START--
INFO: Run Behavior\BuildLiteBehavior [ RunTime:0.000025s ]
INFO: [ app_init ] --END-- [ RunTime:0.000866s ]
INFO: [ app_begin ] --START--
INFO: Run Behavior\ReadHtmlCacheBehavior [ RunTime:0.001032s ]
INFO: [ app_begin ] --END-- [ RunTime:0.001079s ]
SQL: SHOW COLUMNS FROM `rp_content` [ RunTime:0.0260s ]
SQL: SHOW COLUMNS FROM `rp_file` [ RunTime:0.0248s ]
SQL: SHOW COLUMNS FROM `rp_partner` [ RunTime:0.0248s ]
SQL: SHOW COLUMNS FROM `rp_file` [ RunTime:0.0245s ]
SQL: SELECT * FROM `rp_file` WHERE ( state=1 )  [ RunTime:0.0236s ]
SQL: SELECT * FROM `rp_file` WHERE ( state=3 )  [ RunTime:0.0225s ]
SQL: SHOW COLUMNS FROM `rp_content` [ RunTime:0.0288s ]
SQL: SELECT * FROM `rp_content` WHERE ( id=1 ) LIMIT 1   [ RunTime:0.0233s ]
SQL: SELECT * FROM `rp_content` WHERE ( id=3 ) LIMIT 1   [ RunTime:0.0300s ]
SQL: SHOW COLUMNS FROM `rp_partner` [ RunTime:0.0243s ]
SQL: SELECT * FROM `rp_partner`  [ RunTime:0.0229s ]
INFO: [ view_parse ] --START--
INFO: [ template_filter ] --START--
INFO: Run Behavior\ContentReplaceBehavior [ RunTime:0.000194s ]
INFO: [ template_filter ] --END-- [ RunTime:0.000293s ]
INFO: Run Behavior\ParseTemplateBehavior [ RunTime:0.029751s ]
INFO: [ view_parse ] --END-- [ RunTime:0.029939s ]
INFO: [ view_filter ] --START--
INFO: Run Behavior\WriteHtmlCacheBehavior [ RunTime:0.002742s ]
INFO: [ view_filter ] --END-- [ RunTime:0.002880s ]
INFO: [ app_end ] --START--
INFO: Run Behavior\ShowPageTraceBehavior [ RunTime:0.005228s ]
INFO: [ app_end ] --END-- [ RunTime:0.005392s ]

[ 2018-12-01T09:24:57+08:00 ] ::1 /ruopusuye/home/index/about
INFO: [ app_init ] --START--
INFO: Run Behavior\BuildLiteBehavior [ RunTime:0.000019s ]
INFO: [ app_init ] --END-- [ RunTime:0.001019s ]
INFO: [ app_begin ] --START--
INFO: Run Behavior\ReadHtmlCacheBehavior [ RunTime:0.001950s ]
INFO: [ app_begin ] --END-- [ RunTime:0.002022s ]
SQL: SHOW COLUMNS FROM `rp_content` [ RunTime:0.0248s ]
SQL: SHOW COLUMNS FROM `rp_file` [ RunTime:0.0262s ]
SQL: SHOW COLUMNS FROM `rp_partner` [ RunTime:0.0280s ]
SQL: SHOW COLUMNS FROM `rp_file` [ RunTime:0.0266s ]
SQL: SELECT * FROM `rp_file` WHERE ( state=1 )  [ RunTime:0.0238s ]
SQL: SELECT * FROM `rp_file` WHERE ( state=3 )  [ RunTime:0.0258s ]
SQL: SHOW COLUMNS FROM `rp_content` [ RunTime:0.0259s ]
SQL: SELECT * FROM `rp_content` WHERE ( id=1 ) LIMIT 1   [ RunTime:0.0253s ]
SQL: SELECT * FROM `rp_content` WHERE ( id=3 ) LIMIT 1   [ RunTime:0.0239s ]
SQL: SHOW COLUMNS FROM `rp_partner` [ RunTime:0.0258s ]
SQL: SELECT * FROM `rp_partner`  [ RunTime:0.0353s ]
INFO: [ view_parse ] --START--
INFO: [ template_filter ] --START--
INFO: Run Behavior\ContentReplaceBehavior [ RunTime:0.000067s ]
INFO: [ template_filter ] --END-- [ RunTime:0.000107s ]
INFO: Run Behavior\ParseTemplateBehavior [ RunTime:0.014071s ]
INFO: [ view_parse ] --END-- [ RunTime:0.014132s ]
INFO: [ view_filter ] --START--
INFO: Run Behavior\WriteHtmlCacheBehavior [ RunTime:0.001130s ]
INFO: [ view_filter ] --END-- [ RunTime:0.001163s ]
INFO: [ app_end ] --START--
INFO: Run Behavior\ShowPageTraceBehavior [ RunTime:0.001962s ]
INFO: [ app_end ] --END-- [ RunTime:0.002028s ]

[ 2018-12-01T09:25:06+08:00 ] ::1 /ruopusuye/home/index/about
INFO: [ app_init ] --START--
INFO: Run Behavior\BuildLiteBehavior [ RunTime:0.000014s ]
INFO: [ app_init ] --END-- [ RunTime:0.000692s ]
INFO: [ app_begin ] --START--
INFO: Run Behavior\ReadHtmlCacheBehavior [ RunTime:0.000905s ]
INFO: [ app_begin ] --END-- [ RunTime:0.000956s ]
SQL: SHOW COLUMNS FROM `rp_content` [ RunTime:0.0262s ]
SQL: SHOW COLUMNS FROM `rp_file` [ RunTime:0.0260s ]
SQL: SHOW COLUMNS FROM `rp_partner` [ RunTime:0.0260s ]
SQL: SHOW COLUMNS FROM `rp_file` [ RunTime:0.0288s ]
SQL: SELECT * FROM `rp_file` WHERE ( state=1 )  [ RunTime:0.0348s ]
SQL: SELECT * FROM `rp_file` WHERE ( state=3 )  [ RunTime:0.0248s ]
SQL: SHOW COLUMNS FROM `rp_content` [ RunTime:0.0271s ]
SQL: SELECT * FROM `rp_content` WHERE ( id=1 ) LIMIT 1   [ RunTime:0.0250s ]
SQL: SELECT * FROM `rp_content` WHERE ( id=3 ) LIMIT 1   [ RunTime:0.0267s ]
SQL: SHOW COLUMNS FROM `rp_partner` [ RunTime:0.0286s ]
SQL: SELECT * FROM `rp_partner`  [ RunTime:0.0249s ]
INFO: [ view_parse ] --START--
INFO: [ template_filter ] --START--
INFO: Run Behavior\ContentReplaceBehavior [ RunTime:0.000095s ]
INFO: [ template_filter ] --END-- [ RunTime:0.000151s ]
INFO: Run Behavior\ParseTemplateBehavior [ RunTime:0.017982s ]
INFO: [ view_parse ] --END-- [ RunTime:0.018174s ]
INFO: [ view_filter ] --START--
INFO: Run Behavior\WriteHtmlCacheBehavior [ RunTime:0.002194s ]
INFO: [ view_filter ] --END-- [ RunTime:0.002275s ]
INFO: [ app_end ] --START--
INFO: Run Behavior\ShowPageTraceBehavior [ RunTime:0.001601s ]
INFO: [ app_end ] --END-- [ RunTime:0.001701s ]

[ 2018-12-01T09:25:34+08:00 ] ::1 /ruopusuye/home/index/about
INFO: [ app_init ] --START--
INFO: Run Behavior\BuildLiteBehavior [ RunTime:0.000012s ]
INFO: [ app_init ] --END-- [ RunTime:0.000423s ]
INFO: [ app_begin ] --START--
INFO: Run Behavior\ReadHtmlCacheBehavior [ RunTime:0.000848s ]
INFO: [ app_begin ] --END-- [ RunTime:0.000909s ]
SQL: SHOW COLUMNS FROM `rp_content` [ RunTime:0.0262s ]
SQL: SHOW COLUMNS FROM `rp_file` [ RunTime:0.0253s ]
SQL: SHOW COLUMNS FROM `rp_partner` [ RunTime:0.0261s ]
SQL: SHOW COLUMNS FROM `rp_file` [ RunTime:0.0246s ]
SQL: SELECT * FROM `rp_file` WHERE ( state=1 )  [ RunTime:0.0230s ]
SQL: SELECT * FROM `rp_file` WHERE ( state=3 )  [ RunTime:0.0235s ]
SQL: SHOW COLUMNS FROM `rp_content` [ RunTime:0.0249s ]
SQL: SELECT * FROM `rp_content` WHERE ( id=1 ) LIMIT 1   [ RunTime:0.0239s ]
SQL: SELECT * FROM `rp_content` WHERE ( id=3 ) LIMIT 1   [ RunTime:0.0239s ]
SQL: SHOW COLUMNS FROM `rp_partner` [ RunTime:0.0240s ]
SQL: SELECT * FROM `rp_partner`  [ RunTime:0.0217s ]
INFO: [ view_parse ] --START--
INFO: [ template_filter ] --START--
INFO: Run Behavior\ContentReplaceBehavior [ RunTime:0.000065s ]
INFO: [ template_filter ] --END-- [ RunTime:0.000105s ]
INFO: Run Behavior\ParseTemplateBehavior [ RunTime:0.011243s ]
INFO: [ view_parse ] --END-- [ RunTime:0.011311s ]
INFO: [ view_filter ] --START--
INFO: Run Behavior\WriteHtmlCacheBehavior [ RunTime:0.000845s ]
INFO: [ view_filter ] --END-- [ RunTime:0.000890s ]
INFO: [ app_end ] --START--
INFO: Run Behavior\ShowPageTraceBehavior [ RunTime:0.000998s ]
INFO: [ app_end ] --END-- [ RunTime:0.001101s ]

[ 2018-12-01T09:25:49+08:00 ] ::1 /ruopusuye/home/index/about
INFO: [ app_init ] --START--
INFO: Run Behavior\BuildLiteBehavior [ RunTime:0.000012s ]
INFO: [ app_init ] --END-- [ RunTime:0.000619s ]
INFO: [ app_begin ] --START--
INFO: Run Behavior\ReadHtmlCacheBehavior [ RunTime:0.000863s ]
INFO: [ app_begin ] --END-- [ RunTime:0.000909s ]
SQL: SHOW COLUMNS FROM `rp_content` [ RunTime:0.0258s ]
SQL: SHOW COLUMNS FROM `rp_file` [ RunTime:0.0293s ]
SQL: SHOW COLUMNS FROM `rp_partner` [ RunTime:0.0252s ]
SQL: SHOW COLUMNS FROM `rp_file` [ RunTime:0.0252s ]
SQL: SELECT * FROM `rp_file` WHERE ( state=1 )  [ RunTime:0.0263s ]
SQL: SELECT * FROM `rp_file` WHERE ( state=3 )  [ RunTime:0.0234s ]
SQL: SHOW COLUMNS FROM `rp_content` [ RunTime:0.0252s ]
SQL: SELECT * FROM `rp_content` WHERE ( id=1 ) LIMIT 1   [ RunTime:0.0229s ]
SQL: SELECT * FROM `rp_content` WHERE ( id=3 ) LIMIT 1   [ RunTime:0.0235s ]
SQL: SHOW COLUMNS FROM `rp_partner` [ RunTime:0.0237s ]
SQL: SELECT * FROM `rp_partner`  [ RunTime:0.0229s ]
INFO: [ view_parse ] --START--
INFO: [ template_filter ] --START--
INFO: Run Behavior\ContentReplaceBehavior [ RunTime:0.000118s ]
INFO: [ template_filter ] --END-- [ RunTime:0.000174s ]
INFO: Run Behavior\ParseTemplateBehavior [ RunTime:0.012125s ]
INFO: [ view_parse ] --END-- [ RunTime:0.012175s ]
INFO: [ view_filter ] --START--
INFO: Run Behavior\WriteHtmlCacheBehavior [ RunTime:0.000687s ]
INFO: [ view_filter ] --END-- [ RunTime:0.000722s ]
INFO: [ app_end ] --START--
INFO: Run Behavior\ShowPageTraceBehavior [ RunTime:0.001377s ]
INFO: [ app_end ] --END-- [ RunTime:0.001438s ]

[ 2018-12-01T09:34:42+08:00 ] ::1 /ruopusuye/home/index/about
INFO: [ app_init ] --START--
INFO: Run Behavior\BuildLiteBehavior [ RunTime:0.000018s ]
INFO: [ app_init ] --END-- [ RunTime:0.000805s ]
INFO: [ app_begin ] --START--
INFO: Run Behavior\ReadHtmlCacheBehavior [ RunTime:0.000852s ]
INFO: [ app_begin ] --END-- [ RunTime:0.000895s ]

[ 2018-12-01T09:36:33+08:00 ] ::1 /ruopusuye/
INFO: [ app_init ] --START--
INFO: Run Behavior\BuildLiteBehavior [ RunTime:0.000017s ]
INFO: [ app_init ] --END-- [ RunTime:0.000659s ]
INFO: [ app_begin ] --START--
INFO: Run Behavior\ReadHtmlCacheBehavior [ RunTime:0.001184s ]
INFO: [ app_begin ] --END-- [ RunTime:0.001249s ]

[ 2018-12-01T09:37:13+08:00 ] ::1 /ruopusuye/
INFO: [ app_init ] --START--
INFO: Run Behavior\BuildLiteBehavior [ RunTime:0.000015s ]
INFO: [ app_init ] --END-- [ RunTime:0.000557s ]
INFO: [ app_begin ] --START--
INFO: Run Behavior\ReadHtmlCacheBehavior [ RunTime:0.001223s ]
INFO: [ app_begin ] --END-- [ RunTime:0.001346s ]

[ 2018-12-01T09:37:33+08:00 ] ::1 /ruopusuye/
INFO: [ app_init ] --START--
INFO: Run Behavior\BuildLiteBehavior [ RunTime:0.000012s ]
INFO: [ app_init ] --END-- [ RunTime:0.000600s ]
INFO: [ app_begin ] --START--
INFO: Run Behavior\ReadHtmlCacheBehavior [ RunTime:0.000794s ]
INFO: [ app_begin ] --END-- [ RunTime:0.000839s ]
SQL: SHOW COLUMNS FROM `rp_information` [ RunTime:0.0262s ]
SQL: SHOW COLUMNS FROM `rp_information` [ RunTime:0.0315s ]
SQL: SELECT * FROM `rp_information` WHERE ( id=1 ) LIMIT 1   [ RunTime:0.0259s ]
SQL: SELECT * FROM `rp_information` WHERE ( id=2 ) LIMIT 1   [ RunTime:0.0244s ]
INFO: [ view_parse ] --START--
INFO: [ template_filter ] --START--
INFO: Run Behavior\ContentReplaceBehavior [ RunTime:0.000142s ]
INFO: [ template_filter ] --END-- [ RunTime:0.000230s ]
INFO: Run Behavior\ParseTemplateBehavior [ RunTime:0.025670s ]
INFO: [ view_parse ] --END-- [ RunTime:0.025782s ]
INFO: [ view_filter ] --START--
INFO: Run Behavior\WriteHtmlCacheBehavior [ RunTime:0.001003s ]
INFO: [ view_filter ] --END-- [ RunTime:0.001059s ]
INFO: [ app_end ] --START--
INFO: Run Behavior\ShowPageTraceBehavior [ RunTime:0.001686s ]
INFO: [ app_end ] --END-- [ RunTime:0.001802s ]

[ 2018-12-01T09:37:40+08:00 ] ::1 /ruopusuye/home/index/about
INFO: [ app_init ] --START--
INFO: Run Behavior\BuildLiteBehavior [ RunTime:0.000012s ]
INFO: [ app_init ] --END-- [ RunTime:0.000486s ]
INFO: [ app_begin ] --START--
INFO: Run Behavior\ReadHtmlCacheBehavior [ RunTime:0.000871s ]
INFO: [ app_begin ] --END-- [ RunTime:0.000915s ]
SQL: SHOW COLUMNS FROM `rp_information` [ RunTime:0.0263s ]
SQL: SHOW COLUMNS FROM `rp_information` [ RunTime:0.0275s ]
SQL: SELECT * FROM `rp_information` WHERE ( id=1 ) LIMIT 1   [ RunTime:0.0254s ]
SQL: SELECT * FROM `rp_information` WHERE ( id=2 ) LIMIT 1   [ RunTime:0.0251s ]
SQL: SHOW COLUMNS FROM `rp_content` [ RunTime:0.0272s ]
SQL: SHOW COLUMNS FROM `rp_file` [ RunTime:0.0268s ]
SQL: SHOW COLUMNS FROM `rp_partner` [ RunTime:0.0507s ]
SQL: SHOW COLUMNS FROM `rp_file` [ RunTime:0.0268s ]
SQL: SELECT * FROM `rp_file` WHERE ( state=1 )  [ RunTime:0.0268s ]
SQL: SELECT * FROM `rp_file` WHERE ( state=3 )  [ RunTime:0.0234s ]
SQL: SHOW COLUMNS FROM `rp_content` [ RunTime:0.0266s ]
SQL: SELECT * FROM `rp_content` WHERE ( id=1 ) LIMIT 1   [ RunTime:0.0250s ]
SQL: SELECT * FROM `rp_content` WHERE ( id=3 ) LIMIT 1   [ RunTime:0.0244s ]
SQL: SHOW COLUMNS FROM `rp_partner` [ RunTime:0.0365s ]
SQL: SELECT * FROM `rp_partner`  [ RunTime:0.0352s ]
INFO: [ view_parse ] --START--
INFO: [ template_filter ] --START--
INFO: Run Behavior\ContentReplaceBehavior [ RunTime:0.000112s ]
INFO: [ template_filter ] --END-- [ RunTime:0.000178s ]
INFO: Run Behavior\ParseTemplateBehavior [ RunTime:0.018615s ]
INFO: [ view_parse ] --END-- [ RunTime:0.018726s ]
INFO: [ view_filter ] --START--
INFO: Run Behavior\WriteHtmlCacheBehavior [ RunTime:0.001718s ]
INFO: [ view_filter ] --END-- [ RunTime:0.001791s ]
INFO: [ app_end ] --START--
INFO: Run Behavior\ShowPageTraceBehavior [ RunTime:0.002088s ]
INFO: [ app_end ] --END-- [ RunTime:0.002196s ]

[ 2018-12-01T09:39:25+08:00 ] ::1 /ruopusuye/home/index/about
INFO: [ app_init ] --START--
INFO: Run Behavior\BuildLiteBehavior [ RunTime:0.000013s ]
INFO: [ app_init ] --END-- [ RunTime:0.000531s ]
INFO: [ app_begin ] --START--
INFO: Run Behavior\ReadHtmlCacheBehavior [ RunTime:0.000865s ]
INFO: [ app_begin ] --END-- [ RunTime:0.000911s ]
SQL: SHOW COLUMNS FROM `rp_information` [ RunTime:0.0290s ]
SQL: SHOW COLUMNS FROM `rp_information` [ RunTime:0.0248s ]
SQL: SELECT * FROM `rp_information` WHERE ( id=1 ) LIMIT 1   [ RunTime:0.0240s ]
SQL: SELECT * FROM `rp_information` WHERE ( id=2 ) LIMIT 1   [ RunTime:0.0265s ]
SQL: SHOW COLUMNS FROM `rp_content` [ RunTime:0.0265s ]
SQL: SHOW COLUMNS FROM `rp_file` [ RunTime:0.0243s ]
SQL: SHOW COLUMNS FROM `rp_partner` [ RunTime:0.0267s ]
SQL: SHOW COLUMNS FROM `rp_file` [ RunTime:0.0274s ]
SQL: SELECT * FROM `rp_file` WHERE ( state=1 )  [ RunTime:0.0240s ]
SQL: SELECT * FROM `rp_file` WHERE ( state=3 )  [ RunTime:0.0234s ]
SQL: SHOW COLUMNS FROM `rp_content` [ RunTime:0.0250s ]
SQL: SELECT * FROM `rp_content` WHERE ( id=1 ) LIMIT 1   [ RunTime:0.0241s ]
SQL: SELECT * FROM `rp_content` WHERE ( id=3 ) LIMIT 1   [ RunTime:0.0234s ]
SQL: SHOW COLUMNS FROM `rp_partner` [ RunTime:0.0251s ]
SQL: SELECT * FROM `rp_partner`  [ RunTime:0.0236s ]
INFO: [ view_parse ] --START--
INFO: [ template_filter ] --START--
INFO: Run Behavior\ContentReplaceBehavior [ RunTime:0.000178s ]
INFO: [ template_filter ] --END-- [ RunTime:0.000284s ]
INFO: Run Behavior\ParseTemplateBehavior [ RunTime:0.029960s ]
INFO: [ view_parse ] --END-- [ RunTime:0.030122s ]
INFO: [ view_filter ] --START--
INFO: Run Behavior\WriteHtmlCacheBehavior [ RunTime:0.002025s ]
INFO: [ view_filter ] --END-- [ RunTime:0.002124s ]
INFO: [ app_end ] --START--
INFO: Run Behavior\ShowPageTraceBehavior [ RunTime:0.003217s ]
INFO: [ app_end ] --END-- [ RunTime:0.003583s ]

[ 2018-12-01T09:40:43+08:00 ] ::1 /ruopusuye/home/index/about
INFO: [ app_init ] --START--
INFO: Run Behavior\BuildLiteBehavior [ RunTime:0.000013s ]
INFO: [ app_init ] --END-- [ RunTime:0.000571s ]
INFO: [ app_begin ] --START--
INFO: Run Behavior\ReadHtmlCacheBehavior [ RunTime:0.000856s ]
INFO: [ app_begin ] --END-- [ RunTime:0.000901s ]
SQL: SHOW COLUMNS FROM `rp_information` [ RunTime:0.0417s ]
SQL: SHOW COLUMNS FROM `rp_information` [ RunTime:0.1430s ]
SQL: SELECT * FROM `rp_information` WHERE ( id=1 ) LIMIT 1   [ RunTime:0.0464s ]
SQL: SELECT * FROM `rp_information` WHERE ( id=2 ) LIMIT 1   [ RunTime:0.0262s ]
SQL: SHOW COLUMNS FROM `rp_content` [ RunTime:0.0286s ]
SQL: SHOW COLUMNS FROM `rp_file` [ RunTime:0.0281s ]
SQL: SHOW COLUMNS FROM `rp_partner` [ RunTime:0.1265s ]
SQL: SHOW COLUMNS FROM `rp_file` [ RunTime:0.1473s ]
SQL: SELECT * FROM `rp_file` WHERE ( state=1 )  [ RunTime:0.0311s ]
SQL: SELECT * FROM `rp_file` WHERE ( state=3 )  [ RunTime:0.0262s ]
SQL: SHOW COLUMNS FROM `rp_content` [ RunTime:0.0288s ]
SQL: SELECT * FROM `rp_content` WHERE ( id=1 ) LIMIT 1   [ RunTime:0.0269s ]
SQL: SELECT * FROM `rp_content` WHERE ( id=3 ) LIMIT 1   [ RunTime:0.0285s ]
SQL: SHOW COLUMNS FROM `rp_partner` [ RunTime:0.0314s ]
SQL: SELECT * FROM `rp_partner`  [ RunTime:0.0289s ]
INFO: [ view_parse ] --START--
INFO: [ template_filter ] --START--
INFO: Run Behavior\ContentReplaceBehavior [ RunTime:0.000163s ]
INFO: [ template_filter ] --END-- [ RunTime:0.000255s ]
INFO: Run Behavior\ParseTemplateBehavior [ RunTime:0.024280s ]
INFO: [ view_parse ] --END-- [ RunTime:0.024451s ]
INFO: [ view_filter ] --START--
INFO: Run Behavior\WriteHtmlCacheBehavior [ RunTime:0.002019s ]
INFO: [ view_filter ] --END-- [ RunTime:0.002136s ]
INFO: [ app_end ] --START--
INFO: Run Behavior\ShowPageTraceBehavior [ RunTime:0.003386s ]
INFO: [ app_end ] --END-- [ RunTime:0.003562s ]

[ 2018-12-01T09:42:17+08:00 ] ::1 /ruopusuye/home/index/about
INFO: [ app_init ] --START--
INFO: Run Behavior\BuildLiteBehavior [ RunTime:0.000012s ]
INFO: [ app_init ] --END-- [ RunTime:0.000489s ]
INFO: [ app_begin ] --START--
INFO: Run Behavior\ReadHtmlCacheBehavior [ RunTime:0.000873s ]
INFO: [ app_begin ] --END-- [ RunTime:0.000919s ]
SQL: SHOW COLUMNS FROM `rp_information` [ RunTime:0.0246s ]
SQL: SHOW COLUMNS FROM `rp_information` [ RunTime:0.0238s ]
SQL: SELECT * FROM `rp_information` WHERE ( id=1 ) LIMIT 1   [ RunTime:0.0289s ]
SQL: SELECT * FROM `rp_information` WHERE ( id=2 ) LIMIT 1   [ RunTime:0.0232s ]
SQL: SHOW COLUMNS FROM `rp_content` [ RunTime:0.0255s ]
SQL: SHOW COLUMNS FROM `rp_file` [ RunTime:0.0251s ]
SQL: SHOW COLUMNS FROM `rp_partner` [ RunTime:0.0248s ]
SQL: SHOW COLUMNS FROM `rp_file` [ RunTime:0.0357s ]
SQL: SELECT * FROM `rp_file` WHERE ( state=1 )  [ RunTime:0.0248s ]
SQL: SELECT * FROM `rp_file` WHERE ( state=3 )  [ RunTime:0.0236s ]
SQL: SHOW COLUMNS FROM `rp_content` [ RunTime:0.0254s ]
SQL: SELECT * FROM `rp_content` WHERE ( id=1 ) LIMIT 1   [ RunTime:0.0247s ]
SQL: SELECT * FROM `rp_content` WHERE ( id=3 ) LIMIT 1   [ RunTime:0.0237s ]
SQL: SHOW COLUMNS FROM `rp_partner` [ RunTime:0.0299s ]
SQL: SELECT * FROM `rp_partner`  [ RunTime:0.0296s ]
INFO: [ view_parse ] --START--
INFO: [ template_filter ] --START--
INFO: Run Behavior\ContentReplaceBehavior [ RunTime:0.000070s ]
INFO: [ template_filter ] --END-- [ RunTime:0.000113s ]
INFO: Run Behavior\ParseTemplateBehavior [ RunTime:0.011555s ]
INFO: [ view_parse ] --END-- [ RunTime:0.011636s ]
INFO: [ view_filter ] --START--
INFO: Run Behavior\WriteHtmlCacheBehavior [ RunTime:0.000588s ]
INFO: [ view_filter ] --END-- [ RunTime:0.000638s ]
INFO: [ app_end ] --START--
INFO: Run Behavior\ShowPageTraceBehavior [ RunTime:0.001219s ]
INFO: [ app_end ] --END-- [ RunTime:0.001286s ]

[ 2018-12-01T09:42:29+08:00 ] ::1 /ruopusuye/home/index/about
INFO: [ app_init ] --START--
INFO: Run Behavior\BuildLiteBehavior [ RunTime:0.000013s ]
INFO: [ app_init ] --END-- [ RunTime:0.000521s ]
INFO: [ app_begin ] --START--
INFO: Run Behavior\ReadHtmlCacheBehavior [ RunTime:0.000755s ]
INFO: [ app_begin ] --END-- [ RunTime:0.000801s ]
SQL: SHOW COLUMNS FROM `rp_information` [ RunTime:0.0266s ]
SQL: SHOW COLUMNS FROM `rp_information` [ RunTime:0.0256s ]
SQL: SELECT * FROM `rp_information` WHERE ( id=1 ) LIMIT 1   [ RunTime:0.0237s ]
SQL: SELECT * FROM `rp_information` WHERE ( id=2 ) LIMIT 1   [ RunTime:0.0290s ]
SQL: SHOW COLUMNS FROM `rp_content` [ RunTime:0.0259s ]
SQL: SHOW COLUMNS FROM `rp_file` [ RunTime:0.0356s ]
SQL: SHOW COLUMNS FROM `rp_partner` [ RunTime:0.0280s ]
SQL: SHOW COLUMNS FROM `rp_file` [ RunTime:0.0322s ]
SQL: SELECT * FROM `rp_file` WHERE ( state=1 )  [ RunTime:0.0240s ]
SQL: SELECT * FROM `rp_file` WHERE ( state=3 )  [ RunTime:0.0244s ]
SQL: SHOW COLUMNS FROM `rp_content` [ RunTime:0.0307s ]
SQL: SELECT * FROM `rp_content` WHERE ( id=1 ) LIMIT 1   [ RunTime:0.0249s ]
SQL: SELECT * FROM `rp_content` WHERE ( id=3 ) LIMIT 1   [ RunTime:0.0271s ]
SQL: SHOW COLUMNS FROM `rp_partner` [ RunTime:0.0264s ]
SQL: SELECT * FROM `rp_partner`  [ RunTime:0.0284s ]
INFO: [ view_parse ] --START--
INFO: [ template_filter ] --START--
INFO: Run Behavior\ContentReplaceBehavior [ RunTime:0.000123s ]
INFO: [ template_filter ] --END-- [ RunTime:0.000200s ]
INFO: Run Behavior\ParseTemplateBehavior [ RunTime:0.033589s ]
INFO: [ view_parse ] --END-- [ RunTime:0.033681s ]
INFO: [ view_filter ] --START--
INFO: Run Behavior\WriteHtmlCacheBehavior [ RunTime:0.000936s ]
INFO: [ view_filter ] --END-- [ RunTime:0.000984s ]
INFO: [ app_end ] --START--
INFO: Run Behavior\ShowPageTraceBehavior [ RunTime:0.001704s ]
INFO: [ app_end ] --END-- [ RunTime:0.001798s ]

[ 2018-12-01T09:42:50+08:00 ] ::1 /ruopusuye/home/index/about
INFO: [ app_init ] --START--
INFO: Run Behavior\BuildLiteBehavior [ RunTime:0.000015s ]
INFO: [ app_init ] --END-- [ RunTime:0.000919s ]
INFO: [ app_begin ] --START--
INFO: Run Behavior\ReadHtmlCacheBehavior [ RunTime:0.000939s ]
INFO: [ app_begin ] --END-- [ RunTime:0.000991s ]
SQL: SHOW COLUMNS FROM `rp_information` [ RunTime:0.0242s ]
SQL: SHOW COLUMNS FROM `rp_information` [ RunTime:0.0281s ]
SQL: SELECT * FROM `rp_information` WHERE ( id=1 ) LIMIT 1   [ RunTime:0.0241s ]
SQL: SELECT * FROM `rp_information` WHERE ( id=2 ) LIMIT 1   [ RunTime:0.0231s ]
SQL: SHOW COLUMNS FROM `rp_content` [ RunTime:0.0262s ]
SQL: SHOW COLUMNS FROM `rp_file` [ RunTime:0.0247s ]
SQL: SHOW COLUMNS FROM `rp_partner` [ RunTime:0.0251s ]
SQL: SHOW COLUMNS FROM `rp_file` [ RunTime:0.0245s ]
SQL: SELECT * FROM `rp_file` WHERE ( state=1 )  [ RunTime:0.0229s ]
SQL: SELECT * FROM `rp_file` WHERE ( state=3 )  [ RunTime:0.0224s ]
SQL: SHOW COLUMNS FROM `rp_content` [ RunTime:0.0266s ]
SQL: SELECT * FROM `rp_content` WHERE ( id=1 ) LIMIT 1   [ RunTime:0.0242s ]
SQL: SELECT * FROM `rp_content` WHERE ( id=3 ) LIMIT 1   [ RunTime:0.0238s ]
SQL: SHOW COLUMNS FROM `rp_partner` [ RunTime:0.0256s ]
SQL: SELECT * FROM `rp_partner`  [ RunTime:0.0229s ]
INFO: [ view_parse ] --START--
INFO: [ template_filter ] --START--
INFO: Run Behavior\ContentReplaceBehavior [ RunTime:0.000147s ]
INFO: [ template_filter ] --END-- [ RunTime:0.000229s ]
INFO: Run Behavior\ParseTemplateBehavior [ RunTime:0.022802s ]
INFO: [ view_parse ] --END-- [ RunTime:0.022924s ]
INFO: [ view_filter ] --START--
INFO: Run Behavior\WriteHtmlCacheBehavior [ RunTime:0.001849s ]
INFO: [ view_filter ] --END-- [ RunTime:0.001959s ]
INFO: [ app_end ] --START--
INFO: Run Behavior\ShowPageTraceBehavior [ RunTime:0.003486s ]
INFO: [ app_end ] --END-- [ RunTime:0.003646s ]

