[ 2018-11-28T18:25:17+08:00 ] ::1 /ruopusuye/Public/Admin/css/rep.css
INFO: [ app_init ] --START--
INFO: Run Behavior\BuildLiteBehavior [ RunTime:0.000013s ]
INFO: [ app_init ] --END-- [ RunTime:0.000551s ]
ERR: 无法加载模块:Public

[ 2018-11-28T18:25:20+08:00 ] ::1 /ruopusuye/Public/Admin/css/rep.css
INFO: [ app_init ] --START--
INFO: Run Behavior\BuildLiteBehavior [ RunTime:0.000016s ]
INFO: [ app_init ] --END-- [ RunTime:0.000896s ]
ERR: 无法加载模块:Public

[ 2018-11-28T18:25:25+08:00 ] ::1 /ruopusuye/Public/Uploads/error
INFO: [ app_init ] --START--
INFO: Run Behavior\BuildLiteBehavior [ RunTime:0.000017s ]
INFO: [ app_init ] --END-- [ RunTime:0.000707s ]
ERR: 无法加载模块:Public

[ 2018-11-28T18:25:36+08:00 ] ::1 /ruopusuye/Public/Admin/css/rep.css
INFO: [ app_init ] --START--
INFO: Run Behavior\BuildLiteBehavior [ RunTime:0.000013s ]
INFO: [ app_init ] --END-- [ RunTime:0.000519s ]
ERR: 无法加载模块:Public

[ 2018-11-28T18:25:37+08:00 ] ::1 /ruopusuye/Public/Uploads/error
INFO: [ app_init ] --START--
INFO: Run Behavior\BuildLiteBehavior [ RunTime:0.000021s ]
INFO: [ app_init ] --END-- [ RunTime:0.000727s ]
ERR: 无法加载模块:Public

[ 2018-11-28T18:25:52+08:00 ] ::1 /ruopusuye/Public/Admin/css/rep.css
INFO: [ app_init ] --START--
INFO: Run Behavior\BuildLiteBehavior [ RunTime:0.000012s ]
INFO: [ app_init ] --END-- [ RunTime:0.000508s ]
ERR: 无法加载模块:Public

[ 2018-11-28T18:25:53+08:00 ] ::1 /ruopusuye/Public/Uploads/error
INFO: [ app_init ] --START--
INFO: Run Behavior\BuildLiteBehavior [ RunTime:0.000020s ]
INFO: [ app_init ] --END-- [ RunTime:0.000736s ]
ERR: 无法加载模块:Public

[ 2018-11-28T18:26:04+08:00 ] ::1 /ruopusuye/Public/Admin/css/rep.css
INFO: [ app_init ] --START--
INFO: Run Behavior\BuildLiteBehavior [ RunTime:0.000015s ]
INFO: [ app_init ] --END-- [ RunTime:0.000526s ]
ERR: 无法加载模块:Public

[ 2018-11-28T18:26:10+08:00 ] ::1 /ruopusuye/Public/Admin/css/rep.css
INFO: [ app_init ] --START--
INFO: Run Behavior\BuildLiteBehavior [ RunTime:0.000033s ]
INFO: [ app_init ] --END-- [ RunTime:0.000845s ]
ERR: 无法加载模块:Public

[ 2018-11-28T18:26:12+08:00 ] ::1 /ruopusuye/Public/Uploads/%E6%B2%A1%E6%9C%89%E6%96%87%E4%BB%B6%E8%A2%AB%E4%B8%8A%E4%BC%A0%EF%BC%81
INFO: [ app_init ] --START--
INFO: Run Behavior\BuildLiteBehavior [ RunTime:0.000019s ]
INFO: [ app_init ] --END-- [ RunTime:0.000650s ]
ERR: 无法加载模块:Public

