[ 2018-11-22T20:08:35+08:00 ] ::1 /ruopusuye/Public/Uploads/%E6%B2%A1%E6%9C%89%E6%96%87%E4%BB%B6%E8%A2%AB%E4%B8%8A%E4%BC%A0%EF%BC%81
INFO: [ app_init ] --START--
INFO: Run Behavior\BuildLiteBehavior [ RunTime:0.000017s ]
INFO: [ app_init ] --END-- [ RunTime:0.000657s ]
ERR: 无法加载模块:Public

[ 2018-11-22T20:09:34+08:00 ] ::1 /ruopusuye/Public/Uploads/%E6%B2%A1%E6%9C%89%E6%96%87%E4%BB%B6%E8%A2%AB%E4%B8%8A%E4%BC%A0%EF%BC%81
INFO: [ app_init ] --START--
INFO: Run Behavior\BuildLiteBehavior [ RunTime:0.000014s ]
INFO: [ app_init ] --END-- [ RunTime:0.000622s ]
ERR: 无法加载模块:Public

[ 2018-11-22T20:09:47+08:00 ] ::1 /ruopusuye/Public/Uploads/%E6%B2%A1%E6%9C%89%E6%96%87%E4%BB%B6%E8%A2%AB%E4%B8%8A%E4%BC%A0%EF%BC%81
INFO: [ app_init ] --START--
INFO: Run Behavior\BuildLiteBehavior [ RunTime:0.000047s ]
INFO: [ app_init ] --END-- [ RunTime:0.001186s ]
ERR: 无法加载模块:Public

[ 2018-11-22T20:23:15+08:00 ] ::1 /ruopusuye/Public/Uploads/%E6%B2%A1%E6%9C%89%E6%96%87%E4%BB%B6%E8%A2%AB%E4%B8%8A%E4%BC%A0%EF%BC%81
INFO: [ app_init ] --START--
INFO: Run Behavior\BuildLiteBehavior [ RunTime:0.000025s ]
INFO: [ app_init ] --END-- [ RunTime:0.001115s ]
ERR: 无法加载模块:Public

