[ 2018-11-25T18:17:52+08:00 ] ::1 /ruopusuye/Public/Uploads/%E6%B2%A1%E6%9C%89%E6%96%87%E4%BB%B6%E8%A2%AB%E4%B8%8A%E4%BC%A0%EF%BC%81
INFO: [ app_init ] --START--
INFO: Run Behavior\BuildLiteBehavior [ RunTime:0.000015s ]
INFO: [ app_init ] --END-- [ RunTime:0.000576s ]
ERR: 无法加载模块:Public

[ 2018-11-25T19:51:02+08:00 ] ::1 /ruopusuye/Public/Uploads/%E6%B2%A1%E6%9C%89%E6%96%87%E4%BB%B6%E8%A2%AB%E4%B8%8A%E4%BC%A0%EF%BC%81
INFO: [ app_init ] --START--
INFO: Run Behavior\BuildLiteBehavior [ RunTime:0.000020s ]
INFO: [ app_init ] --END-- [ RunTime:0.000707s ]
ERR: 无法加载模块:Public

[ 2018-11-25T19:51:28+08:00 ] ::1 /ruopusuye/Public/Uploads/%E4%B8%8A%E4%BC%A0%E7%9A%84%E6%96%87%E4%BB%B6%E8%B6%85%E8%BF%87%E4%BA%86%20php.ini%20%E4%B8%AD%20upload_max_filesize%20%E9%80%89%E9%A1%B9%E9%99%90%E5%88%B6%E7%9A%84%E5%80%BC%EF%BC%81
INFO: [ app_init ] --START--
INFO: Run Behavior\BuildLiteBehavior [ RunTime:0.000014s ]
INFO: [ app_init ] --END-- [ RunTime:0.000508s ]
ERR: 无法加载模块:Public

[ 2018-11-25T19:51:34+08:00 ] ::1 /ruopusuye/Public/Uploads/%E6%B2%A1%E6%9C%89%E6%96%87%E4%BB%B6%E8%A2%AB%E4%B8%8A%E4%BC%A0%EF%BC%81
INFO: [ app_init ] --START--
INFO: Run Behavior\BuildLiteBehavior [ RunTime:0.000025s ]
INFO: [ app_init ] --END-- [ RunTime:0.000789s ]
ERR: 无法加载模块:Public

[ 2018-11-25T19:52:02+08:00 ] ::1 /ruopusuye/Public/Uploads/%E6%B2%A1%E6%9C%89%E6%96%87%E4%BB%B6%E8%A2%AB%E4%B8%8A%E4%BC%A0%EF%BC%81
INFO: [ app_init ] --START--
INFO: Run Behavior\BuildLiteBehavior [ RunTime:0.000019s ]
INFO: [ app_init ] --END-- [ RunTime:0.000811s ]
ERR: 无法加载模块:Public

[ 2018-11-25T19:53:00+08:00 ] ::1 /ruopusuye/Public/Uploads/%E6%B2%A1%E6%9C%89%E6%96%87%E4%BB%B6%E8%A2%AB%E4%B8%8A%E4%BC%A0%EF%BC%81
INFO: [ app_init ] --START--
INFO: Run Behavior\BuildLiteBehavior [ RunTime:0.000019s ]
INFO: [ app_init ] --END-- [ RunTime:0.000683s ]
ERR: 无法加载模块:Public

[ 2018-11-25T19:53:28+08:00 ] ::1 /ruopusuye/Public/Uploads/%E6%B2%A1%E6%9C%89%E6%96%87%E4%BB%B6%E8%A2%AB%E4%B8%8A%E4%BC%A0%EF%BC%81
INFO: [ app_init ] --START--
INFO: Run Behavior\BuildLiteBehavior [ RunTime:0.000015s ]
INFO: [ app_init ] --END-- [ RunTime:0.000780s ]
ERR: 无法加载模块:Public

[ 2018-11-25T19:56:10+08:00 ] ::1 /ruopusuye/Public/Uploads/%E6%B2%A1%E6%9C%89%E6%96%87%E4%BB%B6%E8%A2%AB%E4%B8%8A%E4%BC%A0%EF%BC%81
INFO: [ app_init ] --START--
INFO: Run Behavior\BuildLiteBehavior [ RunTime:0.000016s ]
INFO: [ app_init ] --END-- [ RunTime:0.000566s ]
ERR: 无法加载模块:Public

[ 2018-11-25T19:56:16+08:00 ] ::1 /ruopusuye/Public/Uploads/0
INFO: [ app_init ] --START--
INFO: Run Behavior\BuildLiteBehavior [ RunTime:0.000016s ]
INFO: [ app_init ] --END-- [ RunTime:0.000620s ]
ERR: 无法加载模块:Public

[ 2018-11-25T19:57:47+08:00 ] ::1 /ruopusuye/Public/Uploads/0
INFO: [ app_init ] --START--
INFO: Run Behavior\BuildLiteBehavior [ RunTime:0.000039s ]
INFO: [ app_init ] --END-- [ RunTime:0.001040s ]
ERR: 无法加载模块:Public

[ 2018-11-25T20:00:00+08:00 ] ::1 /ruopusuye/Public/Uploads/0
INFO: [ app_init ] --START--
INFO: Run Behavior\BuildLiteBehavior [ RunTime:0.000023s ]
INFO: [ app_init ] --END-- [ RunTime:0.000788s ]
ERR: 无法加载模块:Public

[ 2018-11-25T20:00:36+08:00 ] ::1 /ruopusuye/Public/Uploads/0
INFO: [ app_init ] --START--
INFO: Run Behavior\BuildLiteBehavior [ RunTime:0.000022s ]
INFO: [ app_init ] --END-- [ RunTime:0.000871s ]
ERR: 无法加载模块:Public

[ 2018-11-25T20:01:50+08:00 ] ::1 /ruopusuye/Public/Uploads/0
INFO: [ app_init ] --START--
INFO: Run Behavior\BuildLiteBehavior [ RunTime:0.000019s ]
INFO: [ app_init ] --END-- [ RunTime:0.000621s ]
ERR: 无法加载模块:Public

[ 2018-11-25T20:01:56+08:00 ] ::1 /ruopusuye/Public/Uploads/error
INFO: [ app_init ] --START--
INFO: Run Behavior\BuildLiteBehavior [ RunTime:0.000014s ]
INFO: [ app_init ] --END-- [ RunTime:0.000530s ]
ERR: 无法加载模块:Public

[ 2018-11-25T20:03:10+08:00 ] ::1 /ruopusuye/Public/Uploads/error
INFO: [ app_init ] --START--
INFO: Run Behavior\BuildLiteBehavior [ RunTime:0.000015s ]
INFO: [ app_init ] --END-- [ RunTime:0.000594s ]
ERR: 无法加载模块:Public

[ 2018-11-25T20:03:40+08:00 ] ::1 /ruopusuye/Public/Uploads/error
INFO: [ app_init ] --START--
INFO: Run Behavior\BuildLiteBehavior [ RunTime:0.000041s ]
INFO: [ app_init ] --END-- [ RunTime:0.001209s ]
ERR: 无法加载模块:Public

[ 2018-11-25T20:04:17+08:00 ] ::1 /ruopusuye/Public/Uploads/error
INFO: [ app_init ] --START--
INFO: Run Behavior\BuildLiteBehavior [ RunTime:0.000070s ]
INFO: [ app_init ] --END-- [ RunTime:0.001764s ]
ERR: 无法加载模块:Public

[ 2018-11-25T20:04:31+08:00 ] ::1 /ruopusuye/Public/Uploads/error
INFO: [ app_init ] --START--
INFO: Run Behavior\BuildLiteBehavior [ RunTime:0.000016s ]
INFO: [ app_init ] --END-- [ RunTime:0.000521s ]
ERR: 无法加载模块:Public

