[ 2018-12-02T15:45:09+08:00 ] ::1 /ruopusuye/Public/Admin/css/rep.css
INFO: [ app_init ] --START--
INFO: Run Behavior\BuildLiteBehavior [ RunTime:0.000012s ]
INFO: [ app_init ] --END-- [ RunTime:0.000451s ]
ERR: 无法加载模块:Public

[ 2018-12-02T15:46:20+08:00 ] ::1 /ruopusuye/Public/Admin/css/rep.css
INFO: [ app_init ] --START--
INFO: Run Behavior\BuildLiteBehavior [ RunTime:0.000026s ]
INFO: [ app_init ] --END-- [ RunTime:0.000842s ]
ERR: 无法加载模块:Public

[ 2018-12-02T15:58:15+08:00 ] ::1 /ruopusuye/Public/Admin/css/rep.css
INFO: [ app_init ] --START--
INFO: Run Behavior\BuildLiteBehavior [ RunTime:0.000032s ]
INFO: [ app_init ] --END-- [ RunTime:0.000841s ]
ERR: 无法加载模块:Public

[ 2018-12-02T18:38:35+08:00 ] ::1 /ruopusuye/Public/Uploads/%7B%7D
INFO: [ app_init ] --START--
INFO: Run Behavior\BuildLiteBehavior [ RunTime:0.000017s ]
INFO: [ app_init ] --END-- [ RunTime:0.000586s ]
ERR: 无法加载模块:Public

[ 2018-12-02T18:39:17+08:00 ] ::1 /ruopusuye/Public/Uploads/%7B%7D
INFO: [ app_init ] --START--
INFO: Run Behavior\BuildLiteBehavior [ RunTime:0.000014s ]
INFO: [ app_init ] --END-- [ RunTime:0.000538s ]
ERR: 无法加载模块:Public

[ 2018-12-02T19:15:25+08:00 ] ::1 /ruopusuye/Public/img/%E6%B5%BC%E6%A8%BA%E5%A8%8D_1.jpg
INFO: [ app_init ] --START--
INFO: Run Behavior\BuildLiteBehavior [ RunTime:0.000016s ]
INFO: [ app_init ] --END-- [ RunTime:0.000553s ]
ERR: 无法加载模块:Public

[ 2018-12-02T19:15:25+08:00 ] ::1 /ruopusuye/Public/img/index_main_%E7%BB%A0%E2%82%AC%E6%B5%A0%EF%BF%BD.jpg
INFO: [ app_init ] --START--
INFO: Run Behavior\BuildLiteBehavior [ RunTime:0.000036s ]
INFO: [ app_init ] --END-- [ RunTime:0.003334s ]
ERR: 无法加载模块:Public

[ 2018-12-02T19:15:25+08:00 ] ::1 /ruopusuye/Public/img/%E6%B5%BC%E6%A8%BA%E5%A8%8D_2.jpg
INFO: [ app_init ] --START--
INFO: Run Behavior\BuildLiteBehavior [ RunTime:0.000019s ]
INFO: [ app_init ] --END-- [ RunTime:0.000738s ]
ERR: 无法加载模块:Public

[ 2018-12-02T19:15:25+08:00 ] ::1 /ruopusuye/Public/img/%E6%B5%BC%E6%A8%BA%E5%A8%8D_3.jpg
INFO: [ app_init ] --START--
INFO: Run Behavior\BuildLiteBehavior [ RunTime:0.000029s ]
INFO: [ app_init ] --END-- [ RunTime:0.000804s ]
ERR: 无法加载模块:Public

[ 2018-12-02T19:21:50+08:00 ] ::1 /ruopusuye/Public/img/%E6%B5%BC%E6%A8%BA%E5%A8%8D_1.jpg
INFO: [ app_init ] --START--
INFO: Run Behavior\BuildLiteBehavior [ RunTime:0.000027s ]
INFO: [ app_init ] --END-- [ RunTime:0.000719s ]
ERR: 无法加载模块:Public

[ 2018-12-02T19:21:50+08:00 ] ::1 /ruopusuye/Public/img/%E6%B5%BC%E6%A8%BA%E5%A8%8D_2.jpg
INFO: [ app_init ] --START--
INFO: Run Behavior\BuildLiteBehavior [ RunTime:0.000023s ]
INFO: [ app_init ] --END-- [ RunTime:0.000768s ]
ERR: 无法加载模块:Public

[ 2018-12-02T19:22:03+08:00 ] ::1 /ruopusuye/Public/img/%E6%B5%BC%E6%A8%BA%E5%A8%8D_1.jpg
INFO: [ app_init ] --START--
INFO: Run Behavior\BuildLiteBehavior [ RunTime:0.000021s ]
INFO: [ app_init ] --END-- [ RunTime:0.000668s ]
ERR: 无法加载模块:Public

[ 2018-12-02T19:22:03+08:00 ] ::1 /ruopusuye/Public/img/%E6%B5%BC%E6%A8%BA%E5%A8%8D_3.jpg
INFO: [ app_init ] --START--
INFO: Run Behavior\BuildLiteBehavior [ RunTime:0.000020s ]
INFO: [ app_init ] --END-- [ RunTime:0.000637s ]
ERR: 无法加载模块:Public

[ 2018-12-02T19:22:03+08:00 ] ::1 /ruopusuye/Public/img/%E6%B5%BC%E6%A8%BA%E5%A8%8D_2.jpg
INFO: [ app_init ] --START--
INFO: Run Behavior\BuildLiteBehavior [ RunTime:0.000019s ]
INFO: [ app_init ] --END-- [ RunTime:0.000688s ]
ERR: 无法加载模块:Public

[ 2018-12-02T19:22:17+08:00 ] ::1 /ruopusuye/Public/img/%E6%B5%BC%E6%A8%BA%E5%A8%8D_1.jpg
INFO: [ app_init ] --START--
INFO: Run Behavior\BuildLiteBehavior [ RunTime:0.000022s ]
INFO: [ app_init ] --END-- [ RunTime:0.000600s ]
ERR: 无法加载模块:Public

[ 2018-12-02T19:22:17+08:00 ] ::1 /ruopusuye/Public/img/%E6%B5%BC%E6%A8%BA%E5%A8%8D_3.jpg
INFO: [ app_init ] --START--
INFO: Run Behavior\BuildLiteBehavior [ RunTime:0.000019s ]
INFO: [ app_init ] --END-- [ RunTime:0.000578s ]
ERR: 无法加载模块:Public

[ 2018-12-02T19:22:17+08:00 ] ::1 /ruopusuye/Public/img/%E6%B5%BC%E6%A8%BA%E5%A8%8D_2.jpg
INFO: [ app_init ] --START--
INFO: Run Behavior\BuildLiteBehavior [ RunTime:0.000017s ]
INFO: [ app_init ] --END-- [ RunTime:0.000539s ]
ERR: 无法加载模块:Public

[ 2018-12-02T19:59:24+08:00 ] ::1 /ruopusuye/Public/img/%E6%B5%BC%E6%A8%BA%E5%A8%8D_1.jpg
INFO: [ app_init ] --START--
INFO: Run Behavior\BuildLiteBehavior [ RunTime:0.000018s ]
INFO: [ app_init ] --END-- [ RunTime:0.000554s ]
ERR: 无法加载模块:Public

[ 2018-12-02T19:59:24+08:00 ] ::1 /ruopusuye/Public/img/%E6%B5%BC%E6%A8%BA%E5%A8%8D_2.jpg
INFO: [ app_init ] --START--
INFO: Run Behavior\BuildLiteBehavior [ RunTime:0.000018s ]
INFO: [ app_init ] --END-- [ RunTime:0.000667s ]
ERR: 无法加载模块:Public

[ 2018-12-02T19:59:24+08:00 ] ::1 /ruopusuye/Public/img/%E6%B5%BC%E6%A8%BA%E5%A8%8D_3.jpg
INFO: [ app_init ] --START--
INFO: Run Behavior\BuildLiteBehavior [ RunTime:0.000013s ]
INFO: [ app_init ] --END-- [ RunTime:0.000672s ]
ERR: 无法加载模块:Public

[ 2018-12-02T19:59:43+08:00 ] ::1 /ruopusuye/Public/Uploads/2018-11-28/5bfe7472cbb25.jpg
INFO: [ app_init ] --START--
INFO: Run Behavior\BuildLiteBehavior [ RunTime:0.000017s ]
INFO: [ app_init ] --END-- [ RunTime:0.000547s ]
ERR: 无法加载模块:Public

[ 2018-12-02T19:59:43+08:00 ] ::1 /ruopusuye/Public/Uploads/2018-11-26/5bfb6780d3920.jpg
INFO: [ app_init ] --START--
INFO: Run Behavior\BuildLiteBehavior [ RunTime:0.000019s ]
INFO: [ app_init ] --END-- [ RunTime:0.000598s ]
ERR: 无法加载模块:Public

[ 2018-12-02T19:59:43+08:00 ] ::1 /ruopusuye/Public/img/%E6%B5%BC%E6%A8%BA%E5%A8%8D_3.jpg
INFO: [ app_init ] --START--
INFO: Run Behavior\BuildLiteBehavior [ RunTime:0.000018s ]
INFO: [ app_init ] --END-- [ RunTime:0.000743s ]
ERR: 无法加载模块:Public

[ 2018-12-02T19:59:43+08:00 ] ::1 /ruopusuye/Public/img/%E6%B5%BC%E6%A8%BA%E5%A8%8D_1.jpg
INFO: [ app_init ] --START--
INFO: Run Behavior\BuildLiteBehavior [ RunTime:0.000019s ]
INFO: [ app_init ] --END-- [ RunTime:0.000672s ]
ERR: 无法加载模块:Public

[ 2018-12-02T19:59:43+08:00 ] ::1 /ruopusuye/Public/Uploads/2018-11-25/5bfaa4c169ea3.jpg
INFO: [ app_init ] --START--
INFO: Run Behavior\BuildLiteBehavior [ RunTime:0.000022s ]
INFO: [ app_init ] --END-- [ RunTime:0.000766s ]
ERR: 无法加载模块:Public

[ 2018-12-02T19:59:43+08:00 ] ::1 /ruopusuye/Public/img/%E6%B5%BC%E6%A8%BA%E5%A8%8D_2.jpg
INFO: [ app_init ] --START--
INFO: Run Behavior\BuildLiteBehavior [ RunTime:0.000040s ]
INFO: [ app_init ] --END-- [ RunTime:0.002093s ]
ERR: 无法加载模块:Public

[ 2018-12-02T19:59:55+08:00 ] ::1 /ruopusuye/Public/Uploads/2018-11-26/5bfb6780d3920.jpg
INFO: [ app_init ] --START--
INFO: Run Behavior\BuildLiteBehavior [ RunTime:0.000019s ]
INFO: [ app_init ] --END-- [ RunTime:0.000619s ]
ERR: 无法加载模块:Public

[ 2018-12-02T19:59:55+08:00 ] ::1 /ruopusuye/Public/Uploads/2018-11-28/5bfe7472cbb25.jpg
INFO: [ app_init ] --START--
INFO: Run Behavior\BuildLiteBehavior [ RunTime:0.000023s ]
INFO: [ app_init ] --END-- [ RunTime:0.000764s ]
ERR: 无法加载模块:Public

[ 2018-12-02T19:59:55+08:00 ] ::1 /ruopusuye/Public/Uploads/2018-11-25/5bfaa4c169ea3.jpg
INFO: [ app_init ] --START--
INFO: Run Behavior\BuildLiteBehavior [ RunTime:0.000019s ]
INFO: [ app_init ] --END-- [ RunTime:0.000617s ]
ERR: 无法加载模块:Public

[ 2018-12-02T20:00:52+08:00 ] ::1 /ruopusuye/Public/Uploads/2018-11-26/5bfb6780d3920.jpg
INFO: [ app_init ] --START--
INFO: Run Behavior\BuildLiteBehavior [ RunTime:0.000020s ]
INFO: [ app_init ] --END-- [ RunTime:0.000664s ]
ERR: 无法加载模块:Public

[ 2018-12-02T20:00:52+08:00 ] ::1 /ruopusuye/Public/Uploads/2018-11-25/5bfaa4c169ea3.jpg
INFO: [ app_init ] --START--
INFO: Run Behavior\BuildLiteBehavior [ RunTime:0.000019s ]
INFO: [ app_init ] --END-- [ RunTime:0.000689s ]
ERR: 无法加载模块:Public

[ 2018-12-02T20:00:52+08:00 ] ::1 /ruopusuye/Public/Uploads/2018-11-28/5bfe7472cbb25.jpg
INFO: [ app_init ] --START--
INFO: Run Behavior\BuildLiteBehavior [ RunTime:0.000023s ]
INFO: [ app_init ] --END-- [ RunTime:0.000764s ]
ERR: 无法加载模块:Public

[ 2018-12-02T20:01:13+08:00 ] ::1 /ruopusuye/Public/Uploads/2018-11-28/5bfe7472cbb25.jpg
INFO: [ app_init ] --START--
INFO: Run Behavior\BuildLiteBehavior [ RunTime:0.000015s ]
INFO: [ app_init ] --END-- [ RunTime:0.000581s ]
ERR: 无法加载模块:Public

[ 2018-12-02T20:01:13+08:00 ] ::1 /ruopusuye/Public/img/%E6%B5%BC%E6%A8%BA%E5%A8%8D_3.jpg
INFO: [ app_init ] --START--
INFO: Run Behavior\BuildLiteBehavior [ RunTime:0.000027s ]
INFO: [ app_init ] --END-- [ RunTime:0.001263s ]
ERR: 无法加载模块:Public

[ 2018-12-02T20:01:13+08:00 ] ::1 /ruopusuye/Public/img/%E6%B5%BC%E6%A8%BA%E5%A8%8D_1.jpg
INFO: [ app_init ] --START--
INFO: Run Behavior\BuildLiteBehavior [ RunTime:0.000020s ]
INFO: [ app_init ] --END-- [ RunTime:0.000695s ]
ERR: 无法加载模块:Public

[ 2018-12-02T20:01:13+08:00 ] ::1 /ruopusuye/Public/Uploads/2018-11-26/5bfb6780d3920.jpg
INFO: [ app_init ] --START--
INFO: Run Behavior\BuildLiteBehavior [ RunTime:0.000020s ]
INFO: [ app_init ] --END-- [ RunTime:0.000792s ]
ERR: 无法加载模块:Public

[ 2018-12-02T20:01:13+08:00 ] ::1 /ruopusuye/Public/img/%E6%B5%BC%E6%A8%BA%E5%A8%8D_2.jpg
INFO: [ app_init ] --START--
INFO: Run Behavior\BuildLiteBehavior [ RunTime:0.000020s ]
INFO: [ app_init ] --END-- [ RunTime:0.000751s ]
ERR: 无法加载模块:Public

[ 2018-12-02T20:01:13+08:00 ] ::1 /ruopusuye/Public/Uploads/2018-11-25/5bfaa4c169ea3.jpg
INFO: [ app_init ] --START--
INFO: Run Behavior\BuildLiteBehavior [ RunTime:0.000020s ]
INFO: [ app_init ] --END-- [ RunTime:0.000714s ]
ERR: 无法加载模块:Public

[ 2018-12-02T20:02:40+08:00 ] ::1 /ruopusuye/Public/Uploads/2018-11-26/5bfb6780d3920.jpg
INFO: [ app_init ] --START--
INFO: Run Behavior\BuildLiteBehavior [ RunTime:0.000042s ]
INFO: [ app_init ] --END-- [ RunTime:0.000663s ]
ERR: 无法加载模块:Public

[ 2018-12-02T20:02:40+08:00 ] ::1 /ruopusuye/Public/Uploads/2018-11-28/5bfe7472cbb25.jpg
INFO: [ app_init ] --START--
INFO: Run Behavior\BuildLiteBehavior [ RunTime:0.000020s ]
INFO: [ app_init ] --END-- [ RunTime:0.000569s ]
ERR: 无法加载模块:Public

[ 2018-12-02T20:02:40+08:00 ] ::1 /ruopusuye/Public/Uploads/2018-11-25/5bfaa4c169ea3.jpg
INFO: [ app_init ] --START--
INFO: Run Behavior\BuildLiteBehavior [ RunTime:0.000022s ]
INFO: [ app_init ] --END-- [ RunTime:0.001083s ]
ERR: 无法加载模块:Public

[ 2018-12-02T20:03:01+08:00 ] ::1 /ruopusuye/Public/Uploads/2018-11-26/5bfb6780d3920.jpg
INFO: [ app_init ] --START--
INFO: Run Behavior\BuildLiteBehavior [ RunTime:0.000030s ]
INFO: [ app_init ] --END-- [ RunTime:0.000714s ]
ERR: 无法加载模块:Public

[ 2018-12-02T20:03:35+08:00 ] ::1 /ruopusuye/Public/Uploads/2018-11-26/5bfb6780d3920.jpg
INFO: [ app_init ] --START--
INFO: Run Behavior\BuildLiteBehavior [ RunTime:0.000019s ]
INFO: [ app_init ] --END-- [ RunTime:0.000654s ]
ERR: 无法加载模块:Public

[ 2018-12-02T20:08:13+08:00 ] ::1 /ruopusuye/Public/Uploads/2018-11-28/5bfe7472cbb25.jpg
INFO: [ app_init ] --START--
INFO: Run Behavior\BuildLiteBehavior [ RunTime:0.000018s ]
INFO: [ app_init ] --END-- [ RunTime:0.000602s ]
ERR: 无法加载模块:Public

[ 2018-12-02T20:08:13+08:00 ] ::1 /ruopusuye/Public/Uploads/2018-11-26/5bfb6780d3920.jpg
INFO: [ app_init ] --START--
INFO: Run Behavior\BuildLiteBehavior [ RunTime:0.000023s ]
INFO: [ app_init ] --END-- [ RunTime:0.000957s ]
ERR: 无法加载模块:Public

[ 2018-12-02T20:08:13+08:00 ] ::1 /ruopusuye/Public/Uploads/2018-11-25/5bfaa4c169ea3.jpg
INFO: [ app_init ] --START--
INFO: Run Behavior\BuildLiteBehavior [ RunTime:0.000015s ]
INFO: [ app_init ] --END-- [ RunTime:0.000553s ]
ERR: 无法加载模块:Public

[ 2018-12-02T20:08:22+08:00 ] ::1 /ruopusuye/Public/Uploads/2018-11-26/5bfb6780d3920.jpg
INFO: [ app_init ] --START--
INFO: Run Behavior\BuildLiteBehavior [ RunTime:0.000027s ]
INFO: [ app_init ] --END-- [ RunTime:0.000800s ]
ERR: 无法加载模块:Public

[ 2018-12-02T20:08:22+08:00 ] ::1 /ruopusuye/Public/Uploads/2018-11-28/5bfe7472cbb25.jpg
INFO: [ app_init ] --START--
INFO: Run Behavior\BuildLiteBehavior [ RunTime:0.000027s ]
INFO: [ app_init ] --END-- [ RunTime:0.001031s ]
ERR: 无法加载模块:Public

[ 2018-12-02T20:08:22+08:00 ] ::1 /ruopusuye/Public/Uploads/2018-11-25/5bfaa4c169ea3.jpg
INFO: [ app_init ] --START--
INFO: Run Behavior\BuildLiteBehavior [ RunTime:0.000015s ]
INFO: [ app_init ] --END-- [ RunTime:0.001049s ]
ERR: 无法加载模块:Public

[ 2018-12-02T20:08:43+08:00 ] ::1 /ruopusuye/Public/Uploads/2018-11-28/5bfe7472cbb25.jpg
INFO: [ app_init ] --START--
INFO: Run Behavior\BuildLiteBehavior [ RunTime:0.000021s ]
INFO: [ app_init ] --END-- [ RunTime:0.000732s ]
ERR: 无法加载模块:Public

[ 2018-12-02T20:08:43+08:00 ] ::1 /ruopusuye/Public/Uploads/2018-11-26/5bfb6780d3920.jpg
INFO: [ app_init ] --START--
INFO: Run Behavior\BuildLiteBehavior [ RunTime:0.000026s ]
INFO: [ app_init ] --END-- [ RunTime:0.000774s ]
ERR: 无法加载模块:Public

[ 2018-12-02T20:08:43+08:00 ] ::1 /ruopusuye/Public/Uploads/2018-11-25/5bfaa4c169ea3.jpg
INFO: [ app_init ] --START--
INFO: Run Behavior\BuildLiteBehavior [ RunTime:0.000152s ]
INFO: [ app_init ] --END-- [ RunTime:0.001248s ]
ERR: 无法加载模块:Public

[ 2018-12-02T20:09:18+08:00 ] ::1 /ruopusuye/Public/Uploads/2018-11-26/5bfb6780d3920.jpg
INFO: [ app_init ] --START--
INFO: Run Behavior\BuildLiteBehavior [ RunTime:0.000043s ]
INFO: [ app_init ] --END-- [ RunTime:0.000728s ]
ERR: 无法加载模块:Public

[ 2018-12-02T20:09:18+08:00 ] ::1 /ruopusuye/Public/Uploads/2018-11-28/5bfe7472cbb25.jpg
INFO: [ app_init ] --START--
INFO: Run Behavior\BuildLiteBehavior [ RunTime:0.000023s ]
INFO: [ app_init ] --END-- [ RunTime:0.000700s ]
ERR: 无法加载模块:Public

[ 2018-12-02T20:09:18+08:00 ] ::1 /ruopusuye/Public/Uploads/2018-11-25/5bfaa4c169ea3.jpg
INFO: [ app_init ] --START--
INFO: Run Behavior\BuildLiteBehavior [ RunTime:0.000029s ]
INFO: [ app_init ] --END-- [ RunTime:0.003738s ]
ERR: 无法加载模块:Public

[ 2018-12-02T20:09:20+08:00 ] ::1 /ruopusuye/Public/Uploads/2018-11-28/5bfe7472cbb25.jpg
INFO: [ app_init ] --START--
INFO: Run Behavior\BuildLiteBehavior [ RunTime:0.000018s ]
INFO: [ app_init ] --END-- [ RunTime:0.000737s ]
ERR: 无法加载模块:Public

[ 2018-12-02T20:09:20+08:00 ] ::1 /ruopusuye/Public/Uploads/2018-11-26/5bfb6780d3920.jpg
INFO: [ app_init ] --START--
INFO: Run Behavior\BuildLiteBehavior [ RunTime:0.000019s ]
INFO: [ app_init ] --END-- [ RunTime:0.000657s ]
ERR: 无法加载模块:Public

[ 2018-12-02T20:09:20+08:00 ] ::1 /ruopusuye/Public/Uploads/2018-11-25/5bfaa4c169ea3.jpg
INFO: [ app_init ] --START--
INFO: Run Behavior\BuildLiteBehavior [ RunTime:0.000024s ]
INFO: [ app_init ] --END-- [ RunTime:0.000829s ]
ERR: 无法加载模块:Public

[ 2018-12-02T20:09:46+08:00 ] ::1 /ruopusuye/Public/Uploads/2018-11-28/5bfe7472cbb25.jpg
INFO: [ app_init ] --START--
INFO: Run Behavior\BuildLiteBehavior [ RunTime:0.000019s ]
INFO: [ app_init ] --END-- [ RunTime:0.000707s ]
ERR: 无法加载模块:Public

[ 2018-12-02T20:09:46+08:00 ] ::1 /ruopusuye/Public/Uploads/2018-11-26/5bfb6780d3920.jpg
INFO: [ app_init ] --START--
INFO: Run Behavior\BuildLiteBehavior [ RunTime:0.000018s ]
INFO: [ app_init ] --END-- [ RunTime:0.000713s ]
ERR: 无法加载模块:Public

[ 2018-12-02T20:09:46+08:00 ] ::1 /ruopusuye/Public/Uploads/2018-11-25/5bfaa4c169ea3.jpg
INFO: [ app_init ] --START--
INFO: Run Behavior\BuildLiteBehavior [ RunTime:0.000019s ]
INFO: [ app_init ] --END-- [ RunTime:0.000911s ]
ERR: 无法加载模块:Public

[ 2018-12-02T20:09:58+08:00 ] ::1 /ruopusuye/Public/Uploads/2018-11-26/5bfb6780d3920.jpg
INFO: [ app_init ] --START--
INFO: Run Behavior\BuildLiteBehavior [ RunTime:0.000019s ]
INFO: [ app_init ] --END-- [ RunTime:0.000537s ]
ERR: 无法加载模块:Public

[ 2018-12-02T20:09:58+08:00 ] ::1 /ruopusuye/Public/Uploads/2018-11-28/5bfe7472cbb25.jpg
INFO: [ app_init ] --START--
INFO: Run Behavior\BuildLiteBehavior [ RunTime:0.000080s ]
INFO: [ app_init ] --END-- [ RunTime:0.000880s ]
ERR: 无法加载模块:Public

[ 2018-12-02T20:09:58+08:00 ] ::1 /ruopusuye/Public/Uploads/2018-11-25/5bfaa4c169ea3.jpg
INFO: [ app_init ] --START--
INFO: Run Behavior\BuildLiteBehavior [ RunTime:0.000036s ]
INFO: [ app_init ] --END-- [ RunTime:0.000582s ]
ERR: 无法加载模块:Public

[ 2018-12-02T20:09:59+08:00 ] ::1 /ruopusuye/Public/Uploads/2018-11-25/5bfaa4c169ea3.jpg
INFO: [ app_init ] --START--
INFO: Run Behavior\BuildLiteBehavior [ RunTime:0.000021s ]
INFO: [ app_init ] --END-- [ RunTime:0.000720s ]
ERR: 无法加载模块:Public

[ 2018-12-02T20:10:28+08:00 ] ::1 /ruopusuye/Public/Uploads/2018-11-28/5bfe7472cbb25.jpg
INFO: [ app_init ] --START--
INFO: Run Behavior\BuildLiteBehavior [ RunTime:0.000021s ]
INFO: [ app_init ] --END-- [ RunTime:0.000952s ]
ERR: 无法加载模块:Public

[ 2018-12-02T20:10:28+08:00 ] ::1 /ruopusuye/Public/Uploads/2018-11-26/5bfb6780d3920.jpg
INFO: [ app_init ] --START--
INFO: Run Behavior\BuildLiteBehavior [ RunTime:0.000022s ]
INFO: [ app_init ] --END-- [ RunTime:0.000737s ]
ERR: 无法加载模块:Public

[ 2018-12-02T20:10:28+08:00 ] ::1 /ruopusuye/Public/Uploads/2018-11-25/5bfaa4c169ea3.jpg
INFO: [ app_init ] --START--
INFO: Run Behavior\BuildLiteBehavior [ RunTime:0.000022s ]
INFO: [ app_init ] --END-- [ RunTime:0.000852s ]
ERR: 无法加载模块:Public

[ 2018-12-02T20:10:31+08:00 ] ::1 /ruopusuye/Public/Uploads/2018-11-28/5bfe7472cbb25.jpg
INFO: [ app_init ] --START--
INFO: Run Behavior\BuildLiteBehavior [ RunTime:0.000019s ]
INFO: [ app_init ] --END-- [ RunTime:0.000579s ]
ERR: 无法加载模块:Public

[ 2018-12-02T20:10:31+08:00 ] ::1 /ruopusuye/Public/Uploads/2018-11-25/5bfaa4c169ea3.jpg
INFO: [ app_init ] --START--
INFO: Run Behavior\BuildLiteBehavior [ RunTime:0.000025s ]
INFO: [ app_init ] --END-- [ RunTime:0.000865s ]
ERR: 无法加载模块:Public

[ 2018-12-02T20:10:31+08:00 ] ::1 /ruopusuye/Public/Uploads/2018-11-26/5bfb6780d3920.jpg
INFO: [ app_init ] --START--
INFO: Run Behavior\BuildLiteBehavior [ RunTime:0.000021s ]
INFO: [ app_init ] --END-- [ RunTime:0.000739s ]
ERR: 无法加载模块:Public

[ 2018-12-02T20:10:52+08:00 ] ::1 /ruopusuye/Public/Uploads/2018-11-26/5bfb6780d3920.jpg
INFO: [ app_init ] --START--
INFO: Run Behavior\BuildLiteBehavior [ RunTime:0.000022s ]
INFO: [ app_init ] --END-- [ RunTime:0.000599s ]
ERR: 无法加载模块:Public

[ 2018-12-02T20:10:52+08:00 ] ::1 /ruopusuye/Public/Uploads/2018-11-25/5bfaa4c169ea3.jpg
INFO: [ app_init ] --START--
INFO: Run Behavior\BuildLiteBehavior [ RunTime:0.000027s ]
INFO: [ app_init ] --END-- [ RunTime:0.000725s ]
ERR: 无法加载模块:Public

[ 2018-12-02T20:10:52+08:00 ] ::1 /ruopusuye/Public/Uploads/2018-11-28/5bfe7472cbb25.jpg
INFO: [ app_init ] --START--
INFO: Run Behavior\BuildLiteBehavior [ RunTime:0.000014s ]
INFO: [ app_init ] --END-- [ RunTime:0.000486s ]
ERR: 无法加载模块:Public

[ 2018-12-02T20:11:05+08:00 ] ::1 /ruopusuye/Public/Uploads/2018-11-28/5bfe7472cbb25.jpg
INFO: [ app_init ] --START--
INFO: Run Behavior\BuildLiteBehavior [ RunTime:0.000020s ]
INFO: [ app_init ] --END-- [ RunTime:0.000591s ]
ERR: 无法加载模块:Public

[ 2018-12-02T20:11:05+08:00 ] ::1 /ruopusuye/Public/Uploads/2018-11-26/5bfb6780d3920.jpg
INFO: [ app_init ] --START--
INFO: Run Behavior\BuildLiteBehavior [ RunTime:0.000019s ]
INFO: [ app_init ] --END-- [ RunTime:0.000605s ]
ERR: 无法加载模块:Public

[ 2018-12-02T20:11:05+08:00 ] ::1 /ruopusuye/Public/Uploads/2018-11-25/5bfaa4c169ea3.jpg
INFO: [ app_init ] --START--
INFO: Run Behavior\BuildLiteBehavior [ RunTime:0.000025s ]
INFO: [ app_init ] --END-- [ RunTime:0.000835s ]
ERR: 无法加载模块:Public

[ 2018-12-02T20:11:18+08:00 ] ::1 /ruopusuye/Public/Uploads/2018-11-28/5bfe7472cbb25.jpg
INFO: [ app_init ] --START--
INFO: Run Behavior\BuildLiteBehavior [ RunTime:0.000022s ]
INFO: [ app_init ] --END-- [ RunTime:0.000684s ]
ERR: 无法加载模块:Public

[ 2018-12-02T20:11:18+08:00 ] ::1 /ruopusuye/Public/Uploads/2018-11-25/5bfaa4c169ea3.jpg
INFO: [ app_init ] --START--
INFO: Run Behavior\BuildLiteBehavior [ RunTime:0.000027s ]
INFO: [ app_init ] --END-- [ RunTime:0.001030s ]
ERR: 无法加载模块:Public

[ 2018-12-02T20:11:18+08:00 ] ::1 /ruopusuye/Public/Uploads/2018-11-26/5bfb6780d3920.jpg
INFO: [ app_init ] --START--
INFO: Run Behavior\BuildLiteBehavior [ RunTime:0.000023s ]
INFO: [ app_init ] --END-- [ RunTime:0.000938s ]
ERR: 无法加载模块:Public

[ 2018-12-02T20:14:15+08:00 ] ::1 /ruopusuye/Public/Uploads/2018-11-26/5bfb6780d3920.jpg
INFO: [ app_init ] --START--
INFO: Run Behavior\BuildLiteBehavior [ RunTime:0.000020s ]
INFO: [ app_init ] --END-- [ RunTime:0.000711s ]
ERR: 无法加载模块:Public

[ 2018-12-02T20:14:15+08:00 ] ::1 /ruopusuye/Public/Uploads/2018-11-28/5bfe7472cbb25.jpg
INFO: [ app_init ] --START--
INFO: Run Behavior\BuildLiteBehavior [ RunTime:0.000017s ]
INFO: [ app_init ] --END-- [ RunTime:0.000630s ]
ERR: 无法加载模块:Public

[ 2018-12-02T20:14:15+08:00 ] ::1 /ruopusuye/Public/Uploads/2018-11-25/5bfaa4c169ea3.jpg
INFO: [ app_init ] --START--
INFO: Run Behavior\BuildLiteBehavior [ RunTime:0.000023s ]
INFO: [ app_init ] --END-- [ RunTime:0.000956s ]
ERR: 无法加载模块:Public

[ 2018-12-02T20:14:16+08:00 ] ::1 /ruopusuye/Public/Uploads/2018-11-28/5bfe7472cbb25.jpg
INFO: [ app_init ] --START--
INFO: Run Behavior\BuildLiteBehavior [ RunTime:0.000019s ]
INFO: [ app_init ] --END-- [ RunTime:0.000632s ]
ERR: 无法加载模块:Public

[ 2018-12-02T20:14:16+08:00 ] ::1 /ruopusuye/Public/Uploads/2018-11-26/5bfb6780d3920.jpg
INFO: [ app_init ] --START--
INFO: Run Behavior\BuildLiteBehavior [ RunTime:0.000021s ]
INFO: [ app_init ] --END-- [ RunTime:0.000680s ]
ERR: 无法加载模块:Public

[ 2018-12-02T20:14:16+08:00 ] ::1 /ruopusuye/Public/Uploads/2018-11-25/5bfaa4c169ea3.jpg
INFO: [ app_init ] --START--
INFO: Run Behavior\BuildLiteBehavior [ RunTime:0.000084s ]
INFO: [ app_init ] --END-- [ RunTime:0.000837s ]
ERR: 无法加载模块:Public

[ 2018-12-02T20:15:28+08:00 ] ::1 /ruopusuye/Public/Uploads/2018-11-28/5bfe7472cbb25.jpg
INFO: [ app_init ] --START--
INFO: Run Behavior\BuildLiteBehavior [ RunTime:0.000039s ]
INFO: [ app_init ] --END-- [ RunTime:0.001274s ]
ERR: 无法加载模块:Public

[ 2018-12-02T20:15:28+08:00 ] ::1 /ruopusuye/Public/Uploads/2018-11-26/5bfb6780d3920.jpg
INFO: [ app_init ] --START--
INFO: Run Behavior\BuildLiteBehavior [ RunTime:0.000042s ]
INFO: [ app_init ] --END-- [ RunTime:0.000815s ]
ERR: 无法加载模块:Public

[ 2018-12-02T20:15:28+08:00 ] ::1 /ruopusuye/Public/Uploads/2018-11-25/5bfaa4c169ea3.jpg
INFO: [ app_init ] --START--
INFO: Run Behavior\BuildLiteBehavior [ RunTime:0.000022s ]
INFO: [ app_init ] --END-- [ RunTime:0.000869s ]
ERR: 无法加载模块:Public

[ 2018-12-02T20:15:34+08:00 ] ::1 /ruopusuye/Public/Uploads/2018-11-28/5bfe7472cbb25.jpg
INFO: [ app_init ] --START--
INFO: Run Behavior\BuildLiteBehavior [ RunTime:0.000052s ]
INFO: [ app_init ] --END-- [ RunTime:0.000711s ]
ERR: 无法加载模块:Public

[ 2018-12-02T20:15:34+08:00 ] ::1 /ruopusuye/Public/Uploads/2018-11-26/5bfb6780d3920.jpg
INFO: [ app_init ] --START--
INFO: Run Behavior\BuildLiteBehavior [ RunTime:0.000026s ]
INFO: [ app_init ] --END-- [ RunTime:0.000714s ]
ERR: 无法加载模块:Public

[ 2018-12-02T20:15:34+08:00 ] ::1 /ruopusuye/Public/Uploads/2018-11-25/5bfaa4c169ea3.jpg
INFO: [ app_init ] --START--
INFO: Run Behavior\BuildLiteBehavior [ RunTime:0.000024s ]
INFO: [ app_init ] --END-- [ RunTime:0.000995s ]
ERR: 无法加载模块:Public

