[ 2018-12-15T19:18:33+08:00 ] ::1 /ruopusuye/Public/login/j/js/jquery.js
INFO: [ app_init ] --START--
INFO: Run Behavior\BuildLiteBehavior [ RunTime:0.000018s ]
INFO: [ app_init ] --END-- [ RunTime:0.000557s ]
ERR: 无法加载模块:Public

[ 2018-12-15T19:18:33+08:00 ] ::1 /ruopusuye/Public/login/j/js/bootstrap.js
INFO: [ app_init ] --START--
INFO: Run Behavior\BuildLiteBehavior [ RunTime:0.000035s ]
INFO: [ app_init ] --END-- [ RunTime:0.000676s ]
ERR: 无法加载模块:Public

[ 2018-12-15T19:18:38+08:00 ] ::1 /ruopusuye/Public/Uploads/2018-12-04/5c066c8907b1b.png
INFO: [ app_init ] --START--
INFO: Run Behavior\BuildLiteBehavior [ RunTime:0.000019s ]
INFO: [ app_init ] --END-- [ RunTime:0.000691s ]
ERR: 无法加载模块:Public

[ 2018-12-15T19:18:38+08:00 ] ::1 /ruopusuye/Public/Uploads/2018-12-04/5c066cccccdc2.jpg
INFO: [ app_init ] --START--
INFO: Run Behavior\BuildLiteBehavior [ RunTime:0.000019s ]
INFO: [ app_init ] --END-- [ RunTime:0.000931s ]
ERR: 无法加载模块:Public

[ 2018-12-15T19:18:38+08:00 ] ::1 /ruopusuye/Public/Uploads/2018-12-04/5c06632a206a5.jpg
INFO: [ app_init ] --START--
INFO: Run Behavior\BuildLiteBehavior [ RunTime:0.000015s ]
INFO: [ app_init ] --END-- [ RunTime:0.000736s ]
ERR: 无法加载模块:Public

[ 2018-12-15T19:18:38+08:00 ] ::1 /ruopusuye/Public/Uploads/2018-12-04/5c066ebac0b79.png
INFO: [ app_init ] --START--
INFO: Run Behavior\BuildLiteBehavior [ RunTime:0.000017s ]
INFO: [ app_init ] --END-- [ RunTime:0.000632s ]
ERR: 无法加载模块:Public

[ 2018-12-15T19:18:38+08:00 ] ::1 /ruopusuye/Public/Uploads/2018-12-04/5c066aea755e7.jpg
INFO: [ app_init ] --START--
INFO: Run Behavior\BuildLiteBehavior [ RunTime:0.000021s ]
INFO: [ app_init ] --END-- [ RunTime:0.000820s ]
ERR: 无法加载模块:Public

[ 2018-12-15T19:18:38+08:00 ] ::1 /ruopusuye/Public/Uploads/2018-12-04/5c066abe1d2f7.jpg
INFO: [ app_init ] --START--
INFO: Run Behavior\BuildLiteBehavior [ RunTime:0.000065s ]
INFO: [ app_init ] --END-- [ RunTime:0.001196s ]
ERR: 无法加载模块:Public

[ 2018-12-15T19:18:38+08:00 ] ::1 /ruopusuye/Public/Uploads/2018-12-04/5c066cc5679fc.jpg
INFO: [ app_init ] --START--
INFO: Run Behavior\BuildLiteBehavior [ RunTime:0.000022s ]
INFO: [ app_init ] --END-- [ RunTime:0.000882s ]
ERR: 无法加载模块:Public

[ 2018-12-15T19:18:38+08:00 ] ::1 /ruopusuye/Public/Uploads/2018-12-04/5c066f7263a5f.png
INFO: [ app_init ] --START--
INFO: Run Behavior\BuildLiteBehavior [ RunTime:0.000013s ]
INFO: [ app_init ] --END-- [ RunTime:0.000512s ]
ERR: 无法加载模块:Public

[ 2018-12-15T19:18:41+08:00 ] ::1 /ruopusuye/Public/Uploads/2018-12-04/5c066cc5679fc.jpg
INFO: [ app_init ] --START--
INFO: Run Behavior\BuildLiteBehavior [ RunTime:0.000018s ]
INFO: [ app_init ] --END-- [ RunTime:0.000702s ]
ERR: 无法加载模块:Public

[ 2018-12-15T19:18:41+08:00 ] ::1 /ruopusuye/Public/Uploads/2018-12-04/5c06632a206a5.jpg
INFO: [ app_init ] --START--
INFO: Run Behavior\BuildLiteBehavior [ RunTime:0.000019s ]
INFO: [ app_init ] --END-- [ RunTime:0.000900s ]
ERR: 无法加载模块:Public

[ 2018-12-15T19:18:41+08:00 ] ::1 /ruopusuye/Public/Uploads/2018-12-04/5c066ebac0b79.png
INFO: [ app_init ] --START--
INFO: Run Behavior\BuildLiteBehavior [ RunTime:0.000016s ]
INFO: [ app_init ] --END-- [ RunTime:0.001028s ]
ERR: 无法加载模块:Public

[ 2018-12-15T19:18:41+08:00 ] ::1 /ruopusuye/Public/Uploads/2018-12-04/5c066aea755e7.jpg
INFO: [ app_init ] --START--
INFO: Run Behavior\BuildLiteBehavior [ RunTime:0.000021s ]
INFO: [ app_init ] --END-- [ RunTime:0.000765s ]
ERR: 无法加载模块:Public

[ 2018-12-15T19:18:41+08:00 ] ::1 /ruopusuye/Public/Uploads/2018-12-04/5c066abe1d2f7.jpg
INFO: [ app_init ] --START--
INFO: Run Behavior\BuildLiteBehavior [ RunTime:0.000019s ]
INFO: [ app_init ] --END-- [ RunTime:0.001016s ]
ERR: 无法加载模块:Public

[ 2018-12-15T19:18:41+08:00 ] ::1 /ruopusuye/Public/Uploads/2018-12-04/5c066c8907b1b.png
INFO: [ app_init ] --START--
INFO: Run Behavior\BuildLiteBehavior [ RunTime:0.000022s ]
INFO: [ app_init ] --END-- [ RunTime:0.001331s ]
ERR: 无法加载模块:Public

[ 2018-12-15T19:18:41+08:00 ] ::1 /ruopusuye/Public/Uploads/2018-12-04/5c066cccccdc2.jpg
INFO: [ app_init ] --START--
INFO: Run Behavior\BuildLiteBehavior [ RunTime:0.000018s ]
INFO: [ app_init ] --END-- [ RunTime:0.000674s ]
ERR: 无法加载模块:Public

[ 2018-12-15T19:18:41+08:00 ] ::1 /ruopusuye/Public/Uploads/2018-12-04/5c066f7263a5f.png
INFO: [ app_init ] --START--
INFO: Run Behavior\BuildLiteBehavior [ RunTime:0.000018s ]
INFO: [ app_init ] --END-- [ RunTime:0.000654s ]
ERR: 无法加载模块:Public

[ 2018-12-15T19:18:42+08:00 ] ::1 /ruopusuye/Public/Uploads/2018-12-04/5c066cccccdc2.jpg
INFO: [ app_init ] --START--
INFO: Run Behavior\BuildLiteBehavior [ RunTime:0.000019s ]
INFO: [ app_init ] --END-- [ RunTime:0.000647s ]
ERR: 无法加载模块:Public

[ 2018-12-15T19:18:42+08:00 ] ::1 /ruopusuye/Public/Uploads/2018-12-04/5c06632a206a5.jpg
INFO: [ app_init ] --START--
INFO: Run Behavior\BuildLiteBehavior [ RunTime:0.000019s ]
INFO: [ app_init ] --END-- [ RunTime:0.000705s ]
ERR: 无法加载模块:Public

[ 2018-12-15T19:18:42+08:00 ] ::1 /ruopusuye/Public/Uploads/2018-12-04/5c066cc5679fc.jpg
INFO: [ app_init ] --START--
INFO: Run Behavior\BuildLiteBehavior [ RunTime:0.000018s ]
INFO: [ app_init ] --END-- [ RunTime:0.001209s ]
ERR: 无法加载模块:Public

[ 2018-12-15T19:18:42+08:00 ] ::1 /ruopusuye/Public/Uploads/2018-12-04/5c066ebac0b79.png
INFO: [ app_init ] --START--
INFO: Run Behavior\BuildLiteBehavior [ RunTime:0.000021s ]
INFO: [ app_init ] --END-- [ RunTime:0.000907s ]
ERR: 无法加载模块:Public

[ 2018-12-15T19:18:42+08:00 ] ::1 /ruopusuye/Public/Uploads/2018-12-04/5c066c8907b1b.png
INFO: [ app_init ] --START--
INFO: Run Behavior\BuildLiteBehavior [ RunTime:0.000057s ]
INFO: [ app_init ] --END-- [ RunTime:0.000794s ]
ERR: 无法加载模块:Public

[ 2018-12-15T19:18:42+08:00 ] ::1 /ruopusuye/Public/Uploads/2018-12-04/5c066aea755e7.jpg
INFO: [ app_init ] --START--
INFO: Run Behavior\BuildLiteBehavior [ RunTime:0.000024s ]
INFO: [ app_init ] --END-- [ RunTime:0.001466s ]
ERR: 无法加载模块:Public

[ 2018-12-15T19:18:42+08:00 ] ::1 /ruopusuye/Public/Uploads/2018-12-04/5c066abe1d2f7.jpg
INFO: [ app_init ] --START--
INFO: Run Behavior\BuildLiteBehavior [ RunTime:0.000121s ]
INFO: [ app_init ] --END-- [ RunTime:0.001664s ]
ERR: 无法加载模块:Public

[ 2018-12-15T19:18:42+08:00 ] ::1 /ruopusuye/Public/Uploads/2018-12-04/5c066f7263a5f.png
INFO: [ app_init ] --START--
INFO: Run Behavior\BuildLiteBehavior [ RunTime:0.000032s ]
INFO: [ app_init ] --END-- [ RunTime:0.000807s ]
ERR: 无法加载模块:Public

[ 2018-12-15T19:18:42+08:00 ] ::1 /ruopusuye/Public/Uploads/2018-12-04/5c066cc5679fc.jpg
INFO: [ app_init ] --START--
INFO: Run Behavior\BuildLiteBehavior [ RunTime:0.000017s ]
INFO: [ app_init ] --END-- [ RunTime:0.000634s ]
ERR: 无法加载模块:Public

[ 2018-12-15T19:18:42+08:00 ] ::1 /ruopusuye/Public/Uploads/2018-12-04/5c066ebac0b79.png
INFO: [ app_init ] --START--
INFO: Run Behavior\BuildLiteBehavior [ RunTime:0.000023s ]
INFO: [ app_init ] --END-- [ RunTime:0.000654s ]
ERR: 无法加载模块:Public

[ 2018-12-15T19:18:42+08:00 ] ::1 /ruopusuye/Public/Uploads/2018-12-04/5c06632a206a5.jpg
INFO: [ app_init ] --START--
INFO: Run Behavior\BuildLiteBehavior [ RunTime:0.000018s ]
INFO: [ app_init ] --END-- [ RunTime:0.000628s ]
ERR: 无法加载模块:Public

[ 2018-12-15T19:18:42+08:00 ] ::1 /ruopusuye/Public/Uploads/2018-12-04/5c066c8907b1b.png
INFO: [ app_init ] --START--
INFO: Run Behavior\BuildLiteBehavior [ RunTime:0.000018s ]
INFO: [ app_init ] --END-- [ RunTime:0.000732s ]
ERR: 无法加载模块:Public

[ 2018-12-15T19:18:42+08:00 ] ::1 /ruopusuye/Public/Uploads/2018-12-04/5c066abe1d2f7.jpg
INFO: [ app_init ] --START--
INFO: Run Behavior\BuildLiteBehavior [ RunTime:0.000024s ]
INFO: [ app_init ] --END-- [ RunTime:0.000655s ]
ERR: 无法加载模块:Public

[ 2018-12-15T19:18:42+08:00 ] ::1 /ruopusuye/Public/Uploads/2018-12-04/5c066f7263a5f.png
INFO: [ app_init ] --START--
INFO: Run Behavior\BuildLiteBehavior [ RunTime:0.000021s ]
INFO: [ app_init ] --END-- [ RunTime:0.000690s ]
ERR: 无法加载模块:Public

[ 2018-12-15T19:18:42+08:00 ] ::1 /ruopusuye/Public/Uploads/2018-12-04/5c066aea755e7.jpg
INFO: [ app_init ] --START--
INFO: Run Behavior\BuildLiteBehavior [ RunTime:0.000023s ]
INFO: [ app_init ] --END-- [ RunTime:0.000646s ]
ERR: 无法加载模块:Public

[ 2018-12-15T19:18:42+08:00 ] ::1 /ruopusuye/Public/Uploads/2018-12-04/5c066cccccdc2.jpg
INFO: [ app_init ] --START--
INFO: Run Behavior\BuildLiteBehavior [ RunTime:0.000027s ]
INFO: [ app_init ] --END-- [ RunTime:0.001359s ]
ERR: 无法加载模块:Public

[ 2018-12-15T19:18:43+08:00 ] ::1 /ruopusuye/Public/Uploads/2018-12-04/5c066cccccdc2.jpg
INFO: [ app_init ] --START--
INFO: Run Behavior\BuildLiteBehavior [ RunTime:0.000021s ]
INFO: [ app_init ] --END-- [ RunTime:0.000698s ]
ERR: 无法加载模块:Public

[ 2018-12-15T19:18:43+08:00 ] ::1 /ruopusuye/Public/Uploads/2018-12-04/5c066cc5679fc.jpg
INFO: [ app_init ] --START--
INFO: Run Behavior\BuildLiteBehavior [ RunTime:0.000020s ]
INFO: [ app_init ] --END-- [ RunTime:0.000807s ]
ERR: 无法加载模块:Public

[ 2018-12-15T19:18:43+08:00 ] ::1 /ruopusuye/Public/Uploads/2018-12-04/5c066c8907b1b.png
INFO: [ app_init ] --START--
INFO: Run Behavior\BuildLiteBehavior [ RunTime:0.000021s ]
INFO: [ app_init ] --END-- [ RunTime:0.000806s ]
ERR: 无法加载模块:Public

[ 2018-12-15T19:18:43+08:00 ] ::1 /ruopusuye/Public/Uploads/2018-12-04/5c06632a206a5.jpg
INFO: [ app_init ] --START--
INFO: Run Behavior\BuildLiteBehavior [ RunTime:0.000022s ]
INFO: [ app_init ] --END-- [ RunTime:0.001210s ]
ERR: 无法加载模块:Public

[ 2018-12-15T19:18:43+08:00 ] ::1 /ruopusuye/Public/Uploads/2018-12-04/5c066ebac0b79.png
INFO: [ app_init ] --START--
INFO: Run Behavior\BuildLiteBehavior [ RunTime:0.000027s ]
INFO: [ app_init ] --END-- [ RunTime:0.000830s ]
ERR: 无法加载模块:Public

[ 2018-12-15T19:18:43+08:00 ] ::1 /ruopusuye/Public/Uploads/2018-12-04/5c066abe1d2f7.jpg
INFO: [ app_init ] --START--
INFO: Run Behavior\BuildLiteBehavior [ RunTime:0.000019s ]
INFO: [ app_init ] --END-- [ RunTime:0.000761s ]
ERR: 无法加载模块:Public

[ 2018-12-15T19:18:43+08:00 ] ::1 /ruopusuye/Public/Uploads/2018-12-04/5c066aea755e7.jpg
INFO: [ app_init ] --START--
INFO: Run Behavior\BuildLiteBehavior [ RunTime:0.000046s ]
INFO: [ app_init ] --END-- [ RunTime:0.000742s ]
ERR: 无法加载模块:Public

[ 2018-12-15T19:18:43+08:00 ] ::1 /ruopusuye/Public/Uploads/2018-12-04/5c066f7263a5f.png
INFO: [ app_init ] --START--
INFO: Run Behavior\BuildLiteBehavior [ RunTime:0.000018s ]
INFO: [ app_init ] --END-- [ RunTime:0.000635s ]
ERR: 无法加载模块:Public

[ 2018-12-15T19:21:51+08:00 ] ::1 /ruopusuye/Public/login/j/js/jquery.js
INFO: [ app_init ] --START--
INFO: Run Behavior\BuildLiteBehavior [ RunTime:0.000012s ]
INFO: [ app_init ] --END-- [ RunTime:0.000518s ]
ERR: 无法加载模块:Public

[ 2018-12-15T19:21:51+08:00 ] ::1 /ruopusuye/Public/login/j/js/bootstrap.js
INFO: [ app_init ] --START--
INFO: Run Behavior\BuildLiteBehavior [ RunTime:0.000012s ]
INFO: [ app_init ] --END-- [ RunTime:0.000524s ]
ERR: 无法加载模块:Public

[ 2018-12-15T19:21:57+08:00 ] ::1 /ruopusuye/Public/login/j/js/bootstrap.js
INFO: [ app_init ] --START--
INFO: Run Behavior\BuildLiteBehavior [ RunTime:0.000037s ]
INFO: [ app_init ] --END-- [ RunTime:0.001319s ]
ERR: 无法加载模块:Public

[ 2018-12-15T19:48:59+08:00 ] ::1 /ruopusuye/Public/login/j/js/bootstrap.js
INFO: [ app_init ] --START--
INFO: Run Behavior\BuildLiteBehavior [ RunTime:0.000014s ]
INFO: [ app_init ] --END-- [ RunTime:0.000499s ]
ERR: 无法加载模块:Public

[ 2018-12-15T19:48:59+08:00 ] ::1 /ruopusuye/Public/login/j/js/jquery.js
INFO: [ app_init ] --START--
INFO: Run Behavior\BuildLiteBehavior [ RunTime:0.000014s ]
INFO: [ app_init ] --END-- [ RunTime:0.000647s ]
ERR: 无法加载模块:Public

[ 2018-12-15T19:49:10+08:00 ] ::1 /ruopusuye/Public/login/j/js/bootstrap.js
INFO: [ app_init ] --START--
INFO: Run Behavior\BuildLiteBehavior [ RunTime:0.000018s ]
INFO: [ app_init ] --END-- [ RunTime:0.000756s ]
ERR: 无法加载模块:Public

