[ 2018-11-28T18:24:00+08:00 ] ::1 /ruopusuye/admin/
INFO: [ app_init ] --START--
INFO: Run Behavior\BuildLiteBehavior [ RunTime:0.000048s ]
INFO: [ app_init ] --END-- [ RunTime:0.002275s ]
INFO: [ app_begin ] --START--
INFO: Run Behavior\ReadHtmlCacheBehavior [ RunTime:0.001294s ]
INFO: [ app_begin ] --END-- [ RunTime:0.001355s ]
INFO: [ view_parse ] --START--
INFO: [ template_filter ] --START--
INFO: Run Behavior\ContentReplaceBehavior [ RunTime:0.000470s ]
INFO: [ template_filter ] --END-- [ RunTime:0.000549s ]
INFO: Run Behavior\ParseTemplateBehavior [ RunTime:0.032211s ]
INFO: [ view_parse ] --END-- [ RunTime:0.032275s ]
INFO: [ view_filter ] --START--
INFO: Run Behavior\WriteHtmlCacheBehavior [ RunTime:0.000958s ]
INFO: [ view_filter ] --END-- [ RunTime:0.000999s ]
INFO: [ app_end ] --START--
INFO: Run Behavior\ShowPageTraceBehavior [ RunTime:0.001923s ]
INFO: [ app_end ] --END-- [ RunTime:0.002010s ]

[ 2018-11-28T18:24:00+08:00 ] ::1 /ruopusuye/admin/main.html
INFO: [ app_init ] --START--
INFO: Run Behavior\BuildLiteBehavior [ RunTime:0.000019s ]
INFO: [ app_init ] --END-- [ RunTime:0.000845s ]
INFO: [ app_begin ] --START--
INFO: Run Behavior\ReadHtmlCacheBehavior [ RunTime:0.000926s ]
INFO: [ app_begin ] --END-- [ RunTime:0.000984s ]
ERR: 无法加载控制器:Main

[ 2018-11-28T18:24:41+08:00 ] ::1 /ruopusuye/admin/
INFO: [ app_init ] --START--
INFO: Run Behavior\BuildLiteBehavior [ RunTime:0.000014s ]
INFO: [ app_init ] --END-- [ RunTime:0.000531s ]
INFO: [ app_begin ] --START--
INFO: Run Behavior\ReadHtmlCacheBehavior [ RunTime:0.000876s ]
INFO: [ app_begin ] --END-- [ RunTime:0.000939s ]
INFO: [ view_parse ] --START--
INFO: [ template_filter ] --START--
INFO: Run Behavior\ContentReplaceBehavior [ RunTime:0.000056s ]
INFO: [ template_filter ] --END-- [ RunTime:0.000112s ]
INFO: Run Behavior\ParseTemplateBehavior [ RunTime:0.008432s ]
INFO: [ view_parse ] --END-- [ RunTime:0.008597s ]
INFO: [ view_filter ] --START--
INFO: Run Behavior\WriteHtmlCacheBehavior [ RunTime:0.000624s ]
INFO: [ view_filter ] --END-- [ RunTime:0.000658s ]
INFO: [ app_end ] --START--
INFO: Run Behavior\ShowPageTraceBehavior [ RunTime:0.000930s ]
INFO: [ app_end ] --END-- [ RunTime:0.000990s ]

[ 2018-11-28T18:24:41+08:00 ] ::1 /ruopusuye/admin/main.html
INFO: [ app_init ] --START--
INFO: Run Behavior\BuildLiteBehavior [ RunTime:0.000026s ]
INFO: [ app_init ] --END-- [ RunTime:0.000717s ]
INFO: [ app_begin ] --START--
INFO: Run Behavior\ReadHtmlCacheBehavior [ RunTime:0.002629s ]
INFO: [ app_begin ] --END-- [ RunTime:0.002729s ]
ERR: 无法加载控制器:Main

[ 2018-11-28T18:24:56+08:00 ] ::1 /ruopusuye/admin/
INFO: [ app_init ] --START--
INFO: Run Behavior\BuildLiteBehavior [ RunTime:0.000013s ]
INFO: [ app_init ] --END-- [ RunTime:0.000458s ]
INFO: [ app_begin ] --START--
INFO: Run Behavior\ReadHtmlCacheBehavior [ RunTime:0.000693s ]
INFO: [ app_begin ] --END-- [ RunTime:0.000734s ]
INFO: [ view_parse ] --START--
INFO: [ template_filter ] --START--
INFO: Run Behavior\ContentReplaceBehavior [ RunTime:0.000055s ]
INFO: [ template_filter ] --END-- [ RunTime:0.000094s ]
INFO: Run Behavior\ParseTemplateBehavior [ RunTime:0.005906s ]
INFO: [ view_parse ] --END-- [ RunTime:0.005955s ]
INFO: [ view_filter ] --START--
INFO: Run Behavior\WriteHtmlCacheBehavior [ RunTime:0.000459s ]
INFO: [ view_filter ] --END-- [ RunTime:0.000490s ]
INFO: [ app_end ] --START--
INFO: Run Behavior\ShowPageTraceBehavior [ RunTime:0.001062s ]
INFO: [ app_end ] --END-- [ RunTime:0.001142s ]

[ 2018-11-28T18:24:56+08:00 ] ::1 /ruopusuye/admin/main.html
INFO: [ app_init ] --START--
INFO: Run Behavior\BuildLiteBehavior [ RunTime:0.000023s ]
INFO: [ app_init ] --END-- [ RunTime:0.000774s ]
INFO: [ app_begin ] --START--
INFO: Run Behavior\ReadHtmlCacheBehavior [ RunTime:0.001291s ]
INFO: [ app_begin ] --END-- [ RunTime:0.001440s ]
ERR: 无法加载控制器:Main

[ 2018-11-28T18:24:58+08:00 ] ::1 /ruopusuye/admin/Index/news
INFO: [ app_init ] --START--
INFO: Run Behavior\BuildLiteBehavior [ RunTime:0.000015s ]
INFO: [ app_init ] --END-- [ RunTime:0.000516s ]
INFO: [ app_begin ] --START--
INFO: Run Behavior\ReadHtmlCacheBehavior [ RunTime:0.000637s ]
INFO: [ app_begin ] --END-- [ RunTime:0.000683s ]
INFO: [ view_parse ] --START--
INFO: [ template_filter ] --START--
INFO: Run Behavior\ContentReplaceBehavior [ RunTime:0.000046s ]
INFO: [ template_filter ] --END-- [ RunTime:0.000087s ]
NOTIC: [8] Undefined variable: data D:\phpStudy\PHPTutorial\WWW\ruopusuye\Application\Runtime\Cache\Admin\33d78a532dce9c56cf1d796e9a7153d7.php 第 73 行.
NOTIC: [8] Undefined variable: data D:\phpStudy\PHPTutorial\WWW\ruopusuye\Application\Runtime\Cache\Admin\33d78a532dce9c56cf1d796e9a7153d7.php 第 92 行.
INFO: Run Behavior\ParseTemplateBehavior [ RunTime:0.128478s ]
INFO: [ view_parse ] --END-- [ RunTime:0.128524s ]
INFO: [ view_filter ] --START--
INFO: Run Behavior\WriteHtmlCacheBehavior [ RunTime:0.000516s ]
INFO: [ view_filter ] --END-- [ RunTime:0.000559s ]
INFO: [ app_end ] --START--
INFO: Run Behavior\ShowPageTraceBehavior [ RunTime:0.000683s ]
INFO: [ app_end ] --END-- [ RunTime:0.000719s ]

[ 2018-11-28T18:24:59+08:00 ] ::1 /ruopusuye/index.php/Admin/Index/save_info.html?action=config&&noCache=1543400699224
INFO: [ app_init ] --START--
INFO: Run Behavior\BuildLiteBehavior [ RunTime:0.000020s ]
INFO: [ app_init ] --END-- [ RunTime:0.000715s ]
INFO: [ app_begin ] --START--
INFO: Run Behavior\ReadHtmlCacheBehavior [ RunTime:0.000982s ]
INFO: [ app_begin ] --END-- [ RunTime:0.001079s ]
INFO: [ app_end ] --START--
INFO: Run Behavior\ShowPageTraceBehavior [ RunTime:0.001764s ]
INFO: [ app_end ] --END-- [ RunTime:0.001876s ]

[ 2018-11-28T18:25:14+08:00 ] ::1 /ruopusuye/index.php/Admin/Index/exitNews.html
INFO: [ app_init ] --START--
INFO: Run Behavior\BuildLiteBehavior [ RunTime:0.000013s ]
INFO: [ app_init ] --END-- [ RunTime:0.000486s ]
INFO: [ app_begin ] --START--
INFO: Run Behavior\ReadHtmlCacheBehavior [ RunTime:0.000699s ]
INFO: [ app_begin ] --END-- [ RunTime:0.000739s ]
NOTIC: [8] Use of undefined constant time - assumed 'time' D:\phpStudy\PHPTutorial\WWW\ruopusuye\Application\Admin\Controller\IndexController.class.php 第 332 行.
SQL: SHOW COLUMNS FROM `rp_news` [ RunTime:0.0264s ]
SQL: SHOW COLUMNS FROM `rp_news` [ RunTime:0.0266s ]
SQL: INSERT INTO `rp_news` (`language`,`title`,`time`,`picture`,`state`,`classification`,`abstracts`,`content`) VALUES ('0','中文新闻','1543334400','error','2','2','问问','<p>问问</p>') [ RunTime:0.0254s ]
INFO: [ view_parse ] --START--
INFO: [ template_filter ] --START--
INFO: Run Behavior\ContentReplaceBehavior [ RunTime:0.000029s ]
INFO: [ template_filter ] --END-- [ RunTime:0.000071s ]
INFO: Run Behavior\ParseTemplateBehavior [ RunTime:0.020915s ]
INFO: [ view_parse ] --END-- [ RunTime:0.020975s ]
INFO: [ view_filter ] --START--
INFO: Run Behavior\WriteHtmlCacheBehavior [ RunTime:0.000834s ]
INFO: [ view_filter ] --END-- [ RunTime:0.000878s ]
INFO: [ app_end ] --START--
INFO: Run Behavior\ShowPageTraceBehavior [ RunTime:0.001037s ]
INFO: [ app_end ] --END-- [ RunTime:0.001073s ]

[ 2018-11-28T18:25:15+08:00 ] ::1 /ruopusuye/admin/Index/news
INFO: [ app_init ] --START--
INFO: Run Behavior\BuildLiteBehavior [ RunTime:0.000020s ]
INFO: [ app_init ] --END-- [ RunTime:0.000829s ]
INFO: [ app_begin ] --START--
INFO: Run Behavior\ReadHtmlCacheBehavior [ RunTime:0.001671s ]
INFO: [ app_begin ] --END-- [ RunTime:0.001822s ]
INFO: [ view_parse ] --START--
INFO: [ template_filter ] --START--
INFO: Run Behavior\ContentReplaceBehavior [ RunTime:0.000042s ]
INFO: [ template_filter ] --END-- [ RunTime:0.000080s ]
NOTIC: [8] Undefined variable: data D:\phpStudy\PHPTutorial\WWW\ruopusuye\Application\Runtime\Cache\Admin\33d78a532dce9c56cf1d796e9a7153d7.php 第 73 行.
NOTIC: [8] Undefined variable: data D:\phpStudy\PHPTutorial\WWW\ruopusuye\Application\Runtime\Cache\Admin\33d78a532dce9c56cf1d796e9a7153d7.php 第 92 行.
INFO: Run Behavior\ParseTemplateBehavior [ RunTime:0.008338s ]
INFO: [ view_parse ] --END-- [ RunTime:0.008385s ]
INFO: [ view_filter ] --START--
INFO: Run Behavior\WriteHtmlCacheBehavior [ RunTime:0.000652s ]
INFO: [ view_filter ] --END-- [ RunTime:0.000685s ]
INFO: [ app_end ] --START--
INFO: Run Behavior\ShowPageTraceBehavior [ RunTime:0.000865s ]
INFO: [ app_end ] --END-- [ RunTime:0.000898s ]

[ 2018-11-28T18:25:15+08:00 ] ::1 /ruopusuye/index.php/Admin/Index/save_info.html?action=config&&noCache=1543400715950
INFO: [ app_init ] --START--
INFO: Run Behavior\BuildLiteBehavior [ RunTime:0.000025s ]
INFO: [ app_init ] --END-- [ RunTime:0.000911s ]
INFO: [ app_begin ] --START--
INFO: Run Behavior\ReadHtmlCacheBehavior [ RunTime:0.001433s ]
INFO: [ app_begin ] --END-- [ RunTime:0.001529s ]
INFO: [ app_end ] --START--
INFO: Run Behavior\ShowPageTraceBehavior [ RunTime:0.001659s ]
INFO: [ app_end ] --END-- [ RunTime:0.001738s ]

[ 2018-11-28T18:25:17+08:00 ] ::1 /ruopusuye/admin/Index/newslist?language=0
INFO: [ app_init ] --START--
INFO: Run Behavior\BuildLiteBehavior [ RunTime:0.000013s ]
INFO: [ app_init ] --END-- [ RunTime:0.000504s ]
INFO: [ app_begin ] --START--
INFO: Run Behavior\ReadHtmlCacheBehavior [ RunTime:0.001001s ]
INFO: [ app_begin ] --END-- [ RunTime:0.001063s ]
SQL: SHOW COLUMNS FROM `rp_news` [ RunTime:0.0318s ]
NOTIC: [8] Undefined index: p D:\phpStudy\PHPTutorial\WWW\ruopusuye\Application\Admin\Controller\IndexController.class.php 第 352 行.
NOTIC: [8] Undefined index: keywords D:\phpStudy\PHPTutorial\WWW\ruopusuye\Application\Admin\Controller\IndexController.class.php 第 357 行.
SQL: SHOW COLUMNS FROM `rp_news` [ RunTime:0.0319s ]
SQL: SELECT * FROM `rp_news` WHERE ( language=0 ) ORDER BY id desc LIMIT 0,9   [ RunTime:0.0293s ]
SQL: SELECT COUNT(*) AS tp_count FROM `rp_news` WHERE ( language=0 ) LIMIT 1   [ RunTime:0.0295s ]
INFO: [ view_parse ] --START--
INFO: [ template_filter ] --START--
INFO: Run Behavior\ContentReplaceBehavior [ RunTime:0.000037s ]
INFO: [ template_filter ] --END-- [ RunTime:0.000081s ]
NOTIC: [8] Use of undefined constant title - assumed 'title' D:\phpStudy\PHPTutorial\WWW\ruopusuye\Application\Runtime\Cache\Admin\c72f4ae3a3b9df57b6af1d5e37015864.php 第 45 行.
NOTIC: [8] Use of undefined constant time - assumed 'time' D:\phpStudy\PHPTutorial\WWW\ruopusuye\Application\Runtime\Cache\Admin\c72f4ae3a3b9df57b6af1d5e37015864.php 第 46 行.
NOTIC: [8] Use of undefined constant classification - assumed 'classification' D:\phpStudy\PHPTutorial\WWW\ruopusuye\Application\Runtime\Cache\Admin\c72f4ae3a3b9df57b6af1d5e37015864.php 第 47 行.
NOTIC: [8] Use of undefined constant abstracts - assumed 'abstracts' D:\phpStudy\PHPTutorial\WWW\ruopusuye\Application\Runtime\Cache\Admin\c72f4ae3a3b9df57b6af1d5e37015864.php 第 48 行.
NOTIC: [8] Use of undefined constant id - assumed 'id' D:\phpStudy\PHPTutorial\WWW\ruopusuye\Application\Runtime\Cache\Admin\c72f4ae3a3b9df57b6af1d5e37015864.php 第 52 行.
NOTIC: [8] Use of undefined constant id - assumed 'id' D:\phpStudy\PHPTutorial\WWW\ruopusuye\Application\Runtime\Cache\Admin\c72f4ae3a3b9df57b6af1d5e37015864.php 第 53 行.
NOTIC: [8] Use of undefined constant title - assumed 'title' D:\phpStudy\PHPTutorial\WWW\ruopusuye\Application\Runtime\Cache\Admin\c72f4ae3a3b9df57b6af1d5e37015864.php 第 45 行.
NOTIC: [8] Use of undefined constant time - assumed 'time' D:\phpStudy\PHPTutorial\WWW\ruopusuye\Application\Runtime\Cache\Admin\c72f4ae3a3b9df57b6af1d5e37015864.php 第 46 行.
NOTIC: [8] Use of undefined constant classification - assumed 'classification' D:\phpStudy\PHPTutorial\WWW\ruopusuye\Application\Runtime\Cache\Admin\c72f4ae3a3b9df57b6af1d5e37015864.php 第 47 行.
NOTIC: [8] Use of undefined constant abstracts - assumed 'abstracts' D:\phpStudy\PHPTutorial\WWW\ruopusuye\Application\Runtime\Cache\Admin\c72f4ae3a3b9df57b6af1d5e37015864.php 第 48 行.
NOTIC: [8] Use of undefined constant id - assumed 'id' D:\phpStudy\PHPTutorial\WWW\ruopusuye\Application\Runtime\Cache\Admin\c72f4ae3a3b9df57b6af1d5e37015864.php 第 52 行.
NOTIC: [8] Use of undefined constant id - assumed 'id' D:\phpStudy\PHPTutorial\WWW\ruopusuye\Application\Runtime\Cache\Admin\c72f4ae3a3b9df57b6af1d5e37015864.php 第 53 行.
NOTIC: [8] Use of undefined constant title - assumed 'title' D:\phpStudy\PHPTutorial\WWW\ruopusuye\Application\Runtime\Cache\Admin\c72f4ae3a3b9df57b6af1d5e37015864.php 第 45 行.
NOTIC: [8] Use of undefined constant time - assumed 'time' D:\phpStudy\PHPTutorial\WWW\ruopusuye\Application\Runtime\Cache\Admin\c72f4ae3a3b9df57b6af1d5e37015864.php 第 46 行.
NOTIC: [8] Use of undefined constant classification - assumed 'classification' D:\phpStudy\PHPTutorial\WWW\ruopusuye\Application\Runtime\Cache\Admin\c72f4ae3a3b9df57b6af1d5e37015864.php 第 47 行.
NOTIC: [8] Use of undefined constant abstracts - assumed 'abstracts' D:\phpStudy\PHPTutorial\WWW\ruopusuye\Application\Runtime\Cache\Admin\c72f4ae3a3b9df57b6af1d5e37015864.php 第 48 行.
NOTIC: [8] Use of undefined constant id - assumed 'id' D:\phpStudy\PHPTutorial\WWW\ruopusuye\Application\Runtime\Cache\Admin\c72f4ae3a3b9df57b6af1d5e37015864.php 第 52 行.
NOTIC: [8] Use of undefined constant id - assumed 'id' D:\phpStudy\PHPTutorial\WWW\ruopusuye\Application\Runtime\Cache\Admin\c72f4ae3a3b9df57b6af1d5e37015864.php 第 53 行.
NOTIC: [8] Use of undefined constant title - assumed 'title' D:\phpStudy\PHPTutorial\WWW\ruopusuye\Application\Runtime\Cache\Admin\c72f4ae3a3b9df57b6af1d5e37015864.php 第 45 行.
NOTIC: [8] Use of undefined constant time - assumed 'time' D:\phpStudy\PHPTutorial\WWW\ruopusuye\Application\Runtime\Cache\Admin\c72f4ae3a3b9df57b6af1d5e37015864.php 第 46 行.
NOTIC: [8] Use of undefined constant classification - assumed 'classification' D:\phpStudy\PHPTutorial\WWW\ruopusuye\Application\Runtime\Cache\Admin\c72f4ae3a3b9df57b6af1d5e37015864.php 第 47 行.
NOTIC: [8] Use of undefined constant abstracts - assumed 'abstracts' D:\phpStudy\PHPTutorial\WWW\ruopusuye\Application\Runtime\Cache\Admin\c72f4ae3a3b9df57b6af1d5e37015864.php 第 48 行.
NOTIC: [8] Use of undefined constant id - assumed 'id' D:\phpStudy\PHPTutorial\WWW\ruopusuye\Application\Runtime\Cache\Admin\c72f4ae3a3b9df57b6af1d5e37015864.php 第 52 行.
NOTIC: [8] Use of undefined constant id - assumed 'id' D:\phpStudy\PHPTutorial\WWW\ruopusuye\Application\Runtime\Cache\Admin\c72f4ae3a3b9df57b6af1d5e37015864.php 第 53 行.
NOTIC: [8] Use of undefined constant title - assumed 'title' D:\phpStudy\PHPTutorial\WWW\ruopusuye\Application\Runtime\Cache\Admin\c72f4ae3a3b9df57b6af1d5e37015864.php 第 45 行.
NOTIC: [8] Use of undefined constant time - assumed 'time' D:\phpStudy\PHPTutorial\WWW\ruopusuye\Application\Runtime\Cache\Admin\c72f4ae3a3b9df57b6af1d5e37015864.php 第 46 行.
NOTIC: [8] Use of undefined constant classification - assumed 'classification' D:\phpStudy\PHPTutorial\WWW\ruopusuye\Application\Runtime\Cache\Admin\c72f4ae3a3b9df57b6af1d5e37015864.php 第 47 行.
NOTIC: [8] Use of undefined constant abstracts - assumed 'abstracts' D:\phpStudy\PHPTutorial\WWW\ruopusuye\Application\Runtime\Cache\Admin\c72f4ae3a3b9df57b6af1d5e37015864.php 第 48 行.
NOTIC: [8] Use of undefined constant id - assumed 'id' D:\phpStudy\PHPTutorial\WWW\ruopusuye\Application\Runtime\Cache\Admin\c72f4ae3a3b9df57b6af1d5e37015864.php 第 52 行.
NOTIC: [8] Use of undefined constant id - assumed 'id' D:\phpStudy\PHPTutorial\WWW\ruopusuye\Application\Runtime\Cache\Admin\c72f4ae3a3b9df57b6af1d5e37015864.php 第 53 行.
NOTIC: [8] Use of undefined constant title - assumed 'title' D:\phpStudy\PHPTutorial\WWW\ruopusuye\Application\Runtime\Cache\Admin\c72f4ae3a3b9df57b6af1d5e37015864.php 第 45 行.
NOTIC: [8] Use of undefined constant time - assumed 'time' D:\phpStudy\PHPTutorial\WWW\ruopusuye\Application\Runtime\Cache\Admin\c72f4ae3a3b9df57b6af1d5e37015864.php 第 46 行.
NOTIC: [8] Use of undefined constant classification - assumed 'classification' D:\phpStudy\PHPTutorial\WWW\ruopusuye\Application\Runtime\Cache\Admin\c72f4ae3a3b9df57b6af1d5e37015864.php 第 47 行.
NOTIC: [8] Use of undefined constant abstracts - assumed 'abstracts' D:\phpStudy\PHPTutorial\WWW\ruopusuye\Application\Runtime\Cache\Admin\c72f4ae3a3b9df57b6af1d5e37015864.php 第 48 行.
NOTIC: [8] Use of undefined constant id - assumed 'id' D:\phpStudy\PHPTutorial\WWW\ruopusuye\Application\Runtime\Cache\Admin\c72f4ae3a3b9df57b6af1d5e37015864.php 第 52 行.
NOTIC: [8] Use of undefined constant id - assumed 'id' D:\phpStudy\PHPTutorial\WWW\ruopusuye\Application\Runtime\Cache\Admin\c72f4ae3a3b9df57b6af1d5e37015864.php 第 53 行.
NOTIC: [8] Use of undefined constant title - assumed 'title' D:\phpStudy\PHPTutorial\WWW\ruopusuye\Application\Runtime\Cache\Admin\c72f4ae3a3b9df57b6af1d5e37015864.php 第 45 行.
NOTIC: [8] Use of undefined constant time - assumed 'time' D:\phpStudy\PHPTutorial\WWW\ruopusuye\Application\Runtime\Cache\Admin\c72f4ae3a3b9df57b6af1d5e37015864.php 第 46 行.
NOTIC: [8] Use of undefined constant classification - assumed 'classification' D:\phpStudy\PHPTutorial\WWW\ruopusuye\Application\Runtime\Cache\Admin\c72f4ae3a3b9df57b6af1d5e37015864.php 第 47 行.
NOTIC: [8] Use of undefined constant abstracts - assumed 'abstracts' D:\phpStudy\PHPTutorial\WWW\ruopusuye\Application\Runtime\Cache\Admin\c72f4ae3a3b9df57b6af1d5e37015864.php 第 48 行.
NOTIC: [8] Use of undefined constant id - assumed 'id' D:\phpStudy\PHPTutorial\WWW\ruopusuye\Application\Runtime\Cache\Admin\c72f4ae3a3b9df57b6af1d5e37015864.php 第 52 行.
NOTIC: [8] Use of undefined constant id - assumed 'id' D:\phpStudy\PHPTutorial\WWW\ruopusuye\Application\Runtime\Cache\Admin\c72f4ae3a3b9df57b6af1d5e37015864.php 第 53 行.
NOTIC: [8] Use of undefined constant title - assumed 'title' D:\phpStudy\PHPTutorial\WWW\ruopusuye\Application\Runtime\Cache\Admin\c72f4ae3a3b9df57b6af1d5e37015864.php 第 45 行.
NOTIC: [8] Use of undefined constant time - assumed 'time' D:\phpStudy\PHPTutorial\WWW\ruopusuye\Application\Runtime\Cache\Admin\c72f4ae3a3b9df57b6af1d5e37015864.php 第 46 行.
NOTIC: [8] Use of undefined constant classification - assumed 'classification' D:\phpStudy\PHPTutorial\WWW\ruopusuye\Application\Runtime\Cache\Admin\c72f4ae3a3b9df57b6af1d5e37015864.php 第 47 行.
NOTIC: [8] Use of undefined constant abstracts - assumed 'abstracts' D:\phpStudy\PHPTutorial\WWW\ruopusuye\Application\Runtime\Cache\Admin\c72f4ae3a3b9df57b6af1d5e37015864.php 第 48 行.
NOTIC: [8] Use of undefined constant id - assumed 'id' D:\phpStudy\PHPTutorial\WWW\ruopusuye\Application\Runtime\Cache\Admin\c72f4ae3a3b9df57b6af1d5e37015864.php 第 52 行.
NOTIC: [8] Use of undefined constant id - assumed 'id' D:\phpStudy\PHPTutorial\WWW\ruopusuye\Application\Runtime\Cache\Admin\c72f4ae3a3b9df57b6af1d5e37015864.php 第 53 行.
NOTIC: [8] Use of undefined constant title - assumed 'title' D:\phpStudy\PHPTutorial\WWW\ruopusuye\Application\Runtime\Cache\Admin\c72f4ae3a3b9df57b6af1d5e37015864.php 第 45 行.
NOTIC: [8] Use of undefined constant time - assumed 'time' D:\phpStudy\PHPTutorial\WWW\ruopusuye\Application\Runtime\Cache\Admin\c72f4ae3a3b9df57b6af1d5e37015864.php 第 46 行.
NOTIC: [8] Use of undefined constant classification - assumed 'classification' D:\phpStudy\PHPTutorial\WWW\ruopusuye\Application\Runtime\Cache\Admin\c72f4ae3a3b9df57b6af1d5e37015864.php 第 47 行.
NOTIC: [8] Use of undefined constant abstracts - assumed 'abstracts' D:\phpStudy\PHPTutorial\WWW\ruopusuye\Application\Runtime\Cache\Admin\c72f4ae3a3b9df57b6af1d5e37015864.php 第 48 行.
NOTIC: [8] Use of undefined constant id - assumed 'id' D:\phpStudy\PHPTutorial\WWW\ruopusuye\Application\Runtime\Cache\Admin\c72f4ae3a3b9df57b6af1d5e37015864.php 第 52 行.
NOTIC: [8] Use of undefined constant id - assumed 'id' D:\phpStudy\PHPTutorial\WWW\ruopusuye\Application\Runtime\Cache\Admin\c72f4ae3a3b9df57b6af1d5e37015864.php 第 53 行.
NOTIC: [8] Use of undefined constant id - assumed 'id' D:\phpStudy\PHPTutorial\WWW\ruopusuye\Application\Runtime\Cache\Admin\c72f4ae3a3b9df57b6af1d5e37015864.php 第 56 行.
INFO: Run Behavior\ParseTemplateBehavior [ RunTime:0.008832s ]
INFO: [ view_parse ] --END-- [ RunTime:0.008895s ]
INFO: [ view_filter ] --START--
INFO: Run Behavior\WriteHtmlCacheBehavior [ RunTime:0.000699s ]
INFO: [ view_filter ] --END-- [ RunTime:0.000730s ]
INFO: [ app_end ] --START--
INFO: Run Behavior\ShowPageTraceBehavior [ RunTime:0.001275s ]
INFO: [ app_end ] --END-- [ RunTime:0.001350s ]

[ 2018-11-28T18:25:20+08:00 ] ::1 /ruopusuye/admin/Index/newslist?language=0
INFO: [ app_init ] --START--
INFO: Run Behavior\BuildLiteBehavior [ RunTime:0.000014s ]
INFO: [ app_init ] --END-- [ RunTime:0.000781s ]
INFO: [ app_begin ] --START--
INFO: Run Behavior\ReadHtmlCacheBehavior [ RunTime:0.000997s ]
INFO: [ app_begin ] --END-- [ RunTime:0.001064s ]
SQL: SHOW COLUMNS FROM `rp_news` [ RunTime:0.0325s ]
NOTIC: [8] Undefined index: p D:\phpStudy\PHPTutorial\WWW\ruopusuye\Application\Admin\Controller\IndexController.class.php 第 352 行.
NOTIC: [8] Undefined index: keywords D:\phpStudy\PHPTutorial\WWW\ruopusuye\Application\Admin\Controller\IndexController.class.php 第 357 行.
SQL: SHOW COLUMNS FROM `rp_news` [ RunTime:0.0315s ]
SQL: SELECT * FROM `rp_news` WHERE ( language=0 ) ORDER BY id desc LIMIT 0,9   [ RunTime:0.0301s ]
SQL: SELECT COUNT(*) AS tp_count FROM `rp_news` WHERE ( language=0 ) LIMIT 1   [ RunTime:0.0302s ]
INFO: [ view_parse ] --START--
INFO: [ template_filter ] --START--
INFO: Run Behavior\ContentReplaceBehavior [ RunTime:0.000086s ]
INFO: [ template_filter ] --END-- [ RunTime:0.000185s ]
NOTIC: [8] Use of undefined constant title - assumed 'title' D:\phpStudy\PHPTutorial\WWW\ruopusuye\Application\Runtime\Cache\Admin\c72f4ae3a3b9df57b6af1d5e37015864.php 第 45 行.
NOTIC: [8] Use of undefined constant time - assumed 'time' D:\phpStudy\PHPTutorial\WWW\ruopusuye\Application\Runtime\Cache\Admin\c72f4ae3a3b9df57b6af1d5e37015864.php 第 46 行.
NOTIC: [8] Use of undefined constant classification - assumed 'classification' D:\phpStudy\PHPTutorial\WWW\ruopusuye\Application\Runtime\Cache\Admin\c72f4ae3a3b9df57b6af1d5e37015864.php 第 47 行.
NOTIC: [8] Use of undefined constant abstracts - assumed 'abstracts' D:\phpStudy\PHPTutorial\WWW\ruopusuye\Application\Runtime\Cache\Admin\c72f4ae3a3b9df57b6af1d5e37015864.php 第 48 行.
NOTIC: [8] Use of undefined constant id - assumed 'id' D:\phpStudy\PHPTutorial\WWW\ruopusuye\Application\Runtime\Cache\Admin\c72f4ae3a3b9df57b6af1d5e37015864.php 第 52 行.
NOTIC: [8] Use of undefined constant id - assumed 'id' D:\phpStudy\PHPTutorial\WWW\ruopusuye\Application\Runtime\Cache\Admin\c72f4ae3a3b9df57b6af1d5e37015864.php 第 53 行.
NOTIC: [8] Use of undefined constant title - assumed 'title' D:\phpStudy\PHPTutorial\WWW\ruopusuye\Application\Runtime\Cache\Admin\c72f4ae3a3b9df57b6af1d5e37015864.php 第 45 行.
NOTIC: [8] Use of undefined constant time - assumed 'time' D:\phpStudy\PHPTutorial\WWW\ruopusuye\Application\Runtime\Cache\Admin\c72f4ae3a3b9df57b6af1d5e37015864.php 第 46 行.
NOTIC: [8] Use of undefined constant classification - assumed 'classification' D:\phpStudy\PHPTutorial\WWW\ruopusuye\Application\Runtime\Cache\Admin\c72f4ae3a3b9df57b6af1d5e37015864.php 第 47 行.
NOTIC: [8] Use of undefined constant abstracts - assumed 'abstracts' D:\phpStudy\PHPTutorial\WWW\ruopusuye\Application\Runtime\Cache\Admin\c72f4ae3a3b9df57b6af1d5e37015864.php 第 48 行.
NOTIC: [8] Use of undefined constant id - assumed 'id' D:\phpStudy\PHPTutorial\WWW\ruopusuye\Application\Runtime\Cache\Admin\c72f4ae3a3b9df57b6af1d5e37015864.php 第 52 行.
NOTIC: [8] Use of undefined constant id - assumed 'id' D:\phpStudy\PHPTutorial\WWW\ruopusuye\Application\Runtime\Cache\Admin\c72f4ae3a3b9df57b6af1d5e37015864.php 第 53 行.
NOTIC: [8] Use of undefined constant title - assumed 'title' D:\phpStudy\PHPTutorial\WWW\ruopusuye\Application\Runtime\Cache\Admin\c72f4ae3a3b9df57b6af1d5e37015864.php 第 45 行.
NOTIC: [8] Use of undefined constant time - assumed 'time' D:\phpStudy\PHPTutorial\WWW\ruopusuye\Application\Runtime\Cache\Admin\c72f4ae3a3b9df57b6af1d5e37015864.php 第 46 行.
NOTIC: [8] Use of undefined constant classification - assumed 'classification' D:\phpStudy\PHPTutorial\WWW\ruopusuye\Application\Runtime\Cache\Admin\c72f4ae3a3b9df57b6af1d5e37015864.php 第 47 行.
NOTIC: [8] Use of undefined constant abstracts - assumed 'abstracts' D:\phpStudy\PHPTutorial\WWW\ruopusuye\Application\Runtime\Cache\Admin\c72f4ae3a3b9df57b6af1d5e37015864.php 第 48 行.
NOTIC: [8] Use of undefined constant id - assumed 'id' D:\phpStudy\PHPTutorial\WWW\ruopusuye\Application\Runtime\Cache\Admin\c72f4ae3a3b9df57b6af1d5e37015864.php 第 52 行.
NOTIC: [8] Use of undefined constant id - assumed 'id' D:\phpStudy\PHPTutorial\WWW\ruopusuye\Application\Runtime\Cache\Admin\c72f4ae3a3b9df57b6af1d5e37015864.php 第 53 行.
NOTIC: [8] Use of undefined constant title - assumed 'title' D:\phpStudy\PHPTutorial\WWW\ruopusuye\Application\Runtime\Cache\Admin\c72f4ae3a3b9df57b6af1d5e37015864.php 第 45 行.
NOTIC: [8] Use of undefined constant time - assumed 'time' D:\phpStudy\PHPTutorial\WWW\ruopusuye\Application\Runtime\Cache\Admin\c72f4ae3a3b9df57b6af1d5e37015864.php 第 46 行.
NOTIC: [8] Use of undefined constant classification - assumed 'classification' D:\phpStudy\PHPTutorial\WWW\ruopusuye\Application\Runtime\Cache\Admin\c72f4ae3a3b9df57b6af1d5e37015864.php 第 47 行.
NOTIC: [8] Use of undefined constant abstracts - assumed 'abstracts' D:\phpStudy\PHPTutorial\WWW\ruopusuye\Application\Runtime\Cache\Admin\c72f4ae3a3b9df57b6af1d5e37015864.php 第 48 行.
NOTIC: [8] Use of undefined constant id - assumed 'id' D:\phpStudy\PHPTutorial\WWW\ruopusuye\Application\Runtime\Cache\Admin\c72f4ae3a3b9df57b6af1d5e37015864.php 第 52 行.
NOTIC: [8] Use of undefined constant id - assumed 'id' D:\phpStudy\PHPTutorial\WWW\ruopusuye\Application\Runtime\Cache\Admin\c72f4ae3a3b9df57b6af1d5e37015864.php 第 53 行.
NOTIC: [8] Use of undefined constant title - assumed 'title' D:\phpStudy\PHPTutorial\WWW\ruopusuye\Application\Runtime\Cache\Admin\c72f4ae3a3b9df57b6af1d5e37015864.php 第 45 行.
NOTIC: [8] Use of undefined constant time - assumed 'time' D:\phpStudy\PHPTutorial\WWW\ruopusuye\Application\Runtime\Cache\Admin\c72f4ae3a3b9df57b6af1d5e37015864.php 第 46 行.
NOTIC: [8] Use of undefined constant classification - assumed 'classification' D:\phpStudy\PHPTutorial\WWW\ruopusuye\Application\Runtime\Cache\Admin\c72f4ae3a3b9df57b6af1d5e37015864.php 第 47 行.
NOTIC: [8] Use of undefined constant abstracts - assumed 'abstracts' D:\phpStudy\PHPTutorial\WWW\ruopusuye\Application\Runtime\Cache\Admin\c72f4ae3a3b9df57b6af1d5e37015864.php 第 48 行.
NOTIC: [8] Use of undefined constant id - assumed 'id' D:\phpStudy\PHPTutorial\WWW\ruopusuye\Application\Runtime\Cache\Admin\c72f4ae3a3b9df57b6af1d5e37015864.php 第 52 行.
NOTIC: [8] Use of undefined constant id - assumed 'id' D:\phpStudy\PHPTutorial\WWW\ruopusuye\Application\Runtime\Cache\Admin\c72f4ae3a3b9df57b6af1d5e37015864.php 第 53 行.
NOTIC: [8] Use of undefined constant title - assumed 'title' D:\phpStudy\PHPTutorial\WWW\ruopusuye\Application\Runtime\Cache\Admin\c72f4ae3a3b9df57b6af1d5e37015864.php 第 45 行.
NOTIC: [8] Use of undefined constant time - assumed 'time' D:\phpStudy\PHPTutorial\WWW\ruopusuye\Application\Runtime\Cache\Admin\c72f4ae3a3b9df57b6af1d5e37015864.php 第 46 行.
NOTIC: [8] Use of undefined constant classification - assumed 'classification' D:\phpStudy\PHPTutorial\WWW\ruopusuye\Application\Runtime\Cache\Admin\c72f4ae3a3b9df57b6af1d5e37015864.php 第 47 行.
NOTIC: [8] Use of undefined constant abstracts - assumed 'abstracts' D:\phpStudy\PHPTutorial\WWW\ruopusuye\Application\Runtime\Cache\Admin\c72f4ae3a3b9df57b6af1d5e37015864.php 第 48 行.
NOTIC: [8] Use of undefined constant id - assumed 'id' D:\phpStudy\PHPTutorial\WWW\ruopusuye\Application\Runtime\Cache\Admin\c72f4ae3a3b9df57b6af1d5e37015864.php 第 52 行.
NOTIC: [8] Use of undefined constant id - assumed 'id' D:\phpStudy\PHPTutorial\WWW\ruopusuye\Application\Runtime\Cache\Admin\c72f4ae3a3b9df57b6af1d5e37015864.php 第 53 行.
NOTIC: [8] Use of undefined constant title - assumed 'title' D:\phpStudy\PHPTutorial\WWW\ruopusuye\Application\Runtime\Cache\Admin\c72f4ae3a3b9df57b6af1d5e37015864.php 第 45 行.
NOTIC: [8] Use of undefined constant time - assumed 'time' D:\phpStudy\PHPTutorial\WWW\ruopusuye\Application\Runtime\Cache\Admin\c72f4ae3a3b9df57b6af1d5e37015864.php 第 46 行.
NOTIC: [8] Use of undefined constant classification - assumed 'classification' D:\phpStudy\PHPTutorial\WWW\ruopusuye\Application\Runtime\Cache\Admin\c72f4ae3a3b9df57b6af1d5e37015864.php 第 47 行.
NOTIC: [8] Use of undefined constant abstracts - assumed 'abstracts' D:\phpStudy\PHPTutorial\WWW\ruopusuye\Application\Runtime\Cache\Admin\c72f4ae3a3b9df57b6af1d5e37015864.php 第 48 行.
NOTIC: [8] Use of undefined constant id - assumed 'id' D:\phpStudy\PHPTutorial\WWW\ruopusuye\Application\Runtime\Cache\Admin\c72f4ae3a3b9df57b6af1d5e37015864.php 第 52 行.
NOTIC: [8] Use of undefined constant id - assumed 'id' D:\phpStudy\PHPTutorial\WWW\ruopusuye\Application\Runtime\Cache\Admin\c72f4ae3a3b9df57b6af1d5e37015864.php 第 53 行.
NOTIC: [8] Use of undefined constant title - assumed 'title' D:\phpStudy\PHPTutorial\WWW\ruopusuye\Application\Runtime\Cache\Admin\c72f4ae3a3b9df57b6af1d5e37015864.php 第 45 行.
NOTIC: [8] Use of undefined constant time - assumed 'time' D:\phpStudy\PHPTutorial\WWW\ruopusuye\Application\Runtime\Cache\Admin\c72f4ae3a3b9df57b6af1d5e37015864.php 第 46 行.
NOTIC: [8] Use of undefined constant classification - assumed 'classification' D:\phpStudy\PHPTutorial\WWW\ruopusuye\Application\Runtime\Cache\Admin\c72f4ae3a3b9df57b6af1d5e37015864.php 第 47 行.
NOTIC: [8] Use of undefined constant abstracts - assumed 'abstracts' D:\phpStudy\PHPTutorial\WWW\ruopusuye\Application\Runtime\Cache\Admin\c72f4ae3a3b9df57b6af1d5e37015864.php 第 48 行.
NOTIC: [8] Use of undefined constant id - assumed 'id' D:\phpStudy\PHPTutorial\WWW\ruopusuye\Application\Runtime\Cache\Admin\c72f4ae3a3b9df57b6af1d5e37015864.php 第 52 行.
NOTIC: [8] Use of undefined constant id - assumed 'id' D:\phpStudy\PHPTutorial\WWW\ruopusuye\Application\Runtime\Cache\Admin\c72f4ae3a3b9df57b6af1d5e37015864.php 第 53 行.
NOTIC: [8] Use of undefined constant title - assumed 'title' D:\phpStudy\PHPTutorial\WWW\ruopusuye\Application\Runtime\Cache\Admin\c72f4ae3a3b9df57b6af1d5e37015864.php 第 45 行.
NOTIC: [8] Use of undefined constant time - assumed 'time' D:\phpStudy\PHPTutorial\WWW\ruopusuye\Application\Runtime\Cache\Admin\c72f4ae3a3b9df57b6af1d5e37015864.php 第 46 行.
NOTIC: [8] Use of undefined constant classification - assumed 'classification' D:\phpStudy\PHPTutorial\WWW\ruopusuye\Application\Runtime\Cache\Admin\c72f4ae3a3b9df57b6af1d5e37015864.php 第 47 行.
NOTIC: [8] Use of undefined constant abstracts - assumed 'abstracts' D:\phpStudy\PHPTutorial\WWW\ruopusuye\Application\Runtime\Cache\Admin\c72f4ae3a3b9df57b6af1d5e37015864.php 第 48 行.
NOTIC: [8] Use of undefined constant id - assumed 'id' D:\phpStudy\PHPTutorial\WWW\ruopusuye\Application\Runtime\Cache\Admin\c72f4ae3a3b9df57b6af1d5e37015864.php 第 52 行.
NOTIC: [8] Use of undefined constant id - assumed 'id' D:\phpStudy\PHPTutorial\WWW\ruopusuye\Application\Runtime\Cache\Admin\c72f4ae3a3b9df57b6af1d5e37015864.php 第 53 行.
NOTIC: [8] Use of undefined constant id - assumed 'id' D:\phpStudy\PHPTutorial\WWW\ruopusuye\Application\Runtime\Cache\Admin\c72f4ae3a3b9df57b6af1d5e37015864.php 第 56 行.
INFO: Run Behavior\ParseTemplateBehavior [ RunTime:0.020901s ]
INFO: [ view_parse ] --END-- [ RunTime:0.020973s ]
INFO: [ view_filter ] --START--
INFO: Run Behavior\WriteHtmlCacheBehavior [ RunTime:0.001052s ]
INFO: [ view_filter ] --END-- [ RunTime:0.001096s ]
INFO: [ app_end ] --START--
INFO: Run Behavior\ShowPageTraceBehavior [ RunTime:0.001797s ]
INFO: [ app_end ] --END-- [ RunTime:0.002027s ]

[ 2018-11-28T18:25:25+08:00 ] ::1 /ruopusuye/index.php/Admin/Index/newslistmod/id/65.html
INFO: [ app_init ] --START--
INFO: Run Behavior\BuildLiteBehavior [ RunTime:0.000013s ]
INFO: [ app_init ] --END-- [ RunTime:0.000460s ]
INFO: [ app_begin ] --START--
INFO: Run Behavior\ReadHtmlCacheBehavior [ RunTime:0.000816s ]
INFO: [ app_begin ] --END-- [ RunTime:0.000858s ]
SQL: SHOW COLUMNS FROM `rp_news` [ RunTime:0.0302s ]
SQL: SHOW COLUMNS FROM `rp_news` [ RunTime:0.0298s ]
SQL: SELECT * FROM `rp_news` WHERE ( id=65 ) LIMIT 1   [ RunTime:0.0280s ]
INFO: [ view_parse ] --START--
INFO: [ template_filter ] --START--
INFO: Run Behavior\ContentReplaceBehavior [ RunTime:0.000054s ]
INFO: [ template_filter ] --END-- [ RunTime:0.000098s ]
NOTIC: [8] Use of undefined constant id - assumed 'id' D:\phpStudy\PHPTutorial\WWW\ruopusuye\Application\Runtime\Cache\Admin\a4e663810083fbe9808474d317fc75f3.php 第 39 行.
NOTIC: [8] Use of undefined constant language - assumed 'language' D:\phpStudy\PHPTutorial\WWW\ruopusuye\Application\Runtime\Cache\Admin\a4e663810083fbe9808474d317fc75f3.php 第 40 行.
NOTIC: [8] Use of undefined constant title - assumed 'title' D:\phpStudy\PHPTutorial\WWW\ruopusuye\Application\Runtime\Cache\Admin\a4e663810083fbe9808474d317fc75f3.php 第 44 行.
NOTIC: [8] Use of undefined constant time - assumed 'time' D:\phpStudy\PHPTutorial\WWW\ruopusuye\Application\Runtime\Cache\Admin\a4e663810083fbe9808474d317fc75f3.php 第 50 行.
INFO: Run Behavior\ParseTemplateBehavior [ RunTime:0.025784s ]
INFO: [ view_parse ] --END-- [ RunTime:0.025868s ]
INFO: [ view_filter ] --START--
INFO: Run Behavior\WriteHtmlCacheBehavior [ RunTime:0.000808s ]
INFO: [ view_filter ] --END-- [ RunTime:0.000848s ]
INFO: [ app_end ] --START--
INFO: Run Behavior\ShowPageTraceBehavior [ RunTime:0.001034s ]
INFO: [ app_end ] --END-- [ RunTime:0.001075s ]

[ 2018-11-28T18:25:25+08:00 ] ::1 /ruopusuye/index.php/Admin/Index/save_info.html?action=config&&noCache=1543400725600
INFO: [ app_init ] --START--
INFO: Run Behavior\BuildLiteBehavior [ RunTime:0.000014s ]
INFO: [ app_init ] --END-- [ RunTime:0.000791s ]
INFO: [ app_begin ] --START--
INFO: Run Behavior\ReadHtmlCacheBehavior [ RunTime:0.000869s ]
INFO: [ app_begin ] --END-- [ RunTime:0.000949s ]
INFO: [ app_end ] --START--
INFO: Run Behavior\ShowPageTraceBehavior [ RunTime:0.000751s ]
INFO: [ app_end ] --END-- [ RunTime:0.000820s ]

[ 2018-11-28T18:25:35+08:00 ] ::1 /ruopusuye/admin/Index/newslist?language=0
INFO: [ app_init ] --START--
INFO: Run Behavior\BuildLiteBehavior [ RunTime:0.000019s ]
INFO: [ app_init ] --END-- [ RunTime:0.000601s ]
INFO: [ app_begin ] --START--
INFO: Run Behavior\ReadHtmlCacheBehavior [ RunTime:0.000973s ]
INFO: [ app_begin ] --END-- [ RunTime:0.001024s ]
SQL: SHOW COLUMNS FROM `rp_news` [ RunTime:0.0312s ]
NOTIC: [8] Undefined index: p D:\phpStudy\PHPTutorial\WWW\ruopusuye\Application\Admin\Controller\IndexController.class.php 第 352 行.
NOTIC: [8] Undefined index: keywords D:\phpStudy\PHPTutorial\WWW\ruopusuye\Application\Admin\Controller\IndexController.class.php 第 357 行.
SQL: SHOW COLUMNS FROM `rp_news` [ RunTime:0.0317s ]
SQL: SELECT * FROM `rp_news` WHERE ( language=0 ) ORDER BY id desc LIMIT 0,9   [ RunTime:0.0299s ]
SQL: SELECT COUNT(*) AS tp_count FROM `rp_news` WHERE ( language=0 ) LIMIT 1   [ RunTime:0.0298s ]
INFO: [ view_parse ] --START--
INFO: [ template_filter ] --START--
INFO: Run Behavior\ContentReplaceBehavior [ RunTime:0.000039s ]
INFO: [ template_filter ] --END-- [ RunTime:0.000085s ]
NOTIC: [8] Use of undefined constant title - assumed 'title' D:\phpStudy\PHPTutorial\WWW\ruopusuye\Application\Runtime\Cache\Admin\c72f4ae3a3b9df57b6af1d5e37015864.php 第 45 行.
NOTIC: [8] Use of undefined constant time - assumed 'time' D:\phpStudy\PHPTutorial\WWW\ruopusuye\Application\Runtime\Cache\Admin\c72f4ae3a3b9df57b6af1d5e37015864.php 第 46 行.
NOTIC: [8] Use of undefined constant classification - assumed 'classification' D:\phpStudy\PHPTutorial\WWW\ruopusuye\Application\Runtime\Cache\Admin\c72f4ae3a3b9df57b6af1d5e37015864.php 第 47 行.
NOTIC: [8] Use of undefined constant abstracts - assumed 'abstracts' D:\phpStudy\PHPTutorial\WWW\ruopusuye\Application\Runtime\Cache\Admin\c72f4ae3a3b9df57b6af1d5e37015864.php 第 48 行.
NOTIC: [8] Use of undefined constant id - assumed 'id' D:\phpStudy\PHPTutorial\WWW\ruopusuye\Application\Runtime\Cache\Admin\c72f4ae3a3b9df57b6af1d5e37015864.php 第 52 行.
NOTIC: [8] Use of undefined constant id - assumed 'id' D:\phpStudy\PHPTutorial\WWW\ruopusuye\Application\Runtime\Cache\Admin\c72f4ae3a3b9df57b6af1d5e37015864.php 第 53 行.
NOTIC: [8] Use of undefined constant title - assumed 'title' D:\phpStudy\PHPTutorial\WWW\ruopusuye\Application\Runtime\Cache\Admin\c72f4ae3a3b9df57b6af1d5e37015864.php 第 45 行.
NOTIC: [8] Use of undefined constant time - assumed 'time' D:\phpStudy\PHPTutorial\WWW\ruopusuye\Application\Runtime\Cache\Admin\c72f4ae3a3b9df57b6af1d5e37015864.php 第 46 行.
NOTIC: [8] Use of undefined constant classification - assumed 'classification' D:\phpStudy\PHPTutorial\WWW\ruopusuye\Application\Runtime\Cache\Admin\c72f4ae3a3b9df57b6af1d5e37015864.php 第 47 行.
NOTIC: [8] Use of undefined constant abstracts - assumed 'abstracts' D:\phpStudy\PHPTutorial\WWW\ruopusuye\Application\Runtime\Cache\Admin\c72f4ae3a3b9df57b6af1d5e37015864.php 第 48 行.
NOTIC: [8] Use of undefined constant id - assumed 'id' D:\phpStudy\PHPTutorial\WWW\ruopusuye\Application\Runtime\Cache\Admin\c72f4ae3a3b9df57b6af1d5e37015864.php 第 52 行.
NOTIC: [8] Use of undefined constant id - assumed 'id' D:\phpStudy\PHPTutorial\WWW\ruopusuye\Application\Runtime\Cache\Admin\c72f4ae3a3b9df57b6af1d5e37015864.php 第 53 行.
NOTIC: [8] Use of undefined constant title - assumed 'title' D:\phpStudy\PHPTutorial\WWW\ruopusuye\Application\Runtime\Cache\Admin\c72f4ae3a3b9df57b6af1d5e37015864.php 第 45 行.
NOTIC: [8] Use of undefined constant time - assumed 'time' D:\phpStudy\PHPTutorial\WWW\ruopusuye\Application\Runtime\Cache\Admin\c72f4ae3a3b9df57b6af1d5e37015864.php 第 46 行.
NOTIC: [8] Use of undefined constant classification - assumed 'classification' D:\phpStudy\PHPTutorial\WWW\ruopusuye\Application\Runtime\Cache\Admin\c72f4ae3a3b9df57b6af1d5e37015864.php 第 47 行.
NOTIC: [8] Use of undefined constant abstracts - assumed 'abstracts' D:\phpStudy\PHPTutorial\WWW\ruopusuye\Application\Runtime\Cache\Admin\c72f4ae3a3b9df57b6af1d5e37015864.php 第 48 行.
NOTIC: [8] Use of undefined constant id - assumed 'id' D:\phpStudy\PHPTutorial\WWW\ruopusuye\Application\Runtime\Cache\Admin\c72f4ae3a3b9df57b6af1d5e37015864.php 第 52 行.
NOTIC: [8] Use of undefined constant id - assumed 'id' D:\phpStudy\PHPTutorial\WWW\ruopusuye\Application\Runtime\Cache\Admin\c72f4ae3a3b9df57b6af1d5e37015864.php 第 53 行.
NOTIC: [8] Use of undefined constant title - assumed 'title' D:\phpStudy\PHPTutorial\WWW\ruopusuye\Application\Runtime\Cache\Admin\c72f4ae3a3b9df57b6af1d5e37015864.php 第 45 行.
NOTIC: [8] Use of undefined constant time - assumed 'time' D:\phpStudy\PHPTutorial\WWW\ruopusuye\Application\Runtime\Cache\Admin\c72f4ae3a3b9df57b6af1d5e37015864.php 第 46 行.
NOTIC: [8] Use of undefined constant classification - assumed 'classification' D:\phpStudy\PHPTutorial\WWW\ruopusuye\Application\Runtime\Cache\Admin\c72f4ae3a3b9df57b6af1d5e37015864.php 第 47 行.
NOTIC: [8] Use of undefined constant abstracts - assumed 'abstracts' D:\phpStudy\PHPTutorial\WWW\ruopusuye\Application\Runtime\Cache\Admin\c72f4ae3a3b9df57b6af1d5e37015864.php 第 48 行.
NOTIC: [8] Use of undefined constant id - assumed 'id' D:\phpStudy\PHPTutorial\WWW\ruopusuye\Application\Runtime\Cache\Admin\c72f4ae3a3b9df57b6af1d5e37015864.php 第 52 行.
NOTIC: [8] Use of undefined constant id - assumed 'id' D:\phpStudy\PHPTutorial\WWW\ruopusuye\Application\Runtime\Cache\Admin\c72f4ae3a3b9df57b6af1d5e37015864.php 第 53 行.
NOTIC: [8] Use of undefined constant title - assumed 'title' D:\phpStudy\PHPTutorial\WWW\ruopusuye\Application\Runtime\Cache\Admin\c72f4ae3a3b9df57b6af1d5e37015864.php 第 45 行.
NOTIC: [8] Use of undefined constant time - assumed 'time' D:\phpStudy\PHPTutorial\WWW\ruopusuye\Application\Runtime\Cache\Admin\c72f4ae3a3b9df57b6af1d5e37015864.php 第 46 行.
NOTIC: [8] Use of undefined constant classification - assumed 'classification' D:\phpStudy\PHPTutorial\WWW\ruopusuye\Application\Runtime\Cache\Admin\c72f4ae3a3b9df57b6af1d5e37015864.php 第 47 行.
NOTIC: [8] Use of undefined constant abstracts - assumed 'abstracts' D:\phpStudy\PHPTutorial\WWW\ruopusuye\Application\Runtime\Cache\Admin\c72f4ae3a3b9df57b6af1d5e37015864.php 第 48 行.
NOTIC: [8] Use of undefined constant id - assumed 'id' D:\phpStudy\PHPTutorial\WWW\ruopusuye\Application\Runtime\Cache\Admin\c72f4ae3a3b9df57b6af1d5e37015864.php 第 52 行.
NOTIC: [8] Use of undefined constant id - assumed 'id' D:\phpStudy\PHPTutorial\WWW\ruopusuye\Application\Runtime\Cache\Admin\c72f4ae3a3b9df57b6af1d5e37015864.php 第 53 行.
NOTIC: [8] Use of undefined constant title - assumed 'title' D:\phpStudy\PHPTutorial\WWW\ruopusuye\Application\Runtime\Cache\Admin\c72f4ae3a3b9df57b6af1d5e37015864.php 第 45 行.
NOTIC: [8] Use of undefined constant time - assumed 'time' D:\phpStudy\PHPTutorial\WWW\ruopusuye\Application\Runtime\Cache\Admin\c72f4ae3a3b9df57b6af1d5e37015864.php 第 46 行.
NOTIC: [8] Use of undefined constant classification - assumed 'classification' D:\phpStudy\PHPTutorial\WWW\ruopusuye\Application\Runtime\Cache\Admin\c72f4ae3a3b9df57b6af1d5e37015864.php 第 47 行.
NOTIC: [8] Use of undefined constant abstracts - assumed 'abstracts' D:\phpStudy\PHPTutorial\WWW\ruopusuye\Application\Runtime\Cache\Admin\c72f4ae3a3b9df57b6af1d5e37015864.php 第 48 行.
NOTIC: [8] Use of undefined constant id - assumed 'id' D:\phpStudy\PHPTutorial\WWW\ruopusuye\Application\Runtime\Cache\Admin\c72f4ae3a3b9df57b6af1d5e37015864.php 第 52 行.
NOTIC: [8] Use of undefined constant id - assumed 'id' D:\phpStudy\PHPTutorial\WWW\ruopusuye\Application\Runtime\Cache\Admin\c72f4ae3a3b9df57b6af1d5e37015864.php 第 53 行.
NOTIC: [8] Use of undefined constant title - assumed 'title' D:\phpStudy\PHPTutorial\WWW\ruopusuye\Application\Runtime\Cache\Admin\c72f4ae3a3b9df57b6af1d5e37015864.php 第 45 行.
NOTIC: [8] Use of undefined constant time - assumed 'time' D:\phpStudy\PHPTutorial\WWW\ruopusuye\Application\Runtime\Cache\Admin\c72f4ae3a3b9df57b6af1d5e37015864.php 第 46 行.
NOTIC: [8] Use of undefined constant classification - assumed 'classification' D:\phpStudy\PHPTutorial\WWW\ruopusuye\Application\Runtime\Cache\Admin\c72f4ae3a3b9df57b6af1d5e37015864.php 第 47 行.
NOTIC: [8] Use of undefined constant abstracts - assumed 'abstracts' D:\phpStudy\PHPTutorial\WWW\ruopusuye\Application\Runtime\Cache\Admin\c72f4ae3a3b9df57b6af1d5e37015864.php 第 48 行.
NOTIC: [8] Use of undefined constant id - assumed 'id' D:\phpStudy\PHPTutorial\WWW\ruopusuye\Application\Runtime\Cache\Admin\c72f4ae3a3b9df57b6af1d5e37015864.php 第 52 行.
NOTIC: [8] Use of undefined constant id - assumed 'id' D:\phpStudy\PHPTutorial\WWW\ruopusuye\Application\Runtime\Cache\Admin\c72f4ae3a3b9df57b6af1d5e37015864.php 第 53 行.
NOTIC: [8] Use of undefined constant title - assumed 'title' D:\phpStudy\PHPTutorial\WWW\ruopusuye\Application\Runtime\Cache\Admin\c72f4ae3a3b9df57b6af1d5e37015864.php 第 45 行.
NOTIC: [8] Use of undefined constant time - assumed 'time' D:\phpStudy\PHPTutorial\WWW\ruopusuye\Application\Runtime\Cache\Admin\c72f4ae3a3b9df57b6af1d5e37015864.php 第 46 行.
NOTIC: [8] Use of undefined constant classification - assumed 'classification' D:\phpStudy\PHPTutorial\WWW\ruopusuye\Application\Runtime\Cache\Admin\c72f4ae3a3b9df57b6af1d5e37015864.php 第 47 行.
NOTIC: [8] Use of undefined constant abstracts - assumed 'abstracts' D:\phpStudy\PHPTutorial\WWW\ruopusuye\Application\Runtime\Cache\Admin\c72f4ae3a3b9df57b6af1d5e37015864.php 第 48 行.
NOTIC: [8] Use of undefined constant id - assumed 'id' D:\phpStudy\PHPTutorial\WWW\ruopusuye\Application\Runtime\Cache\Admin\c72f4ae3a3b9df57b6af1d5e37015864.php 第 52 行.
NOTIC: [8] Use of undefined constant id - assumed 'id' D:\phpStudy\PHPTutorial\WWW\ruopusuye\Application\Runtime\Cache\Admin\c72f4ae3a3b9df57b6af1d5e37015864.php 第 53 行.
NOTIC: [8] Use of undefined constant title - assumed 'title' D:\phpStudy\PHPTutorial\WWW\ruopusuye\Application\Runtime\Cache\Admin\c72f4ae3a3b9df57b6af1d5e37015864.php 第 45 行.
NOTIC: [8] Use of undefined constant time - assumed 'time' D:\phpStudy\PHPTutorial\WWW\ruopusuye\Application\Runtime\Cache\Admin\c72f4ae3a3b9df57b6af1d5e37015864.php 第 46 行.
NOTIC: [8] Use of undefined constant classification - assumed 'classification' D:\phpStudy\PHPTutorial\WWW\ruopusuye\Application\Runtime\Cache\Admin\c72f4ae3a3b9df57b6af1d5e37015864.php 第 47 行.
NOTIC: [8] Use of undefined constant abstracts - assumed 'abstracts' D:\phpStudy\PHPTutorial\WWW\ruopusuye\Application\Runtime\Cache\Admin\c72f4ae3a3b9df57b6af1d5e37015864.php 第 48 行.
NOTIC: [8] Use of undefined constant id - assumed 'id' D:\phpStudy\PHPTutorial\WWW\ruopusuye\Application\Runtime\Cache\Admin\c72f4ae3a3b9df57b6af1d5e37015864.php 第 52 行.
NOTIC: [8] Use of undefined constant id - assumed 'id' D:\phpStudy\PHPTutorial\WWW\ruopusuye\Application\Runtime\Cache\Admin\c72f4ae3a3b9df57b6af1d5e37015864.php 第 53 行.
NOTIC: [8] Use of undefined constant id - assumed 'id' D:\phpStudy\PHPTutorial\WWW\ruopusuye\Application\Runtime\Cache\Admin\c72f4ae3a3b9df57b6af1d5e37015864.php 第 56 行.
INFO: Run Behavior\ParseTemplateBehavior [ RunTime:0.010508s ]
INFO: [ view_parse ] --END-- [ RunTime:0.010555s ]
INFO: [ view_filter ] --START--
INFO: Run Behavior\WriteHtmlCacheBehavior [ RunTime:0.000715s ]
INFO: [ view_filter ] --END-- [ RunTime:0.000744s ]
INFO: [ app_end ] --START--
INFO: Run Behavior\ShowPageTraceBehavior [ RunTime:0.001188s ]
INFO: [ app_end ] --END-- [ RunTime:0.001253s ]

[ 2018-11-28T18:25:37+08:00 ] ::1 /ruopusuye/index.php/Admin/Index/newslistmod/id/65.html
INFO: [ app_init ] --START--
INFO: Run Behavior\BuildLiteBehavior [ RunTime:0.000016s ]
INFO: [ app_init ] --END-- [ RunTime:0.000603s ]
INFO: [ app_begin ] --START--
INFO: Run Behavior\ReadHtmlCacheBehavior [ RunTime:0.001111s ]
INFO: [ app_begin ] --END-- [ RunTime:0.001172s ]
SQL: SHOW COLUMNS FROM `rp_news` [ RunTime:0.0278s ]
SQL: SHOW COLUMNS FROM `rp_news` [ RunTime:0.0270s ]
SQL: SELECT * FROM `rp_news` WHERE ( id=65 ) LIMIT 1   [ RunTime:0.0253s ]
INFO: [ view_parse ] --START--
INFO: [ template_filter ] --START--
INFO: Run Behavior\ContentReplaceBehavior [ RunTime:0.000064s ]
INFO: [ template_filter ] --END-- [ RunTime:0.000116s ]
NOTIC: [8] Use of undefined constant id - assumed 'id' D:\phpStudy\PHPTutorial\WWW\ruopusuye\Application\Runtime\Cache\Admin\a4e663810083fbe9808474d317fc75f3.php 第 39 行.
NOTIC: [8] Use of undefined constant language - assumed 'language' D:\phpStudy\PHPTutorial\WWW\ruopusuye\Application\Runtime\Cache\Admin\a4e663810083fbe9808474d317fc75f3.php 第 40 行.
NOTIC: [8] Use of undefined constant title - assumed 'title' D:\phpStudy\PHPTutorial\WWW\ruopusuye\Application\Runtime\Cache\Admin\a4e663810083fbe9808474d317fc75f3.php 第 44 行.
NOTIC: [8] Use of undefined constant time - assumed 'time' D:\phpStudy\PHPTutorial\WWW\ruopusuye\Application\Runtime\Cache\Admin\a4e663810083fbe9808474d317fc75f3.php 第 50 行.
INFO: Run Behavior\ParseTemplateBehavior [ RunTime:0.009244s ]
INFO: [ view_parse ] --END-- [ RunTime:0.009287s ]
INFO: [ view_filter ] --START--
INFO: Run Behavior\WriteHtmlCacheBehavior [ RunTime:0.000776s ]
INFO: [ view_filter ] --END-- [ RunTime:0.000815s ]
INFO: [ app_end ] --START--
INFO: Run Behavior\ShowPageTraceBehavior [ RunTime:0.001065s ]
INFO: [ app_end ] --END-- [ RunTime:0.001108s ]

[ 2018-11-28T18:25:37+08:00 ] ::1 /ruopusuye/index.php/Admin/Index/save_info.html?action=config&&noCache=1543400737714
INFO: [ app_init ] --START--
INFO: Run Behavior\BuildLiteBehavior [ RunTime:0.000025s ]
INFO: [ app_init ] --END-- [ RunTime:0.000900s ]
INFO: [ app_begin ] --START--
INFO: Run Behavior\ReadHtmlCacheBehavior [ RunTime:0.002384s ]
INFO: [ app_begin ] --END-- [ RunTime:0.002474s ]
INFO: [ app_end ] --START--
INFO: Run Behavior\ShowPageTraceBehavior [ RunTime:0.001189s ]
INFO: [ app_end ] --END-- [ RunTime:0.001263s ]

[ 2018-11-28T18:25:52+08:00 ] ::1 /ruopusuye/admin/Index/newslist?language=0
INFO: [ app_init ] --START--
INFO: Run Behavior\BuildLiteBehavior [ RunTime:0.000017s ]
INFO: [ app_init ] --END-- [ RunTime:0.000775s ]
INFO: [ app_begin ] --START--
INFO: Run Behavior\ReadHtmlCacheBehavior [ RunTime:0.001169s ]
INFO: [ app_begin ] --END-- [ RunTime:0.001250s ]
SQL: SHOW COLUMNS FROM `rp_news` [ RunTime:0.0279s ]
NOTIC: [8] Undefined index: p D:\phpStudy\PHPTutorial\WWW\ruopusuye\Application\Admin\Controller\IndexController.class.php 第 352 行.
NOTIC: [8] Undefined index: keywords D:\phpStudy\PHPTutorial\WWW\ruopusuye\Application\Admin\Controller\IndexController.class.php 第 357 行.
SQL: SHOW COLUMNS FROM `rp_news` [ RunTime:0.0272s ]
SQL: SELECT * FROM `rp_news` WHERE ( language=0 ) ORDER BY id desc LIMIT 0,9   [ RunTime:0.0281s ]
SQL: SELECT COUNT(*) AS tp_count FROM `rp_news` WHERE ( language=0 ) LIMIT 1   [ RunTime:0.0247s ]
INFO: [ view_parse ] --START--
INFO: [ template_filter ] --START--
INFO: Run Behavior\ContentReplaceBehavior [ RunTime:0.000086s ]
INFO: [ template_filter ] --END-- [ RunTime:0.000175s ]
NOTIC: [8] Use of undefined constant title - assumed 'title' D:\phpStudy\PHPTutorial\WWW\ruopusuye\Application\Runtime\Cache\Admin\c72f4ae3a3b9df57b6af1d5e37015864.php 第 45 行.
NOTIC: [8] Use of undefined constant time - assumed 'time' D:\phpStudy\PHPTutorial\WWW\ruopusuye\Application\Runtime\Cache\Admin\c72f4ae3a3b9df57b6af1d5e37015864.php 第 46 行.
NOTIC: [8] Use of undefined constant classification - assumed 'classification' D:\phpStudy\PHPTutorial\WWW\ruopusuye\Application\Runtime\Cache\Admin\c72f4ae3a3b9df57b6af1d5e37015864.php 第 47 行.
NOTIC: [8] Use of undefined constant abstracts - assumed 'abstracts' D:\phpStudy\PHPTutorial\WWW\ruopusuye\Application\Runtime\Cache\Admin\c72f4ae3a3b9df57b6af1d5e37015864.php 第 48 行.
NOTIC: [8] Use of undefined constant id - assumed 'id' D:\phpStudy\PHPTutorial\WWW\ruopusuye\Application\Runtime\Cache\Admin\c72f4ae3a3b9df57b6af1d5e37015864.php 第 52 行.
NOTIC: [8] Use of undefined constant id - assumed 'id' D:\phpStudy\PHPTutorial\WWW\ruopusuye\Application\Runtime\Cache\Admin\c72f4ae3a3b9df57b6af1d5e37015864.php 第 53 行.
NOTIC: [8] Use of undefined constant title - assumed 'title' D:\phpStudy\PHPTutorial\WWW\ruopusuye\Application\Runtime\Cache\Admin\c72f4ae3a3b9df57b6af1d5e37015864.php 第 45 行.
NOTIC: [8] Use of undefined constant time - assumed 'time' D:\phpStudy\PHPTutorial\WWW\ruopusuye\Application\Runtime\Cache\Admin\c72f4ae3a3b9df57b6af1d5e37015864.php 第 46 行.
NOTIC: [8] Use of undefined constant classification - assumed 'classification' D:\phpStudy\PHPTutorial\WWW\ruopusuye\Application\Runtime\Cache\Admin\c72f4ae3a3b9df57b6af1d5e37015864.php 第 47 行.
NOTIC: [8] Use of undefined constant abstracts - assumed 'abstracts' D:\phpStudy\PHPTutorial\WWW\ruopusuye\Application\Runtime\Cache\Admin\c72f4ae3a3b9df57b6af1d5e37015864.php 第 48 行.
NOTIC: [8] Use of undefined constant id - assumed 'id' D:\phpStudy\PHPTutorial\WWW\ruopusuye\Application\Runtime\Cache\Admin\c72f4ae3a3b9df57b6af1d5e37015864.php 第 52 行.
NOTIC: [8] Use of undefined constant id - assumed 'id' D:\phpStudy\PHPTutorial\WWW\ruopusuye\Application\Runtime\Cache\Admin\c72f4ae3a3b9df57b6af1d5e37015864.php 第 53 行.
NOTIC: [8] Use of undefined constant title - assumed 'title' D:\phpStudy\PHPTutorial\WWW\ruopusuye\Application\Runtime\Cache\Admin\c72f4ae3a3b9df57b6af1d5e37015864.php 第 45 行.
NOTIC: [8] Use of undefined constant time - assumed 'time' D:\phpStudy\PHPTutorial\WWW\ruopusuye\Application\Runtime\Cache\Admin\c72f4ae3a3b9df57b6af1d5e37015864.php 第 46 行.
NOTIC: [8] Use of undefined constant classification - assumed 'classification' D:\phpStudy\PHPTutorial\WWW\ruopusuye\Application\Runtime\Cache\Admin\c72f4ae3a3b9df57b6af1d5e37015864.php 第 47 行.
NOTIC: [8] Use of undefined constant abstracts - assumed 'abstracts' D:\phpStudy\PHPTutorial\WWW\ruopusuye\Application\Runtime\Cache\Admin\c72f4ae3a3b9df57b6af1d5e37015864.php 第 48 行.
NOTIC: [8] Use of undefined constant id - assumed 'id' D:\phpStudy\PHPTutorial\WWW\ruopusuye\Application\Runtime\Cache\Admin\c72f4ae3a3b9df57b6af1d5e37015864.php 第 52 行.
NOTIC: [8] Use of undefined constant id - assumed 'id' D:\phpStudy\PHPTutorial\WWW\ruopusuye\Application\Runtime\Cache\Admin\c72f4ae3a3b9df57b6af1d5e37015864.php 第 53 行.
NOTIC: [8] Use of undefined constant title - assumed 'title' D:\phpStudy\PHPTutorial\WWW\ruopusuye\Application\Runtime\Cache\Admin\c72f4ae3a3b9df57b6af1d5e37015864.php 第 45 行.
NOTIC: [8] Use of undefined constant time - assumed 'time' D:\phpStudy\PHPTutorial\WWW\ruopusuye\Application\Runtime\Cache\Admin\c72f4ae3a3b9df57b6af1d5e37015864.php 第 46 行.
NOTIC: [8] Use of undefined constant classification - assumed 'classification' D:\phpStudy\PHPTutorial\WWW\ruopusuye\Application\Runtime\Cache\Admin\c72f4ae3a3b9df57b6af1d5e37015864.php 第 47 行.
NOTIC: [8] Use of undefined constant abstracts - assumed 'abstracts' D:\phpStudy\PHPTutorial\WWW\ruopusuye\Application\Runtime\Cache\Admin\c72f4ae3a3b9df57b6af1d5e37015864.php 第 48 行.
NOTIC: [8] Use of undefined constant id - assumed 'id' D:\phpStudy\PHPTutorial\WWW\ruopusuye\Application\Runtime\Cache\Admin\c72f4ae3a3b9df57b6af1d5e37015864.php 第 52 行.
NOTIC: [8] Use of undefined constant id - assumed 'id' D:\phpStudy\PHPTutorial\WWW\ruopusuye\Application\Runtime\Cache\Admin\c72f4ae3a3b9df57b6af1d5e37015864.php 第 53 行.
NOTIC: [8] Use of undefined constant title - assumed 'title' D:\phpStudy\PHPTutorial\WWW\ruopusuye\Application\Runtime\Cache\Admin\c72f4ae3a3b9df57b6af1d5e37015864.php 第 45 行.
NOTIC: [8] Use of undefined constant time - assumed 'time' D:\phpStudy\PHPTutorial\WWW\ruopusuye\Application\Runtime\Cache\Admin\c72f4ae3a3b9df57b6af1d5e37015864.php 第 46 行.
NOTIC: [8] Use of undefined constant classification - assumed 'classification' D:\phpStudy\PHPTutorial\WWW\ruopusuye\Application\Runtime\Cache\Admin\c72f4ae3a3b9df57b6af1d5e37015864.php 第 47 行.
NOTIC: [8] Use of undefined constant abstracts - assumed 'abstracts' D:\phpStudy\PHPTutorial\WWW\ruopusuye\Application\Runtime\Cache\Admin\c72f4ae3a3b9df57b6af1d5e37015864.php 第 48 行.
NOTIC: [8] Use of undefined constant id - assumed 'id' D:\phpStudy\PHPTutorial\WWW\ruopusuye\Application\Runtime\Cache\Admin\c72f4ae3a3b9df57b6af1d5e37015864.php 第 52 行.
NOTIC: [8] Use of undefined constant id - assumed 'id' D:\phpStudy\PHPTutorial\WWW\ruopusuye\Application\Runtime\Cache\Admin\c72f4ae3a3b9df57b6af1d5e37015864.php 第 53 行.
NOTIC: [8] Use of undefined constant title - assumed 'title' D:\phpStudy\PHPTutorial\WWW\ruopusuye\Application\Runtime\Cache\Admin\c72f4ae3a3b9df57b6af1d5e37015864.php 第 45 行.
NOTIC: [8] Use of undefined constant time - assumed 'time' D:\phpStudy\PHPTutorial\WWW\ruopusuye\Application\Runtime\Cache\Admin\c72f4ae3a3b9df57b6af1d5e37015864.php 第 46 行.
NOTIC: [8] Use of undefined constant classification - assumed 'classification' D:\phpStudy\PHPTutorial\WWW\ruopusuye\Application\Runtime\Cache\Admin\c72f4ae3a3b9df57b6af1d5e37015864.php 第 47 行.
NOTIC: [8] Use of undefined constant abstracts - assumed 'abstracts' D:\phpStudy\PHPTutorial\WWW\ruopusuye\Application\Runtime\Cache\Admin\c72f4ae3a3b9df57b6af1d5e37015864.php 第 48 行.
NOTIC: [8] Use of undefined constant id - assumed 'id' D:\phpStudy\PHPTutorial\WWW\ruopusuye\Application\Runtime\Cache\Admin\c72f4ae3a3b9df57b6af1d5e37015864.php 第 52 行.
NOTIC: [8] Use of undefined constant id - assumed 'id' D:\phpStudy\PHPTutorial\WWW\ruopusuye\Application\Runtime\Cache\Admin\c72f4ae3a3b9df57b6af1d5e37015864.php 第 53 行.
NOTIC: [8] Use of undefined constant title - assumed 'title' D:\phpStudy\PHPTutorial\WWW\ruopusuye\Application\Runtime\Cache\Admin\c72f4ae3a3b9df57b6af1d5e37015864.php 第 45 行.
NOTIC: [8] Use of undefined constant time - assumed 'time' D:\phpStudy\PHPTutorial\WWW\ruopusuye\Application\Runtime\Cache\Admin\c72f4ae3a3b9df57b6af1d5e37015864.php 第 46 行.
NOTIC: [8] Use of undefined constant classification - assumed 'classification' D:\phpStudy\PHPTutorial\WWW\ruopusuye\Application\Runtime\Cache\Admin\c72f4ae3a3b9df57b6af1d5e37015864.php 第 47 行.
NOTIC: [8] Use of undefined constant abstracts - assumed 'abstracts' D:\phpStudy\PHPTutorial\WWW\ruopusuye\Application\Runtime\Cache\Admin\c72f4ae3a3b9df57b6af1d5e37015864.php 第 48 行.
NOTIC: [8] Use of undefined constant id - assumed 'id' D:\phpStudy\PHPTutorial\WWW\ruopusuye\Application\Runtime\Cache\Admin\c72f4ae3a3b9df57b6af1d5e37015864.php 第 52 行.
NOTIC: [8] Use of undefined constant id - assumed 'id' D:\phpStudy\PHPTutorial\WWW\ruopusuye\Application\Runtime\Cache\Admin\c72f4ae3a3b9df57b6af1d5e37015864.php 第 53 行.
NOTIC: [8] Use of undefined constant title - assumed 'title' D:\phpStudy\PHPTutorial\WWW\ruopusuye\Application\Runtime\Cache\Admin\c72f4ae3a3b9df57b6af1d5e37015864.php 第 45 行.
NOTIC: [8] Use of undefined constant time - assumed 'time' D:\phpStudy\PHPTutorial\WWW\ruopusuye\Application\Runtime\Cache\Admin\c72f4ae3a3b9df57b6af1d5e37015864.php 第 46 行.
NOTIC: [8] Use of undefined constant classification - assumed 'classification' D:\phpStudy\PHPTutorial\WWW\ruopusuye\Application\Runtime\Cache\Admin\c72f4ae3a3b9df57b6af1d5e37015864.php 第 47 行.
NOTIC: [8] Use of undefined constant abstracts - assumed 'abstracts' D:\phpStudy\PHPTutorial\WWW\ruopusuye\Application\Runtime\Cache\Admin\c72f4ae3a3b9df57b6af1d5e37015864.php 第 48 行.
NOTIC: [8] Use of undefined constant id - assumed 'id' D:\phpStudy\PHPTutorial\WWW\ruopusuye\Application\Runtime\Cache\Admin\c72f4ae3a3b9df57b6af1d5e37015864.php 第 52 行.
NOTIC: [8] Use of undefined constant id - assumed 'id' D:\phpStudy\PHPTutorial\WWW\ruopusuye\Application\Runtime\Cache\Admin\c72f4ae3a3b9df57b6af1d5e37015864.php 第 53 行.
NOTIC: [8] Use of undefined constant title - assumed 'title' D:\phpStudy\PHPTutorial\WWW\ruopusuye\Application\Runtime\Cache\Admin\c72f4ae3a3b9df57b6af1d5e37015864.php 第 45 行.
NOTIC: [8] Use of undefined constant time - assumed 'time' D:\phpStudy\PHPTutorial\WWW\ruopusuye\Application\Runtime\Cache\Admin\c72f4ae3a3b9df57b6af1d5e37015864.php 第 46 行.
NOTIC: [8] Use of undefined constant classification - assumed 'classification' D:\phpStudy\PHPTutorial\WWW\ruopusuye\Application\Runtime\Cache\Admin\c72f4ae3a3b9df57b6af1d5e37015864.php 第 47 行.
NOTIC: [8] Use of undefined constant abstracts - assumed 'abstracts' D:\phpStudy\PHPTutorial\WWW\ruopusuye\Application\Runtime\Cache\Admin\c72f4ae3a3b9df57b6af1d5e37015864.php 第 48 行.
NOTIC: [8] Use of undefined constant id - assumed 'id' D:\phpStudy\PHPTutorial\WWW\ruopusuye\Application\Runtime\Cache\Admin\c72f4ae3a3b9df57b6af1d5e37015864.php 第 52 行.
NOTIC: [8] Use of undefined constant id - assumed 'id' D:\phpStudy\PHPTutorial\WWW\ruopusuye\Application\Runtime\Cache\Admin\c72f4ae3a3b9df57b6af1d5e37015864.php 第 53 行.
NOTIC: [8] Use of undefined constant id - assumed 'id' D:\phpStudy\PHPTutorial\WWW\ruopusuye\Application\Runtime\Cache\Admin\c72f4ae3a3b9df57b6af1d5e37015864.php 第 56 行.
INFO: Run Behavior\ParseTemplateBehavior [ RunTime:0.010644s ]
INFO: [ view_parse ] --END-- [ RunTime:0.010684s ]
INFO: [ view_filter ] --START--
INFO: Run Behavior\WriteHtmlCacheBehavior [ RunTime:0.000950s ]
INFO: [ view_filter ] --END-- [ RunTime:0.000982s ]
INFO: [ app_end ] --START--
INFO: Run Behavior\ShowPageTraceBehavior [ RunTime:0.001119s ]
INFO: [ app_end ] --END-- [ RunTime:0.001192s ]

[ 2018-11-28T18:25:53+08:00 ] ::1 /ruopusuye/index.php/Admin/Index/newslistmod/id/65.html
INFO: [ app_init ] --START--
INFO: Run Behavior\BuildLiteBehavior [ RunTime:0.000013s ]
INFO: [ app_init ] --END-- [ RunTime:0.000502s ]
INFO: [ app_begin ] --START--
INFO: Run Behavior\ReadHtmlCacheBehavior [ RunTime:0.000842s ]
INFO: [ app_begin ] --END-- [ RunTime:0.000890s ]
SQL: SHOW COLUMNS FROM `rp_news` [ RunTime:0.0315s ]
SQL: SHOW COLUMNS FROM `rp_news` [ RunTime:0.0308s ]
SQL: SELECT * FROM `rp_news` WHERE ( id=65 ) LIMIT 1   [ RunTime:0.0298s ]
INFO: [ view_parse ] --START--
INFO: [ template_filter ] --START--
INFO: Run Behavior\ContentReplaceBehavior [ RunTime:0.000043s ]
INFO: [ template_filter ] --END-- [ RunTime:0.000080s ]
NOTIC: [8] Use of undefined constant id - assumed 'id' D:\phpStudy\PHPTutorial\WWW\ruopusuye\Application\Runtime\Cache\Admin\a4e663810083fbe9808474d317fc75f3.php 第 39 行.
NOTIC: [8] Use of undefined constant language - assumed 'language' D:\phpStudy\PHPTutorial\WWW\ruopusuye\Application\Runtime\Cache\Admin\a4e663810083fbe9808474d317fc75f3.php 第 40 行.
NOTIC: [8] Use of undefined constant title - assumed 'title' D:\phpStudy\PHPTutorial\WWW\ruopusuye\Application\Runtime\Cache\Admin\a4e663810083fbe9808474d317fc75f3.php 第 44 行.
NOTIC: [8] Use of undefined constant time - assumed 'time' D:\phpStudy\PHPTutorial\WWW\ruopusuye\Application\Runtime\Cache\Admin\a4e663810083fbe9808474d317fc75f3.php 第 50 行.
INFO: Run Behavior\ParseTemplateBehavior [ RunTime:0.007108s ]
INFO: [ view_parse ] --END-- [ RunTime:0.007145s ]
INFO: [ view_filter ] --START--
INFO: Run Behavior\WriteHtmlCacheBehavior [ RunTime:0.000705s ]
INFO: [ view_filter ] --END-- [ RunTime:0.000738s ]
INFO: [ app_end ] --START--
INFO: Run Behavior\ShowPageTraceBehavior [ RunTime:0.000804s ]
INFO: [ app_end ] --END-- [ RunTime:0.000838s ]

[ 2018-11-28T18:25:53+08:00 ] ::1 /ruopusuye/index.php/Admin/Index/save_info.html?action=config&&noCache=1543400753895
INFO: [ app_init ] --START--
INFO: Run Behavior\BuildLiteBehavior [ RunTime:0.000020s ]
INFO: [ app_init ] --END-- [ RunTime:0.000816s ]
INFO: [ app_begin ] --START--
INFO: Run Behavior\ReadHtmlCacheBehavior [ RunTime:0.000897s ]
INFO: [ app_begin ] --END-- [ RunTime:0.000951s ]
INFO: [ app_end ] --START--
INFO: Run Behavior\ShowPageTraceBehavior [ RunTime:0.000957s ]
INFO: [ app_end ] --END-- [ RunTime:0.001034s ]

[ 2018-11-28T18:26:04+08:00 ] ::1 /ruopusuye/admin/Index/newslist?language=1
INFO: [ app_init ] --START--
INFO: Run Behavior\BuildLiteBehavior [ RunTime:0.000015s ]
INFO: [ app_init ] --END-- [ RunTime:0.000696s ]
INFO: [ app_begin ] --START--
INFO: Run Behavior\ReadHtmlCacheBehavior [ RunTime:0.000718s ]
INFO: [ app_begin ] --END-- [ RunTime:0.000770s ]
SQL: SHOW COLUMNS FROM `rp_news` [ RunTime:0.0292s ]
NOTIC: [8] Undefined index: p D:\phpStudy\PHPTutorial\WWW\ruopusuye\Application\Admin\Controller\IndexController.class.php 第 352 行.
NOTIC: [8] Undefined index: keywords D:\phpStudy\PHPTutorial\WWW\ruopusuye\Application\Admin\Controller\IndexController.class.php 第 357 行.
SQL: SHOW COLUMNS FROM `rp_news` [ RunTime:0.0287s ]
SQL: SELECT * FROM `rp_news` WHERE ( language=1 ) ORDER BY id desc LIMIT 0,9   [ RunTime:0.0276s ]
SQL: SELECT COUNT(*) AS tp_count FROM `rp_news` WHERE ( language=1 ) LIMIT 1   [ RunTime:0.0283s ]
INFO: [ view_parse ] --START--
INFO: [ template_filter ] --START--
INFO: Run Behavior\ContentReplaceBehavior [ RunTime:0.000077s ]
INFO: [ template_filter ] --END-- [ RunTime:0.000160s ]
NOTIC: [8] Use of undefined constant title - assumed 'title' D:\phpStudy\PHPTutorial\WWW\ruopusuye\Application\Runtime\Cache\Admin\c72f4ae3a3b9df57b6af1d5e37015864.php 第 45 行.
NOTIC: [8] Use of undefined constant time - assumed 'time' D:\phpStudy\PHPTutorial\WWW\ruopusuye\Application\Runtime\Cache\Admin\c72f4ae3a3b9df57b6af1d5e37015864.php 第 46 行.
NOTIC: [8] Use of undefined constant classification - assumed 'classification' D:\phpStudy\PHPTutorial\WWW\ruopusuye\Application\Runtime\Cache\Admin\c72f4ae3a3b9df57b6af1d5e37015864.php 第 47 行.
NOTIC: [8] Use of undefined constant abstracts - assumed 'abstracts' D:\phpStudy\PHPTutorial\WWW\ruopusuye\Application\Runtime\Cache\Admin\c72f4ae3a3b9df57b6af1d5e37015864.php 第 48 行.
NOTIC: [8] Use of undefined constant id - assumed 'id' D:\phpStudy\PHPTutorial\WWW\ruopusuye\Application\Runtime\Cache\Admin\c72f4ae3a3b9df57b6af1d5e37015864.php 第 52 行.
NOTIC: [8] Use of undefined constant id - assumed 'id' D:\phpStudy\PHPTutorial\WWW\ruopusuye\Application\Runtime\Cache\Admin\c72f4ae3a3b9df57b6af1d5e37015864.php 第 53 行.
NOTIC: [8] Use of undefined constant title - assumed 'title' D:\phpStudy\PHPTutorial\WWW\ruopusuye\Application\Runtime\Cache\Admin\c72f4ae3a3b9df57b6af1d5e37015864.php 第 45 行.
NOTIC: [8] Use of undefined constant time - assumed 'time' D:\phpStudy\PHPTutorial\WWW\ruopusuye\Application\Runtime\Cache\Admin\c72f4ae3a3b9df57b6af1d5e37015864.php 第 46 行.
NOTIC: [8] Use of undefined constant classification - assumed 'classification' D:\phpStudy\PHPTutorial\WWW\ruopusuye\Application\Runtime\Cache\Admin\c72f4ae3a3b9df57b6af1d5e37015864.php 第 47 行.
NOTIC: [8] Use of undefined constant abstracts - assumed 'abstracts' D:\phpStudy\PHPTutorial\WWW\ruopusuye\Application\Runtime\Cache\Admin\c72f4ae3a3b9df57b6af1d5e37015864.php 第 48 行.
NOTIC: [8] Use of undefined constant id - assumed 'id' D:\phpStudy\PHPTutorial\WWW\ruopusuye\Application\Runtime\Cache\Admin\c72f4ae3a3b9df57b6af1d5e37015864.php 第 52 行.
NOTIC: [8] Use of undefined constant id - assumed 'id' D:\phpStudy\PHPTutorial\WWW\ruopusuye\Application\Runtime\Cache\Admin\c72f4ae3a3b9df57b6af1d5e37015864.php 第 53 行.
NOTIC: [8] Use of undefined constant title - assumed 'title' D:\phpStudy\PHPTutorial\WWW\ruopusuye\Application\Runtime\Cache\Admin\c72f4ae3a3b9df57b6af1d5e37015864.php 第 45 行.
NOTIC: [8] Use of undefined constant time - assumed 'time' D:\phpStudy\PHPTutorial\WWW\ruopusuye\Application\Runtime\Cache\Admin\c72f4ae3a3b9df57b6af1d5e37015864.php 第 46 行.
NOTIC: [8] Use of undefined constant classification - assumed 'classification' D:\phpStudy\PHPTutorial\WWW\ruopusuye\Application\Runtime\Cache\Admin\c72f4ae3a3b9df57b6af1d5e37015864.php 第 47 行.
NOTIC: [8] Use of undefined constant abstracts - assumed 'abstracts' D:\phpStudy\PHPTutorial\WWW\ruopusuye\Application\Runtime\Cache\Admin\c72f4ae3a3b9df57b6af1d5e37015864.php 第 48 行.
NOTIC: [8] Use of undefined constant id - assumed 'id' D:\phpStudy\PHPTutorial\WWW\ruopusuye\Application\Runtime\Cache\Admin\c72f4ae3a3b9df57b6af1d5e37015864.php 第 52 行.
NOTIC: [8] Use of undefined constant id - assumed 'id' D:\phpStudy\PHPTutorial\WWW\ruopusuye\Application\Runtime\Cache\Admin\c72f4ae3a3b9df57b6af1d5e37015864.php 第 53 行.
NOTIC: [8] Use of undefined constant title - assumed 'title' D:\phpStudy\PHPTutorial\WWW\ruopusuye\Application\Runtime\Cache\Admin\c72f4ae3a3b9df57b6af1d5e37015864.php 第 45 行.
NOTIC: [8] Use of undefined constant time - assumed 'time' D:\phpStudy\PHPTutorial\WWW\ruopusuye\Application\Runtime\Cache\Admin\c72f4ae3a3b9df57b6af1d5e37015864.php 第 46 行.
NOTIC: [8] Use of undefined constant classification - assumed 'classification' D:\phpStudy\PHPTutorial\WWW\ruopusuye\Application\Runtime\Cache\Admin\c72f4ae3a3b9df57b6af1d5e37015864.php 第 47 行.
NOTIC: [8] Use of undefined constant abstracts - assumed 'abstracts' D:\phpStudy\PHPTutorial\WWW\ruopusuye\Application\Runtime\Cache\Admin\c72f4ae3a3b9df57b6af1d5e37015864.php 第 48 行.
NOTIC: [8] Use of undefined constant id - assumed 'id' D:\phpStudy\PHPTutorial\WWW\ruopusuye\Application\Runtime\Cache\Admin\c72f4ae3a3b9df57b6af1d5e37015864.php 第 52 行.
NOTIC: [8] Use of undefined constant id - assumed 'id' D:\phpStudy\PHPTutorial\WWW\ruopusuye\Application\Runtime\Cache\Admin\c72f4ae3a3b9df57b6af1d5e37015864.php 第 53 行.
NOTIC: [8] Use of undefined constant title - assumed 'title' D:\phpStudy\PHPTutorial\WWW\ruopusuye\Application\Runtime\Cache\Admin\c72f4ae3a3b9df57b6af1d5e37015864.php 第 45 行.
NOTIC: [8] Use of undefined constant time - assumed 'time' D:\phpStudy\PHPTutorial\WWW\ruopusuye\Application\Runtime\Cache\Admin\c72f4ae3a3b9df57b6af1d5e37015864.php 第 46 行.
NOTIC: [8] Use of undefined constant classification - assumed 'classification' D:\phpStudy\PHPTutorial\WWW\ruopusuye\Application\Runtime\Cache\Admin\c72f4ae3a3b9df57b6af1d5e37015864.php 第 47 行.
NOTIC: [8] Use of undefined constant abstracts - assumed 'abstracts' D:\phpStudy\PHPTutorial\WWW\ruopusuye\Application\Runtime\Cache\Admin\c72f4ae3a3b9df57b6af1d5e37015864.php 第 48 行.
NOTIC: [8] Use of undefined constant id - assumed 'id' D:\phpStudy\PHPTutorial\WWW\ruopusuye\Application\Runtime\Cache\Admin\c72f4ae3a3b9df57b6af1d5e37015864.php 第 52 行.
NOTIC: [8] Use of undefined constant id - assumed 'id' D:\phpStudy\PHPTutorial\WWW\ruopusuye\Application\Runtime\Cache\Admin\c72f4ae3a3b9df57b6af1d5e37015864.php 第 53 行.
NOTIC: [8] Use of undefined constant title - assumed 'title' D:\phpStudy\PHPTutorial\WWW\ruopusuye\Application\Runtime\Cache\Admin\c72f4ae3a3b9df57b6af1d5e37015864.php 第 45 行.
NOTIC: [8] Use of undefined constant time - assumed 'time' D:\phpStudy\PHPTutorial\WWW\ruopusuye\Application\Runtime\Cache\Admin\c72f4ae3a3b9df57b6af1d5e37015864.php 第 46 行.
NOTIC: [8] Use of undefined constant classification - assumed 'classification' D:\phpStudy\PHPTutorial\WWW\ruopusuye\Application\Runtime\Cache\Admin\c72f4ae3a3b9df57b6af1d5e37015864.php 第 47 行.
NOTIC: [8] Use of undefined constant abstracts - assumed 'abstracts' D:\phpStudy\PHPTutorial\WWW\ruopusuye\Application\Runtime\Cache\Admin\c72f4ae3a3b9df57b6af1d5e37015864.php 第 48 行.
NOTIC: [8] Use of undefined constant id - assumed 'id' D:\phpStudy\PHPTutorial\WWW\ruopusuye\Application\Runtime\Cache\Admin\c72f4ae3a3b9df57b6af1d5e37015864.php 第 52 行.
NOTIC: [8] Use of undefined constant id - assumed 'id' D:\phpStudy\PHPTutorial\WWW\ruopusuye\Application\Runtime\Cache\Admin\c72f4ae3a3b9df57b6af1d5e37015864.php 第 53 行.
NOTIC: [8] Use of undefined constant title - assumed 'title' D:\phpStudy\PHPTutorial\WWW\ruopusuye\Application\Runtime\Cache\Admin\c72f4ae3a3b9df57b6af1d5e37015864.php 第 45 行.
NOTIC: [8] Use of undefined constant time - assumed 'time' D:\phpStudy\PHPTutorial\WWW\ruopusuye\Application\Runtime\Cache\Admin\c72f4ae3a3b9df57b6af1d5e37015864.php 第 46 行.
NOTIC: [8] Use of undefined constant classification - assumed 'classification' D:\phpStudy\PHPTutorial\WWW\ruopusuye\Application\Runtime\Cache\Admin\c72f4ae3a3b9df57b6af1d5e37015864.php 第 47 行.
NOTIC: [8] Use of undefined constant abstracts - assumed 'abstracts' D:\phpStudy\PHPTutorial\WWW\ruopusuye\Application\Runtime\Cache\Admin\c72f4ae3a3b9df57b6af1d5e37015864.php 第 48 行.
NOTIC: [8] Use of undefined constant id - assumed 'id' D:\phpStudy\PHPTutorial\WWW\ruopusuye\Application\Runtime\Cache\Admin\c72f4ae3a3b9df57b6af1d5e37015864.php 第 52 行.
NOTIC: [8] Use of undefined constant id - assumed 'id' D:\phpStudy\PHPTutorial\WWW\ruopusuye\Application\Runtime\Cache\Admin\c72f4ae3a3b9df57b6af1d5e37015864.php 第 53 行.
NOTIC: [8] Use of undefined constant title - assumed 'title' D:\phpStudy\PHPTutorial\WWW\ruopusuye\Application\Runtime\Cache\Admin\c72f4ae3a3b9df57b6af1d5e37015864.php 第 45 行.
NOTIC: [8] Use of undefined constant time - assumed 'time' D:\phpStudy\PHPTutorial\WWW\ruopusuye\Application\Runtime\Cache\Admin\c72f4ae3a3b9df57b6af1d5e37015864.php 第 46 行.
NOTIC: [8] Use of undefined constant classification - assumed 'classification' D:\phpStudy\PHPTutorial\WWW\ruopusuye\Application\Runtime\Cache\Admin\c72f4ae3a3b9df57b6af1d5e37015864.php 第 47 行.
NOTIC: [8] Use of undefined constant abstracts - assumed 'abstracts' D:\phpStudy\PHPTutorial\WWW\ruopusuye\Application\Runtime\Cache\Admin\c72f4ae3a3b9df57b6af1d5e37015864.php 第 48 行.
NOTIC: [8] Use of undefined constant id - assumed 'id' D:\phpStudy\PHPTutorial\WWW\ruopusuye\Application\Runtime\Cache\Admin\c72f4ae3a3b9df57b6af1d5e37015864.php 第 52 行.
NOTIC: [8] Use of undefined constant id - assumed 'id' D:\phpStudy\PHPTutorial\WWW\ruopusuye\Application\Runtime\Cache\Admin\c72f4ae3a3b9df57b6af1d5e37015864.php 第 53 行.
NOTIC: [8] Use of undefined constant title - assumed 'title' D:\phpStudy\PHPTutorial\WWW\ruopusuye\Application\Runtime\Cache\Admin\c72f4ae3a3b9df57b6af1d5e37015864.php 第 45 行.
NOTIC: [8] Use of undefined constant time - assumed 'time' D:\phpStudy\PHPTutorial\WWW\ruopusuye\Application\Runtime\Cache\Admin\c72f4ae3a3b9df57b6af1d5e37015864.php 第 46 行.
NOTIC: [8] Use of undefined constant classification - assumed 'classification' D:\phpStudy\PHPTutorial\WWW\ruopusuye\Application\Runtime\Cache\Admin\c72f4ae3a3b9df57b6af1d5e37015864.php 第 47 行.
NOTIC: [8] Use of undefined constant abstracts - assumed 'abstracts' D:\phpStudy\PHPTutorial\WWW\ruopusuye\Application\Runtime\Cache\Admin\c72f4ae3a3b9df57b6af1d5e37015864.php 第 48 行.
NOTIC: [8] Use of undefined constant id - assumed 'id' D:\phpStudy\PHPTutorial\WWW\ruopusuye\Application\Runtime\Cache\Admin\c72f4ae3a3b9df57b6af1d5e37015864.php 第 52 行.
NOTIC: [8] Use of undefined constant id - assumed 'id' D:\phpStudy\PHPTutorial\WWW\ruopusuye\Application\Runtime\Cache\Admin\c72f4ae3a3b9df57b6af1d5e37015864.php 第 53 行.
NOTIC: [8] Use of undefined constant id - assumed 'id' D:\phpStudy\PHPTutorial\WWW\ruopusuye\Application\Runtime\Cache\Admin\c72f4ae3a3b9df57b6af1d5e37015864.php 第 56 行.
INFO: Run Behavior\ParseTemplateBehavior [ RunTime:0.018607s ]
INFO: [ view_parse ] --END-- [ RunTime:0.018684s ]
INFO: [ view_filter ] --START--
INFO: Run Behavior\WriteHtmlCacheBehavior [ RunTime:0.000957s ]
INFO: [ view_filter ] --END-- [ RunTime:0.001023s ]
INFO: [ app_end ] --START--
INFO: Run Behavior\ShowPageTraceBehavior [ RunTime:0.002145s ]
INFO: [ app_end ] --END-- [ RunTime:0.002295s ]

[ 2018-11-28T18:26:10+08:00 ] ::1 /ruopusuye/admin/Index/newslist?language=0
INFO: [ app_init ] --START--
INFO: Run Behavior\BuildLiteBehavior [ RunTime:0.000014s ]
INFO: [ app_init ] --END-- [ RunTime:0.000554s ]
INFO: [ app_begin ] --START--
INFO: Run Behavior\ReadHtmlCacheBehavior [ RunTime:0.000698s ]
INFO: [ app_begin ] --END-- [ RunTime:0.000752s ]
SQL: SHOW COLUMNS FROM `rp_news` [ RunTime:0.0325s ]
NOTIC: [8] Undefined index: p D:\phpStudy\PHPTutorial\WWW\ruopusuye\Application\Admin\Controller\IndexController.class.php 第 352 行.
NOTIC: [8] Undefined index: keywords D:\phpStudy\PHPTutorial\WWW\ruopusuye\Application\Admin\Controller\IndexController.class.php 第 357 行.
SQL: SHOW COLUMNS FROM `rp_news` [ RunTime:0.0327s ]
SQL: SELECT * FROM `rp_news` WHERE ( language=0 ) ORDER BY id desc LIMIT 0,9   [ RunTime:0.0298s ]
SQL: SELECT COUNT(*) AS tp_count FROM `rp_news` WHERE ( language=0 ) LIMIT 1   [ RunTime:0.0303s ]
INFO: [ view_parse ] --START--
INFO: [ template_filter ] --START--
INFO: Run Behavior\ContentReplaceBehavior [ RunTime:0.000035s ]
INFO: [ template_filter ] --END-- [ RunTime:0.000074s ]
NOTIC: [8] Use of undefined constant title - assumed 'title' D:\phpStudy\PHPTutorial\WWW\ruopusuye\Application\Runtime\Cache\Admin\c72f4ae3a3b9df57b6af1d5e37015864.php 第 45 行.
NOTIC: [8] Use of undefined constant time - assumed 'time' D:\phpStudy\PHPTutorial\WWW\ruopusuye\Application\Runtime\Cache\Admin\c72f4ae3a3b9df57b6af1d5e37015864.php 第 46 行.
NOTIC: [8] Use of undefined constant classification - assumed 'classification' D:\phpStudy\PHPTutorial\WWW\ruopusuye\Application\Runtime\Cache\Admin\c72f4ae3a3b9df57b6af1d5e37015864.php 第 47 行.
NOTIC: [8] Use of undefined constant abstracts - assumed 'abstracts' D:\phpStudy\PHPTutorial\WWW\ruopusuye\Application\Runtime\Cache\Admin\c72f4ae3a3b9df57b6af1d5e37015864.php 第 48 行.
NOTIC: [8] Use of undefined constant id - assumed 'id' D:\phpStudy\PHPTutorial\WWW\ruopusuye\Application\Runtime\Cache\Admin\c72f4ae3a3b9df57b6af1d5e37015864.php 第 52 行.
NOTIC: [8] Use of undefined constant id - assumed 'id' D:\phpStudy\PHPTutorial\WWW\ruopusuye\Application\Runtime\Cache\Admin\c72f4ae3a3b9df57b6af1d5e37015864.php 第 53 行.
NOTIC: [8] Use of undefined constant title - assumed 'title' D:\phpStudy\PHPTutorial\WWW\ruopusuye\Application\Runtime\Cache\Admin\c72f4ae3a3b9df57b6af1d5e37015864.php 第 45 行.
NOTIC: [8] Use of undefined constant time - assumed 'time' D:\phpStudy\PHPTutorial\WWW\ruopusuye\Application\Runtime\Cache\Admin\c72f4ae3a3b9df57b6af1d5e37015864.php 第 46 行.
NOTIC: [8] Use of undefined constant classification - assumed 'classification' D:\phpStudy\PHPTutorial\WWW\ruopusuye\Application\Runtime\Cache\Admin\c72f4ae3a3b9df57b6af1d5e37015864.php 第 47 行.
NOTIC: [8] Use of undefined constant abstracts - assumed 'abstracts' D:\phpStudy\PHPTutorial\WWW\ruopusuye\Application\Runtime\Cache\Admin\c72f4ae3a3b9df57b6af1d5e37015864.php 第 48 行.
NOTIC: [8] Use of undefined constant id - assumed 'id' D:\phpStudy\PHPTutorial\WWW\ruopusuye\Application\Runtime\Cache\Admin\c72f4ae3a3b9df57b6af1d5e37015864.php 第 52 行.
NOTIC: [8] Use of undefined constant id - assumed 'id' D:\phpStudy\PHPTutorial\WWW\ruopusuye\Application\Runtime\Cache\Admin\c72f4ae3a3b9df57b6af1d5e37015864.php 第 53 行.
NOTIC: [8] Use of undefined constant title - assumed 'title' D:\phpStudy\PHPTutorial\WWW\ruopusuye\Application\Runtime\Cache\Admin\c72f4ae3a3b9df57b6af1d5e37015864.php 第 45 行.
NOTIC: [8] Use of undefined constant time - assumed 'time' D:\phpStudy\PHPTutorial\WWW\ruopusuye\Application\Runtime\Cache\Admin\c72f4ae3a3b9df57b6af1d5e37015864.php 第 46 行.
NOTIC: [8] Use of undefined constant classification - assumed 'classification' D:\phpStudy\PHPTutorial\WWW\ruopusuye\Application\Runtime\Cache\Admin\c72f4ae3a3b9df57b6af1d5e37015864.php 第 47 行.
NOTIC: [8] Use of undefined constant abstracts - assumed 'abstracts' D:\phpStudy\PHPTutorial\WWW\ruopusuye\Application\Runtime\Cache\Admin\c72f4ae3a3b9df57b6af1d5e37015864.php 第 48 行.
NOTIC: [8] Use of undefined constant id - assumed 'id' D:\phpStudy\PHPTutorial\WWW\ruopusuye\Application\Runtime\Cache\Admin\c72f4ae3a3b9df57b6af1d5e37015864.php 第 52 行.
NOTIC: [8] Use of undefined constant id - assumed 'id' D:\phpStudy\PHPTutorial\WWW\ruopusuye\Application\Runtime\Cache\Admin\c72f4ae3a3b9df57b6af1d5e37015864.php 第 53 行.
NOTIC: [8] Use of undefined constant title - assumed 'title' D:\phpStudy\PHPTutorial\WWW\ruopusuye\Application\Runtime\Cache\Admin\c72f4ae3a3b9df57b6af1d5e37015864.php 第 45 行.
NOTIC: [8] Use of undefined constant time - assumed 'time' D:\phpStudy\PHPTutorial\WWW\ruopusuye\Application\Runtime\Cache\Admin\c72f4ae3a3b9df57b6af1d5e37015864.php 第 46 行.
NOTIC: [8] Use of undefined constant classification - assumed 'classification' D:\phpStudy\PHPTutorial\WWW\ruopusuye\Application\Runtime\Cache\Admin\c72f4ae3a3b9df57b6af1d5e37015864.php 第 47 行.
NOTIC: [8] Use of undefined constant abstracts - assumed 'abstracts' D:\phpStudy\PHPTutorial\WWW\ruopusuye\Application\Runtime\Cache\Admin\c72f4ae3a3b9df57b6af1d5e37015864.php 第 48 行.
NOTIC: [8] Use of undefined constant id - assumed 'id' D:\phpStudy\PHPTutorial\WWW\ruopusuye\Application\Runtime\Cache\Admin\c72f4ae3a3b9df57b6af1d5e37015864.php 第 52 行.
NOTIC: [8] Use of undefined constant id - assumed 'id' D:\phpStudy\PHPTutorial\WWW\ruopusuye\Application\Runtime\Cache\Admin\c72f4ae3a3b9df57b6af1d5e37015864.php 第 53 行.
NOTIC: [8] Use of undefined constant title - assumed 'title' D:\phpStudy\PHPTutorial\WWW\ruopusuye\Application\Runtime\Cache\Admin\c72f4ae3a3b9df57b6af1d5e37015864.php 第 45 行.
NOTIC: [8] Use of undefined constant time - assumed 'time' D:\phpStudy\PHPTutorial\WWW\ruopusuye\Application\Runtime\Cache\Admin\c72f4ae3a3b9df57b6af1d5e37015864.php 第 46 行.
NOTIC: [8] Use of undefined constant classification - assumed 'classification' D:\phpStudy\PHPTutorial\WWW\ruopusuye\Application\Runtime\Cache\Admin\c72f4ae3a3b9df57b6af1d5e37015864.php 第 47 行.
NOTIC: [8] Use of undefined constant abstracts - assumed 'abstracts' D:\phpStudy\PHPTutorial\WWW\ruopusuye\Application\Runtime\Cache\Admin\c72f4ae3a3b9df57b6af1d5e37015864.php 第 48 行.
NOTIC: [8] Use of undefined constant id - assumed 'id' D:\phpStudy\PHPTutorial\WWW\ruopusuye\Application\Runtime\Cache\Admin\c72f4ae3a3b9df57b6af1d5e37015864.php 第 52 行.
NOTIC: [8] Use of undefined constant id - assumed 'id' D:\phpStudy\PHPTutorial\WWW\ruopusuye\Application\Runtime\Cache\Admin\c72f4ae3a3b9df57b6af1d5e37015864.php 第 53 行.
NOTIC: [8] Use of undefined constant title - assumed 'title' D:\phpStudy\PHPTutorial\WWW\ruopusuye\Application\Runtime\Cache\Admin\c72f4ae3a3b9df57b6af1d5e37015864.php 第 45 行.
NOTIC: [8] Use of undefined constant time - assumed 'time' D:\phpStudy\PHPTutorial\WWW\ruopusuye\Application\Runtime\Cache\Admin\c72f4ae3a3b9df57b6af1d5e37015864.php 第 46 行.
NOTIC: [8] Use of undefined constant classification - assumed 'classification' D:\phpStudy\PHPTutorial\WWW\ruopusuye\Application\Runtime\Cache\Admin\c72f4ae3a3b9df57b6af1d5e37015864.php 第 47 行.
NOTIC: [8] Use of undefined constant abstracts - assumed 'abstracts' D:\phpStudy\PHPTutorial\WWW\ruopusuye\Application\Runtime\Cache\Admin\c72f4ae3a3b9df57b6af1d5e37015864.php 第 48 行.
NOTIC: [8] Use of undefined constant id - assumed 'id' D:\phpStudy\PHPTutorial\WWW\ruopusuye\Application\Runtime\Cache\Admin\c72f4ae3a3b9df57b6af1d5e37015864.php 第 52 行.
NOTIC: [8] Use of undefined constant id - assumed 'id' D:\phpStudy\PHPTutorial\WWW\ruopusuye\Application\Runtime\Cache\Admin\c72f4ae3a3b9df57b6af1d5e37015864.php 第 53 行.
NOTIC: [8] Use of undefined constant title - assumed 'title' D:\phpStudy\PHPTutorial\WWW\ruopusuye\Application\Runtime\Cache\Admin\c72f4ae3a3b9df57b6af1d5e37015864.php 第 45 行.
NOTIC: [8] Use of undefined constant time - assumed 'time' D:\phpStudy\PHPTutorial\WWW\ruopusuye\Application\Runtime\Cache\Admin\c72f4ae3a3b9df57b6af1d5e37015864.php 第 46 行.
NOTIC: [8] Use of undefined constant classification - assumed 'classification' D:\phpStudy\PHPTutorial\WWW\ruopusuye\Application\Runtime\Cache\Admin\c72f4ae3a3b9df57b6af1d5e37015864.php 第 47 行.
NOTIC: [8] Use of undefined constant abstracts - assumed 'abstracts' D:\phpStudy\PHPTutorial\WWW\ruopusuye\Application\Runtime\Cache\Admin\c72f4ae3a3b9df57b6af1d5e37015864.php 第 48 行.
NOTIC: [8] Use of undefined constant id - assumed 'id' D:\phpStudy\PHPTutorial\WWW\ruopusuye\Application\Runtime\Cache\Admin\c72f4ae3a3b9df57b6af1d5e37015864.php 第 52 行.
NOTIC: [8] Use of undefined constant id - assumed 'id' D:\phpStudy\PHPTutorial\WWW\ruopusuye\Application\Runtime\Cache\Admin\c72f4ae3a3b9df57b6af1d5e37015864.php 第 53 行.
NOTIC: [8] Use of undefined constant title - assumed 'title' D:\phpStudy\PHPTutorial\WWW\ruopusuye\Application\Runtime\Cache\Admin\c72f4ae3a3b9df57b6af1d5e37015864.php 第 45 行.
NOTIC: [8] Use of undefined constant time - assumed 'time' D:\phpStudy\PHPTutorial\WWW\ruopusuye\Application\Runtime\Cache\Admin\c72f4ae3a3b9df57b6af1d5e37015864.php 第 46 行.
NOTIC: [8] Use of undefined constant classification - assumed 'classification' D:\phpStudy\PHPTutorial\WWW\ruopusuye\Application\Runtime\Cache\Admin\c72f4ae3a3b9df57b6af1d5e37015864.php 第 47 行.
NOTIC: [8] Use of undefined constant abstracts - assumed 'abstracts' D:\phpStudy\PHPTutorial\WWW\ruopusuye\Application\Runtime\Cache\Admin\c72f4ae3a3b9df57b6af1d5e37015864.php 第 48 行.
NOTIC: [8] Use of undefined constant id - assumed 'id' D:\phpStudy\PHPTutorial\WWW\ruopusuye\Application\Runtime\Cache\Admin\c72f4ae3a3b9df57b6af1d5e37015864.php 第 52 行.
NOTIC: [8] Use of undefined constant id - assumed 'id' D:\phpStudy\PHPTutorial\WWW\ruopusuye\Application\Runtime\Cache\Admin\c72f4ae3a3b9df57b6af1d5e37015864.php 第 53 行.
NOTIC: [8] Use of undefined constant title - assumed 'title' D:\phpStudy\PHPTutorial\WWW\ruopusuye\Application\Runtime\Cache\Admin\c72f4ae3a3b9df57b6af1d5e37015864.php 第 45 行.
NOTIC: [8] Use of undefined constant time - assumed 'time' D:\phpStudy\PHPTutorial\WWW\ruopusuye\Application\Runtime\Cache\Admin\c72f4ae3a3b9df57b6af1d5e37015864.php 第 46 行.
NOTIC: [8] Use of undefined constant classification - assumed 'classification' D:\phpStudy\PHPTutorial\WWW\ruopusuye\Application\Runtime\Cache\Admin\c72f4ae3a3b9df57b6af1d5e37015864.php 第 47 行.
NOTIC: [8] Use of undefined constant abstracts - assumed 'abstracts' D:\phpStudy\PHPTutorial\WWW\ruopusuye\Application\Runtime\Cache\Admin\c72f4ae3a3b9df57b6af1d5e37015864.php 第 48 行.
NOTIC: [8] Use of undefined constant id - assumed 'id' D:\phpStudy\PHPTutorial\WWW\ruopusuye\Application\Runtime\Cache\Admin\c72f4ae3a3b9df57b6af1d5e37015864.php 第 52 行.
NOTIC: [8] Use of undefined constant id - assumed 'id' D:\phpStudy\PHPTutorial\WWW\ruopusuye\Application\Runtime\Cache\Admin\c72f4ae3a3b9df57b6af1d5e37015864.php 第 53 行.
NOTIC: [8] Use of undefined constant id - assumed 'id' D:\phpStudy\PHPTutorial\WWW\ruopusuye\Application\Runtime\Cache\Admin\c72f4ae3a3b9df57b6af1d5e37015864.php 第 56 行.
INFO: Run Behavior\ParseTemplateBehavior [ RunTime:0.007389s ]
INFO: [ view_parse ] --END-- [ RunTime:0.007435s ]
INFO: [ view_filter ] --START--
INFO: Run Behavior\WriteHtmlCacheBehavior [ RunTime:0.000459s ]
INFO: [ view_filter ] --END-- [ RunTime:0.000488s ]
INFO: [ app_end ] --START--
INFO: Run Behavior\ShowPageTraceBehavior [ RunTime:0.000893s ]
INFO: [ app_end ] --END-- [ RunTime:0.000950s ]

[ 2018-11-28T18:26:12+08:00 ] ::1 /ruopusuye/index.php/Admin/Index/newslistmod/id/64.html
INFO: [ app_init ] --START--
INFO: Run Behavior\BuildLiteBehavior [ RunTime:0.000022s ]
INFO: [ app_init ] --END-- [ RunTime:0.000672s ]
INFO: [ app_begin ] --START--
INFO: Run Behavior\ReadHtmlCacheBehavior [ RunTime:0.000669s ]
INFO: [ app_begin ] --END-- [ RunTime:0.000718s ]
SQL: SHOW COLUMNS FROM `rp_news` [ RunTime:0.0288s ]
SQL: SHOW COLUMNS FROM `rp_news` [ RunTime:0.0291s ]
SQL: SELECT * FROM `rp_news` WHERE ( id=64 ) LIMIT 1   [ RunTime:0.0283s ]
INFO: [ view_parse ] --START--
INFO: [ template_filter ] --START--
INFO: Run Behavior\ContentReplaceBehavior [ RunTime:0.000044s ]
INFO: [ template_filter ] --END-- [ RunTime:0.000080s ]
NOTIC: [8] Use of undefined constant id - assumed 'id' D:\phpStudy\PHPTutorial\WWW\ruopusuye\Application\Runtime\Cache\Admin\a4e663810083fbe9808474d317fc75f3.php 第 39 行.
NOTIC: [8] Use of undefined constant language - assumed 'language' D:\phpStudy\PHPTutorial\WWW\ruopusuye\Application\Runtime\Cache\Admin\a4e663810083fbe9808474d317fc75f3.php 第 40 行.
NOTIC: [8] Use of undefined constant title - assumed 'title' D:\phpStudy\PHPTutorial\WWW\ruopusuye\Application\Runtime\Cache\Admin\a4e663810083fbe9808474d317fc75f3.php 第 44 行.
NOTIC: [8] Use of undefined constant time - assumed 'time' D:\phpStudy\PHPTutorial\WWW\ruopusuye\Application\Runtime\Cache\Admin\a4e663810083fbe9808474d317fc75f3.php 第 50 行.
NOTIC: [2] date() expects parameter 2 to be long, string given D:\phpStudy\PHPTutorial\WWW\ruopusuye\Application\Runtime\Cache\Admin\a4e663810083fbe9808474d317fc75f3.php 第 50 行.
INFO: Run Behavior\ParseTemplateBehavior [ RunTime:0.006227s ]
INFO: [ view_parse ] --END-- [ RunTime:0.006262s ]
INFO: [ view_filter ] --START--
INFO: Run Behavior\WriteHtmlCacheBehavior [ RunTime:0.000399s ]
INFO: [ view_filter ] --END-- [ RunTime:0.000425s ]
INFO: [ app_end ] --START--
INFO: Run Behavior\ShowPageTraceBehavior [ RunTime:0.000582s ]
INFO: [ app_end ] --END-- [ RunTime:0.000612s ]

[ 2018-11-28T18:26:12+08:00 ] ::1 /ruopusuye/index.php/Admin/Index/save_info.html?action=config&&noCache=1543400772539
INFO: [ app_init ] --START--
INFO: Run Behavior\BuildLiteBehavior [ RunTime:0.000103s ]
INFO: [ app_init ] --END-- [ RunTime:0.000648s ]
INFO: [ app_begin ] --START--
INFO: Run Behavior\ReadHtmlCacheBehavior [ RunTime:0.001124s ]
INFO: [ app_begin ] --END-- [ RunTime:0.001204s ]
INFO: [ app_end ] --START--
INFO: Run Behavior\ShowPageTraceBehavior [ RunTime:0.001601s ]
INFO: [ app_end ] --END-- [ RunTime:0.001704s ]

